mode: set
github.com/dmytrogajewski/spin/internal/auth/auth.go:51.38,52.16 1 1
github.com/dmytrogajewski/spin/internal/auth/auth.go:53.49,54.20 1 1
github.com/dmytrogajewski/spin/internal/auth/auth.go:54.20,56.4 1 1
github.com/dmytrogajewski/spin/internal/auth/auth.go:57.26,57.26 0 1
github.com/dmytrogajewski/spin/internal/auth/auth.go:59.10,60.59 1 1
github.com/dmytrogajewski/spin/internal/auth/auth.go:62.2,62.12 1 1
github.com/dmytrogajewski/spin/internal/auth/auth.go:80.42,81.12 1 1
github.com/dmytrogajewski/spin/internal/auth/auth.go:82.26,83.16 1 1
github.com/dmytrogajewski/spin/internal/auth/auth.go:84.28,85.18 1 1
github.com/dmytrogajewski/spin/internal/auth/auth.go:86.27,87.17 1 1
github.com/dmytrogajewski/spin/internal/auth/auth.go:88.10,89.40 1 1
github.com/dmytrogajewski/spin/internal/auth/auth.go:110.45,112.2 1 1
github.com/dmytrogajewski/spin/internal/auth/auth.go:115.91,117.34 1 1
github.com/dmytrogajewski/spin/internal/auth/auth.go:117.34,119.3 1 1
github.com/dmytrogajewski/spin/internal/auth/auth.go:122.2,126.16 3 1
github.com/dmytrogajewski/spin/internal/auth/auth.go:126.16,127.34 1 1
github.com/dmytrogajewski/spin/internal/auth/auth.go:127.34,129.4 1 1
github.com/dmytrogajewski/spin/internal/auth/auth.go:130.3,130.61 1 1
github.com/dmytrogajewski/spin/internal/auth/auth.go:134.2,134.31 1 1
github.com/dmytrogajewski/spin/internal/auth/auth.go:138.94,140.34 1 1
github.com/dmytrogajewski/spin/internal/auth/auth.go:140.34,142.3 1 1
github.com/dmytrogajewski/spin/internal/auth/auth.go:145.2,145.40 1 1
github.com/dmytrogajewski/spin/internal/auth/auth.go:145.40,147.3 1 1
github.com/dmytrogajewski/spin/internal/auth/auth.go:150.2,154.71 3 1
github.com/dmytrogajewski/spin/internal/auth/auth.go:154.71,156.3 1 1
github.com/dmytrogajewski/spin/internal/auth/auth.go:158.2,158.12 1 1
github.com/dmytrogajewski/spin/internal/auth/auth.go:162.80,164.34 1 1
github.com/dmytrogajewski/spin/internal/auth/auth.go:164.34,166.3 1 1
github.com/dmytrogajewski/spin/internal/auth/auth.go:169.2,172.67 2 1
github.com/dmytrogajewski/spin/internal/auth/auth.go:172.67,174.3 1 1
github.com/dmytrogajewski/spin/internal/auth/auth.go:176.2,176.12 1 1
github.com/dmytrogajewski/spin/internal/auth/auth.go:180.72,182.34 1 1
github.com/dmytrogajewski/spin/internal/auth/auth.go:182.34,184.3 1 1
github.com/dmytrogajewski/spin/internal/auth/auth.go:187.2,188.16 2 1
github.com/dmytrogajewski/spin/internal/auth/auth.go:188.16,190.3 1 1
github.com/dmytrogajewski/spin/internal/auth/auth.go:193.2,196.27 3 1
github.com/dmytrogajewski/spin/internal/auth/auth.go:196.27,197.37 1 1
github.com/dmytrogajewski/spin/internal/auth/auth.go:197.37,200.4 2 1
github.com/dmytrogajewski/spin/internal/auth/auth.go:203.2,203.23 1 1
github.com/dmytrogajewski/spin/internal/auth/auth.go:207.44,209.2 1 1
github.com/dmytrogajewski/spin/internal/auth/auth.go:212.48,214.2 1 1
github.com/dmytrogajewski/spin/internal/auth/auth.go:219.47,221.2 1 1
github.com/dmytrogajewski/spin/internal/auth/auth.go:226.52,228.21 2 1
github.com/dmytrogajewski/spin/internal/auth/auth.go:228.21,230.3 1 1
github.com/dmytrogajewski/spin/internal/auth/auth.go:232.2,236.18 4 1
github.com/dmytrogajewski/spin/internal/auth/auth.go:237.14,238.27 1 1
github.com/dmytrogajewski/spin/internal/auth/auth.go:239.16,240.29 1 1
github.com/dmytrogajewski/spin/internal/auth/auth.go:241.15,242.28 1 1
github.com/dmytrogajewski/spin/internal/auth/auth.go:243.10,244.75 1 0
github.com/dmytrogajewski/spin/internal/auth/auth.go:247.2,250.8 1 1
github.com/dmytrogajewski/spin/internal/auth/keystore.go:51.29,53.2 1 0
github.com/dmytrogajewski/spin/internal/auth/keystore_linux.go:29.37,30.33 1 1
github.com/dmytrogajewski/spin/internal/auth/keystore_linux.go:30.33,33.3 1 0
github.com/dmytrogajewski/spin/internal/auth/keystore_linux.go:34.2,34.25 1 1
github.com/dmytrogajewski/spin/internal/auth/keystore_linux.go:40.57,42.16 2 1
github.com/dmytrogajewski/spin/internal/auth/keystore_linux.go:42.16,43.42 1 1
github.com/dmytrogajewski/spin/internal/auth/keystore_linux.go:43.42,45.4 1 1
github.com/dmytrogajewski/spin/internal/auth/keystore_linux.go:46.3,46.48 1 0
github.com/dmytrogajewski/spin/internal/auth/keystore_linux.go:48.2,48.19 1 1
github.com/dmytrogajewski/spin/internal/auth/keystore_linux.go:54.54,55.61 1 1
github.com/dmytrogajewski/spin/internal/auth/keystore_linux.go:55.61,57.3 1 0
github.com/dmytrogajewski/spin/internal/auth/keystore_linux.go:58.2,58.12 1 1
github.com/dmytrogajewski/spin/internal/auth/keystore_linux.go:64.50,66.56 2 1
github.com/dmytrogajewski/spin/internal/auth/keystore_linux.go:66.56,68.3 1 0
github.com/dmytrogajewski/spin/internal/auth/keystore_linux.go:69.2,69.12 1 1
github.com/dmytrogajewski/spin/internal/auth/keystore_linux.go:76.50,78.2 1 1
github.com/dmytrogajewski/spin/internal/auth/keystore_linux.go:84.38,89.56 2 1
github.com/dmytrogajewski/spin/internal/auth/keystore_linux.go:89.56,91.3 1 0
github.com/dmytrogajewski/spin/internal/auth/keystore_linux.go:92.2,92.13 1 1
github.com/dmytrogajewski/spin/internal/auth/keystore_memory.go:13.35,17.2 1 0
github.com/dmytrogajewski/spin/internal/auth/keystore_memory.go:20.58,25.13 4 0
github.com/dmytrogajewski/spin/internal/auth/keystore_memory.go:25.13,27.3 1 0
github.com/dmytrogajewski/spin/internal/auth/keystore_memory.go:28.2,28.19 1 0
github.com/dmytrogajewski/spin/internal/auth/keystore_memory.go:32.55,38.2 4 0
github.com/dmytrogajewski/spin/internal/auth/keystore_memory.go:41.51,47.2 4 0
github.com/dmytrogajewski/spin/internal/auth/keystore_memory.go:50.51,55.24 4 0
github.com/dmytrogajewski/spin/internal/auth/keystore_memory.go:55.24,57.3 1 0
github.com/dmytrogajewski/spin/internal/auth/keystore_memory.go:58.2,58.18 1 0
