mode: set
github.com/dmytrogajewski/spin/internal/ui/blocks/metadata.go:33.40,34.21 1 1
github.com/dmytrogajewski/spin/internal/ui/blocks/metadata.go:34.21,36.3 1 1
github.com/dmytrogajewski/spin/internal/ui/blocks/metadata.go:37.2,37.17 1 1
github.com/dmytrogajewski/spin/internal/ui/blocks/metadata.go:37.17,39.3 1 1
github.com/dmytrogajewski/spin/internal/ui/blocks/metadata.go:40.2,40.69 1 1
github.com/dmytrogajewski/spin/internal/ui/blocks/metadata.go:40.69,42.3 1 1
github.com/dmytrogajewski/spin/internal/ui/blocks/metadata.go:43.2,43.42 1 1
github.com/dmytrogajewski/spin/internal/ui/blocks/metadata.go:43.42,45.3 1 1
github.com/dmytrogajewski/spin/internal/ui/blocks/metadata.go:46.2,46.46 1 1
github.com/dmytrogajewski/spin/internal/ui/blocks/metadata.go:46.46,48.3 1 1
github.com/dmytrogajewski/spin/internal/ui/blocks/metadata.go:49.2,49.42 1 1
github.com/dmytrogajewski/spin/internal/ui/blocks/metadata.go:49.42,51.3 1 0
github.com/dmytrogajewski/spin/internal/ui/blocks/metadata.go:52.2,52.12 1 1
github.com/dmytrogajewski/spin/internal/ui/blocks/metadata.go:68.37,69.18 1 1
github.com/dmytrogajewski/spin/internal/ui/blocks/metadata.go:69.18,71.3 1 1
github.com/dmytrogajewski/spin/internal/ui/blocks/metadata.go:72.2,72.18 1 1
github.com/dmytrogajewski/spin/internal/ui/blocks/metadata.go:72.18,74.3 1 1
github.com/dmytrogajewski/spin/internal/ui/blocks/metadata.go:75.2,75.17 1 1
github.com/dmytrogajewski/spin/internal/ui/blocks/metadata.go:75.17,77.3 1 1
github.com/dmytrogajewski/spin/internal/ui/blocks/metadata.go:78.2,78.12 1 1
github.com/dmytrogajewski/spin/internal/ui/blocks/metadata.go:94.37,95.21 1 1
github.com/dmytrogajewski/spin/internal/ui/blocks/metadata.go:95.21,97.3 1 1
github.com/dmytrogajewski/spin/internal/ui/blocks/metadata.go:98.2,98.80 1 1
github.com/dmytrogajewski/spin/internal/ui/blocks/metadata.go:98.80,100.3 1 1
github.com/dmytrogajewski/spin/internal/ui/blocks/metadata.go:101.2,101.19 1 1
github.com/dmytrogajewski/spin/internal/ui/blocks/metadata.go:101.19,103.3 1 1
github.com/dmytrogajewski/spin/internal/ui/blocks/metadata.go:104.2,104.12 1 1
github.com/dmytrogajewski/spin/internal/ui/blocks/metadata.go:126.38,127.18 1 1
github.com/dmytrogajewski/spin/internal/ui/blocks/metadata.go:127.18,129.3 1 1
github.com/dmytrogajewski/spin/internal/ui/blocks/metadata.go:130.2,130.46 1 1
github.com/dmytrogajewski/spin/internal/ui/blocks/metadata.go:130.46,132.3 1 1
github.com/dmytrogajewski/spin/internal/ui/blocks/metadata.go:133.2,133.50 1 1
github.com/dmytrogajewski/spin/internal/ui/blocks/metadata.go:133.50,135.3 1 1
github.com/dmytrogajewski/spin/internal/ui/blocks/metadata.go:136.2,136.12 1 1
github.com/dmytrogajewski/spin/internal/ui/blocks/metadata.go:155.37,156.17 1 1
github.com/dmytrogajewski/spin/internal/ui/blocks/metadata.go:156.17,158.3 1 1
github.com/dmytrogajewski/spin/internal/ui/blocks/metadata.go:159.2,159.19 1 1
github.com/dmytrogajewski/spin/internal/ui/blocks/metadata.go:159.19,161.3 1 1
github.com/dmytrogajewski/spin/internal/ui/blocks/metadata.go:162.2,162.22 1 1
github.com/dmytrogajewski/spin/internal/ui/blocks/metadata.go:162.22,164.3 1 0
github.com/dmytrogajewski/spin/internal/ui/blocks/metadata.go:165.2,165.21 1 1
github.com/dmytrogajewski/spin/internal/ui/blocks/metadata.go:165.21,167.3 1 0
github.com/dmytrogajewski/spin/internal/ui/blocks/metadata.go:168.2,169.20 2 1
github.com/dmytrogajewski/spin/internal/ui/blocks/metadata.go:169.20,171.3 1 1
github.com/dmytrogajewski/spin/internal/ui/blocks/metadata.go:172.2,172.12 1 1
github.com/dmytrogajewski/spin/internal/ui/blocks/metadata.go:176.55,178.16 2 1
github.com/dmytrogajewski/spin/internal/ui/blocks/metadata.go:178.16,180.3 1 0
github.com/dmytrogajewski/spin/internal/ui/blocks/metadata.go:181.2,182.52 2 1
github.com/dmytrogajewski/spin/internal/ui/blocks/metadata.go:182.52,184.3 1 0
github.com/dmytrogajewski/spin/internal/ui/blocks/metadata.go:185.2,185.19 1 1
github.com/dmytrogajewski/spin/internal/ui/blocks/metadata.go:189.49,191.16 2 0
github.com/dmytrogajewski/spin/internal/ui/blocks/metadata.go:191.16,193.3 1 0
github.com/dmytrogajewski/spin/internal/ui/blocks/metadata.go:194.2,195.52 2 0
github.com/dmytrogajewski/spin/internal/ui/blocks/metadata.go:195.52,197.3 1 0
github.com/dmytrogajewski/spin/internal/ui/blocks/metadata.go:198.2,198.19 1 0
github.com/dmytrogajewski/spin/internal/ui/blocks/metadata.go:202.49,204.16 2 0
github.com/dmytrogajewski/spin/internal/ui/blocks/metadata.go:204.16,206.3 1 0
github.com/dmytrogajewski/spin/internal/ui/blocks/metadata.go:207.2,208.52 2 0
github.com/dmytrogajewski/spin/internal/ui/blocks/metadata.go:208.52,210.3 1 0
github.com/dmytrogajewski/spin/internal/ui/blocks/metadata.go:211.2,211.19 1 0
github.com/dmytrogajewski/spin/internal/ui/blocks/metadata.go:215.51,217.16 2 0
github.com/dmytrogajewski/spin/internal/ui/blocks/metadata.go:217.16,219.3 1 0
github.com/dmytrogajewski/spin/internal/ui/blocks/metadata.go:220.2,221.52 2 0
github.com/dmytrogajewski/spin/internal/ui/blocks/metadata.go:221.52,223.3 1 0
github.com/dmytrogajewski/spin/internal/ui/blocks/metadata.go:224.2,224.19 1 0
github.com/dmytrogajewski/spin/internal/ui/blocks/metadata.go:228.49,230.16 2 0
github.com/dmytrogajewski/spin/internal/ui/blocks/metadata.go:230.16,232.3 1 0
github.com/dmytrogajewski/spin/internal/ui/blocks/metadata.go:233.2,234.52 2 0
github.com/dmytrogajewski/spin/internal/ui/blocks/metadata.go:234.52,236.3 1 0
github.com/dmytrogajewski/spin/internal/ui/blocks/metadata.go:237.2,237.19 1 0
github.com/dmytrogajewski/spin/internal/ui/blocks/metadata.go:241.53,242.37 1 1
github.com/dmytrogajewski/spin/internal/ui/blocks/metadata.go:242.37,244.3 1 0
github.com/dmytrogajewski/spin/internal/ui/blocks/metadata.go:245.2,246.16 2 1
github.com/dmytrogajewski/spin/internal/ui/blocks/metadata.go:246.16,248.3 1 0
github.com/dmytrogajewski/spin/internal/ui/blocks/metadata.go:249.2,250.52 2 1
github.com/dmytrogajewski/spin/internal/ui/blocks/metadata.go:250.52,252.3 1 0
github.com/dmytrogajewski/spin/internal/ui/blocks/metadata.go:253.2,254.12 2 1
github.com/dmytrogajewski/spin/internal/ui/blocks/metadata.go:258.47,259.37 1 0
github.com/dmytrogajewski/spin/internal/ui/blocks/metadata.go:259.37,261.3 1 0
github.com/dmytrogajewski/spin/internal/ui/blocks/metadata.go:262.2,263.16 2 0
github.com/dmytrogajewski/spin/internal/ui/blocks/metadata.go:263.16,265.3 1 0
github.com/dmytrogajewski/spin/internal/ui/blocks/metadata.go:266.2,267.52 2 0
github.com/dmytrogajewski/spin/internal/ui/blocks/metadata.go:267.52,269.3 1 0
github.com/dmytrogajewski/spin/internal/ui/blocks/metadata.go:270.2,271.12 2 0
github.com/dmytrogajewski/spin/internal/ui/blocks/metadata.go:275.47,276.37 1 0
github.com/dmytrogajewski/spin/internal/ui/blocks/metadata.go:276.37,278.3 1 0
github.com/dmytrogajewski/spin/internal/ui/blocks/metadata.go:279.2,280.16 2 0
github.com/dmytrogajewski/spin/internal/ui/blocks/metadata.go:280.16,282.3 1 0
github.com/dmytrogajewski/spin/internal/ui/blocks/metadata.go:283.2,284.52 2 0
github.com/dmytrogajewski/spin/internal/ui/blocks/metadata.go:284.52,286.3 1 0
github.com/dmytrogajewski/spin/internal/ui/blocks/metadata.go:287.2,288.12 2 0
github.com/dmytrogajewski/spin/internal/ui/blocks/metadata.go:292.49,293.37 1 0
github.com/dmytrogajewski/spin/internal/ui/blocks/metadata.go:293.37,295.3 1 0
github.com/dmytrogajewski/spin/internal/ui/blocks/metadata.go:296.2,297.16 2 0
github.com/dmytrogajewski/spin/internal/ui/blocks/metadata.go:297.16,299.3 1 0
github.com/dmytrogajewski/spin/internal/ui/blocks/metadata.go:300.2,301.52 2 0
github.com/dmytrogajewski/spin/internal/ui/blocks/metadata.go:301.52,303.3 1 0
github.com/dmytrogajewski/spin/internal/ui/blocks/metadata.go:304.2,305.12 2 0
github.com/dmytrogajewski/spin/internal/ui/blocks/metadata.go:309.47,310.37 1 0
github.com/dmytrogajewski/spin/internal/ui/blocks/metadata.go:310.37,312.3 1 0
github.com/dmytrogajewski/spin/internal/ui/blocks/metadata.go:313.2,314.16 2 0
github.com/dmytrogajewski/spin/internal/ui/blocks/metadata.go:314.16,316.3 1 0
github.com/dmytrogajewski/spin/internal/ui/blocks/metadata.go:317.2,318.52 2 0
github.com/dmytrogajewski/spin/internal/ui/blocks/metadata.go:318.52,320.3 1 0
github.com/dmytrogajewski/spin/internal/ui/blocks/metadata.go:321.2,322.12 2 0
github.com/dmytrogajewski/spin/internal/ui/blocks/model.go:47.43,57.2 1 1
github.com/dmytrogajewski/spin/internal/ui/blocks/model.go:67.34,68.16 1 1
github.com/dmytrogajewski/spin/internal/ui/blocks/model.go:68.16,70.3 1 1
github.com/dmytrogajewski/spin/internal/ui/blocks/model.go:71.2,71.21 1 1
github.com/dmytrogajewski/spin/internal/ui/blocks/model.go:71.21,73.3 1 1
github.com/dmytrogajewski/spin/internal/ui/blocks/model.go:74.2,74.26 1 1
github.com/dmytrogajewski/spin/internal/ui/blocks/model.go:74.26,76.3 1 1
github.com/dmytrogajewski/spin/internal/ui/blocks/model.go:77.2,77.25 1 1
github.com/dmytrogajewski/spin/internal/ui/blocks/model.go:77.25,79.3 1 1
github.com/dmytrogajewski/spin/internal/ui/blocks/model.go:80.2,80.22 1 1
github.com/dmytrogajewski/spin/internal/ui/blocks/model.go:80.22,82.3 1 1
github.com/dmytrogajewski/spin/internal/ui/blocks/model.go:83.2,83.12 1 1
github.com/dmytrogajewski/spin/internal/ui/blocks/model.go:89.57,92.2 2 1
github.com/dmytrogajewski/spin/internal/ui/blocks/model.go:97.56,98.19 1 1
github.com/dmytrogajewski/spin/internal/ui/blocks/model.go:98.19,100.3 1 0
github.com/dmytrogajewski/spin/internal/ui/blocks/model.go:101.2,101.21 1 1
github.com/dmytrogajewski/spin/internal/ui/blocks/model.go:111.38,113.14 2 1
github.com/dmytrogajewski/spin/internal/ui/blocks/model.go:113.14,116.3 1 1
github.com/dmytrogajewski/spin/internal/ui/blocks/model.go:117.2,117.44 1 1
github.com/dmytrogajewski/spin/internal/ui/blocks/types.go:28.37,30.2 1 1
github.com/dmytrogajewski/spin/internal/ui/blocks/types.go:33.34,34.12 1 1
github.com/dmytrogajewski/spin/internal/ui/blocks/types.go:37.35,38.14 1 1
github.com/dmytrogajewski/spin/internal/ui/blocks/types.go:40.2,40.14 1 1
github.com/dmytrogajewski/spin/internal/ui/blocks/types.go:54.37,56.2 1 1
github.com/dmytrogajewski/spin/internal/ui/blocks/types.go:59.34,61.2 1 1
github.com/dmytrogajewski/spin/internal/ui/blocks/types.go:76.35,78.2 1 1
github.com/dmytrogajewski/spin/internal/ui/blocks/types.go:81.32,83.2 1 1
