mode: atomic
github.com/dmytrogajewski/spin/internal/core/turn/result.go:33.36,47.60 4 5
github.com/dmytrogajewski/spin/internal/core/turn/result.go:47.60,49.3 1 5
github.com/dmytrogajewski/spin/internal/core/turn/result.go:52.2,55.38 2 5
github.com/dmytrogajewski/spin/internal/core/turn/result.go:55.38,57.3 1 2
github.com/dmytrogajewski/spin/internal/core/turn/result.go:58.2,58.39 1 5
github.com/dmytrogajewski/spin/internal/core/turn/result.go:58.39,59.41 1 0
github.com/dmytrogajewski/spin/internal/core/turn/result.go:59.41,61.4 1 0
github.com/dmytrogajewski/spin/internal/core/turn/result.go:64.2,64.15 1 5
github.com/dmytrogajewski/spin/internal/core/turn/result.go:68.35,70.2 1 3
github.com/dmytrogajewski/spin/internal/core/turn/result.go:73.35,75.2 1 2
github.com/dmytrogajewski/spin/internal/core/turn/state.go:23.36,24.11 1 23
github.com/dmytrogajewski/spin/internal/core/turn/state.go:25.20,26.19 1 7
github.com/dmytrogajewski/spin/internal/core/turn/state.go:27.20,28.19 1 4
github.com/dmytrogajewski/spin/internal/core/turn/state.go:29.28,30.28 1 2
github.com/dmytrogajewski/spin/internal/core/turn/state.go:31.22,32.21 1 6
github.com/dmytrogajewski/spin/internal/core/turn/state.go:33.19,34.18 1 2
github.com/dmytrogajewski/spin/internal/core/turn/state.go:35.22,36.21 1 2
github.com/dmytrogajewski/spin/internal/core/turn/state.go:37.10,38.19 1 0
github.com/dmytrogajewski/spin/internal/core/turn/state.go:43.45,64.47 2 61
github.com/dmytrogajewski/spin/internal/core/turn/state.go:64.47,66.3 1 61
github.com/dmytrogajewski/spin/internal/core/turn/state.go:67.2,67.14 1 0
github.com/dmytrogajewski/spin/internal/core/turn/state.go:71.39,73.2 1 6
github.com/dmytrogajewski/spin/internal/core/turn/turn.go:104.49,114.2 1 16
github.com/dmytrogajewski/spin/internal/core/turn/turn.go:120.30,124.43 3 16
github.com/dmytrogajewski/spin/internal/core/turn/turn.go:124.43,126.3 1 4
github.com/dmytrogajewski/spin/internal/core/turn/turn.go:128.2,130.12 3 12
github.com/dmytrogajewski/spin/internal/core/turn/turn.go:141.67,145.45 3 10
github.com/dmytrogajewski/spin/internal/core/turn/turn.go:145.45,147.3 1 3
github.com/dmytrogajewski/spin/internal/core/turn/turn.go:149.2,153.12 5 7
github.com/dmytrogajewski/spin/internal/core/turn/turn.go:163.38,167.42 3 4
github.com/dmytrogajewski/spin/internal/core/turn/turn.go:167.42,169.3 1 2
github.com/dmytrogajewski/spin/internal/core/turn/turn.go:171.2,174.12 4 2
github.com/dmytrogajewski/spin/internal/core/turn/turn.go:181.31,185.45 3 5
github.com/dmytrogajewski/spin/internal/core/turn/turn.go:185.45,187.3 1 2
github.com/dmytrogajewski/spin/internal/core/turn/turn.go:189.2,191.12 3 3
github.com/dmytrogajewski/spin/internal/core/turn/turn.go:198.40,202.51 3 5
github.com/dmytrogajewski/spin/internal/core/turn/turn.go:202.51,204.3 1 2
github.com/dmytrogajewski/spin/internal/core/turn/turn.go:206.2,207.12 2 3
github.com/dmytrogajewski/spin/internal/core/turn/turn.go:214.32,218.37 3 4
github.com/dmytrogajewski/spin/internal/core/turn/turn.go:218.37,220.3 1 2
github.com/dmytrogajewski/spin/internal/core/turn/turn.go:222.2,223.12 2 2
github.com/dmytrogajewski/spin/internal/core/turn/turn.go:230.29,234.37 3 4
github.com/dmytrogajewski/spin/internal/core/turn/turn.go:234.37,236.3 1 2
github.com/dmytrogajewski/spin/internal/core/turn/turn.go:238.2,240.12 3 2
github.com/dmytrogajewski/spin/internal/core/turn/turn.go:248.43,252.2 3 105
github.com/dmytrogajewski/spin/internal/core/turn/turn.go:259.49,263.2 3 102
github.com/dmytrogajewski/spin/internal/core/turn/turn.go:270.47,274.2 3 3
github.com/dmytrogajewski/spin/internal/core/turn/turn.go:280.37,284.2 3 1
github.com/dmytrogajewski/spin/internal/core/task/compact.go:66.28,70.2 1 9
github.com/dmytrogajewski/spin/internal/core/task/compact.go:74.59,78.2 1 30
github.com/dmytrogajewski/spin/internal/core/task/compact.go:82.33,84.2 1 6
github.com/dmytrogajewski/spin/internal/core/task/compact.go:91.41,92.58 1 5
github.com/dmytrogajewski/spin/internal/core/task/compact.go:92.58,94.3 1 1
github.com/dmytrogajewski/spin/internal/core/task/compact.go:95.2,95.29 1 4
github.com/dmytrogajewski/spin/internal/core/task/compact.go:131.43,140.58 2 12
github.com/dmytrogajewski/spin/internal/core/task/compact.go:140.58,142.3 1 4
github.com/dmytrogajewski/spin/internal/core/task/compact.go:144.2,144.14 1 12
github.com/dmytrogajewski/spin/internal/core/task/compact.go:154.35,155.47 1 10
github.com/dmytrogajewski/spin/internal/core/task/compact.go:155.47,157.3 1 2
github.com/dmytrogajewski/spin/internal/core/task/compact.go:158.2,158.32 1 8
github.com/dmytrogajewski/spin/internal/core/task/compact.go:172.36,173.21 1 17
github.com/dmytrogajewski/spin/internal/core/task/compact.go:173.21,175.3 1 2
github.com/dmytrogajewski/spin/internal/core/task/compact.go:177.2,180.28 2 15
github.com/dmytrogajewski/spin/internal/core/task/compact.go:180.28,182.3 1 2
github.com/dmytrogajewski/spin/internal/core/task/compact.go:183.2,183.43 1 15
github.com/dmytrogajewski/spin/internal/core/task/compact.go:183.43,185.3 1 1
github.com/dmytrogajewski/spin/internal/core/task/compact.go:188.2,188.48 1 15
github.com/dmytrogajewski/spin/internal/core/task/compact.go:188.48,189.17 1 14
github.com/dmytrogajewski/spin/internal/core/task/compact.go:189.17,191.4 1 4
github.com/dmytrogajewski/spin/internal/core/task/compact.go:195.2,195.93 1 15
github.com/dmytrogajewski/spin/internal/core/task/compact.go:195.93,197.3 1 2
github.com/dmytrogajewski/spin/internal/core/task/compact.go:199.2,199.19 1 15
github.com/dmytrogajewski/spin/internal/core/task/compact.go:199.19,201.3 1 7
github.com/dmytrogajewski/spin/internal/core/task/compact.go:203.2,203.12 1 8
github.com/dmytrogajewski/spin/internal/core/task/planning.go:64.30,68.2 1 4
github.com/dmytrogajewski/spin/internal/core/task/planning.go:71.62,75.2 1 15
github.com/dmytrogajewski/spin/internal/core/task/planning.go:78.34,80.2 1 3
github.com/dmytrogajewski/spin/internal/core/task/planning.go:84.42,85.52 1 4
github.com/dmytrogajewski/spin/internal/core/task/planning.go:85.52,87.3 1 1
github.com/dmytrogajewski/spin/internal/core/task/planning.go:88.2,88.29 1 3
github.com/dmytrogajewski/spin/internal/core/task/planning.go:181.44,188.2 1 2
github.com/dmytrogajewski/spin/internal/core/task/planning.go:191.36,193.2 1 3
github.com/dmytrogajewski/spin/internal/core/task/planning.go:196.37,197.21 1 8
github.com/dmytrogajewski/spin/internal/core/task/planning.go:197.21,199.3 1 2
github.com/dmytrogajewski/spin/internal/core/task/planning.go:201.2,204.27 2 6
github.com/dmytrogajewski/spin/internal/core/task/planning.go:204.27,206.3 1 1
github.com/dmytrogajewski/spin/internal/core/task/planning.go:207.2,207.66 1 6
github.com/dmytrogajewski/spin/internal/core/task/planning.go:207.66,209.3 1 1
github.com/dmytrogajewski/spin/internal/core/task/planning.go:212.2,212.27 1 6
github.com/dmytrogajewski/spin/internal/core/task/planning.go:212.27,214.3 1 1
github.com/dmytrogajewski/spin/internal/core/task/planning.go:217.2,217.81 1 6
github.com/dmytrogajewski/spin/internal/core/task/planning.go:217.81,219.3 1 1
github.com/dmytrogajewski/spin/internal/core/task/planning.go:221.2,221.19 1 6
github.com/dmytrogajewski/spin/internal/core/task/planning.go:221.19,223.3 1 4
github.com/dmytrogajewski/spin/internal/core/task/planning.go:225.2,225.12 1 2
github.com/dmytrogajewski/spin/internal/core/task/planning.go:229.38,230.46 1 0
github.com/dmytrogajewski/spin/internal/core/task/planning.go:230.46,232.3 1 0
github.com/dmytrogajewski/spin/internal/core/task/planning.go:233.2,233.25 1 0
github.com/dmytrogajewski/spin/internal/core/task/planning.go:237.38,238.46 1 3
github.com/dmytrogajewski/spin/internal/core/task/planning.go:238.46,240.3 1 3
github.com/dmytrogajewski/spin/internal/core/task/planning.go:241.2,241.25 1 0
github.com/dmytrogajewski/spin/internal/core/task/regular.go:68.28,72.2 1 10
github.com/dmytrogajewski/spin/internal/core/task/regular.go:76.59,80.2 1 25
github.com/dmytrogajewski/spin/internal/core/task/regular.go:84.33,86.2 1 7
github.com/dmytrogajewski/spin/internal/core/task/regular.go:94.41,95.58 1 5
github.com/dmytrogajewski/spin/internal/core/task/regular.go:95.58,97.3 1 1
github.com/dmytrogajewski/spin/internal/core/task/regular.go:98.2,98.28 1 4
github.com/dmytrogajewski/spin/internal/core/task/regular.go:150.43,175.56 2 8
github.com/dmytrogajewski/spin/internal/core/task/regular.go:175.56,177.3 1 2
github.com/dmytrogajewski/spin/internal/core/task/regular.go:179.2,179.14 1 6
github.com/dmytrogajewski/spin/internal/core/task/regular.go:188.35,189.47 1 9
github.com/dmytrogajewski/spin/internal/core/task/regular.go:189.47,191.3 1 2
github.com/dmytrogajewski/spin/internal/core/task/regular.go:192.2,192.25 1 7
github.com/dmytrogajewski/spin/internal/core/task/regular.go:206.36,207.21 1 12
github.com/dmytrogajewski/spin/internal/core/task/regular.go:207.21,209.3 1 2
github.com/dmytrogajewski/spin/internal/core/task/regular.go:211.2,214.28 2 10
github.com/dmytrogajewski/spin/internal/core/task/regular.go:214.28,216.3 1 2
github.com/dmytrogajewski/spin/internal/core/task/regular.go:217.2,217.43 1 10
github.com/dmytrogajewski/spin/internal/core/task/regular.go:217.43,219.3 1 1
github.com/dmytrogajewski/spin/internal/core/task/regular.go:222.2,222.46 1 10
github.com/dmytrogajewski/spin/internal/core/task/regular.go:222.46,223.17 1 6
github.com/dmytrogajewski/spin/internal/core/task/regular.go:223.17,225.4 1 3
github.com/dmytrogajewski/spin/internal/core/task/regular.go:229.2,229.93 1 10
github.com/dmytrogajewski/spin/internal/core/task/regular.go:229.93,231.3 1 2
github.com/dmytrogajewski/spin/internal/core/task/regular.go:233.2,233.19 1 10
github.com/dmytrogajewski/spin/internal/core/task/regular.go:233.19,235.3 1 6
github.com/dmytrogajewski/spin/internal/core/task/regular.go:237.2,237.12 1 4
github.com/dmytrogajewski/spin/internal/core/task/regular.go:243.62,246.32 2 7
github.com/dmytrogajewski/spin/internal/core/task/regular.go:246.32,248.3 1 10
github.com/dmytrogajewski/spin/internal/core/task/regular.go:251.2,252.29 2 7
github.com/dmytrogajewski/spin/internal/core/task/regular.go:252.29,253.24 1 39
github.com/dmytrogajewski/spin/internal/core/task/regular.go:253.24,255.4 1 31
github.com/dmytrogajewski/spin/internal/core/task/regular.go:258.2,258.17 1 7
github.com/dmytrogajewski/spin/internal/core/task/review.go:71.26,75.2 1 10
github.com/dmytrogajewski/spin/internal/core/task/review.go:79.56,83.2 1 29
github.com/dmytrogajewski/spin/internal/core/task/review.go:87.32,89.2 1 6
github.com/dmytrogajewski/spin/internal/core/task/review.go:96.40,97.58 1 4
github.com/dmytrogajewski/spin/internal/core/task/review.go:97.58,99.3 1 1
github.com/dmytrogajewski/spin/internal/core/task/review.go:100.2,100.28 1 3
github.com/dmytrogajewski/spin/internal/core/task/review.go:177.42,192.21 3 9
github.com/dmytrogajewski/spin/internal/core/task/review.go:192.21,194.3 1 2
github.com/dmytrogajewski/spin/internal/core/task/review.go:196.2,196.16 1 9
github.com/dmytrogajewski/spin/internal/core/task/review.go:196.16,202.3 1 8
github.com/dmytrogajewski/spin/internal/core/task/review.go:204.2,204.14 1 9
github.com/dmytrogajewski/spin/internal/core/task/review.go:214.34,215.47 1 10
github.com/dmytrogajewski/spin/internal/core/task/review.go:215.47,217.3 1 2
github.com/dmytrogajewski/spin/internal/core/task/review.go:218.2,218.31 1 8
github.com/dmytrogajewski/spin/internal/core/task/review.go:232.35,233.21 1 17
github.com/dmytrogajewski/spin/internal/core/task/review.go:233.21,235.3 1 2
github.com/dmytrogajewski/spin/internal/core/task/review.go:237.2,240.28 2 15
github.com/dmytrogajewski/spin/internal/core/task/review.go:240.28,242.3 1 2
github.com/dmytrogajewski/spin/internal/core/task/review.go:243.2,243.43 1 15
github.com/dmytrogajewski/spin/internal/core/task/review.go:243.43,245.3 1 1
github.com/dmytrogajewski/spin/internal/core/task/review.go:248.2,248.47 1 15
github.com/dmytrogajewski/spin/internal/core/task/review.go:248.47,249.20 1 15
github.com/dmytrogajewski/spin/internal/core/task/review.go:249.20,251.4 1 4
github.com/dmytrogajewski/spin/internal/core/task/review.go:255.2,255.93 1 15
github.com/dmytrogajewski/spin/internal/core/task/review.go:255.93,257.3 1 2
github.com/dmytrogajewski/spin/internal/core/task/review.go:259.2,259.19 1 15
github.com/dmytrogajewski/spin/internal/core/task/review.go:259.19,261.3 1 7
github.com/dmytrogajewski/spin/internal/core/task/review.go:263.2,263.12 1 8
github.com/dmytrogajewski/spin/internal/core/task/task.go:97.30,101.2 1 20
github.com/dmytrogajewski/spin/internal/core/task/task.go:111.59,113.17 1 171
github.com/dmytrogajewski/spin/internal/core/task/task.go:113.17,115.3 1 1
github.com/dmytrogajewski/spin/internal/core/task/task.go:118.2,118.47 1 170
github.com/dmytrogajewski/spin/internal/core/task/task.go:118.47,120.3 1 3
github.com/dmytrogajewski/spin/internal/core/task/task.go:122.2,126.40 3 167
github.com/dmytrogajewski/spin/internal/core/task/task.go:126.40,128.3 1 1
github.com/dmytrogajewski/spin/internal/core/task/task.go:131.2,132.12 2 166
github.com/dmytrogajewski/spin/internal/core/task/task.go:139.51,144.13 4 156
github.com/dmytrogajewski/spin/internal/core/task/task.go:144.13,146.3 1 2
github.com/dmytrogajewski/spin/internal/core/task/task.go:148.2,148.18 1 154
github.com/dmytrogajewski/spin/internal/core/task/task.go:155.36,160.28 4 65
github.com/dmytrogajewski/spin/internal/core/task/task.go:160.28,162.3 1 2610
github.com/dmytrogajewski/spin/internal/core/task/task.go:164.2,165.14 2 65
github.com/dmytrogajewski/spin/internal/core/task/task.go:171.42,177.2 4 158
github.com/dmytrogajewski/spin/internal/core/task/task.go:183.50,188.41 3 5
github.com/dmytrogajewski/spin/internal/core/task/task.go:188.41,190.3 1 2
github.com/dmytrogajewski/spin/internal/core/task/task.go:192.2,193.12 2 3
github.com/dmytrogajewski/spin/internal/core/task/task.go:200.47,204.25 3 4
github.com/dmytrogajewski/spin/internal/core/task/task.go:204.25,206.3 1 1
github.com/dmytrogajewski/spin/internal/core/task/task.go:208.2,209.13 2 3
github.com/dmytrogajewski/spin/internal/core/task/task.go:209.13,213.3 1 0
github.com/dmytrogajewski/spin/internal/core/task/task.go:215.2,215.18 1 3
github.com/dmytrogajewski/spin/internal/core/task/task.go:229.42,230.16 1 188
github.com/dmytrogajewski/spin/internal/core/task/task.go:230.16,232.3 1 2
github.com/dmytrogajewski/spin/internal/core/task/task.go:234.2,234.20 1 186
github.com/dmytrogajewski/spin/internal/core/task/task.go:234.20,236.3 1 1
github.com/dmytrogajewski/spin/internal/core/task/task.go:240.2,242.16 3 185
github.com/dmytrogajewski/spin/internal/core/task/task.go:242.16,244.3 1 0
github.com/dmytrogajewski/spin/internal/core/task/task.go:246.2,246.14 1 185
github.com/dmytrogajewski/spin/internal/core/task/task.go:246.14,248.3 1 12
github.com/dmytrogajewski/spin/internal/core/task/task.go:251.2,251.54 1 173
github.com/dmytrogajewski/spin/internal/core/task/task.go:251.54,253.3 1 1
github.com/dmytrogajewski/spin/internal/core/task/task.go:255.2,255.12 1 172
github.com/dmytrogajewski/spin/internal/core/agent.go:145.19,147.21 1 48
github.com/dmytrogajewski/spin/internal/core/agent.go:147.21,149.3 1 1
github.com/dmytrogajewski/spin/internal/core/agent.go:150.2,150.21 1 47
github.com/dmytrogajewski/spin/internal/core/agent.go:150.21,152.3 1 0
github.com/dmytrogajewski/spin/internal/core/agent.go:153.2,153.22 1 47
github.com/dmytrogajewski/spin/internal/core/agent.go:153.22,155.3 1 0
github.com/dmytrogajewski/spin/internal/core/agent.go:156.2,156.20 1 47
github.com/dmytrogajewski/spin/internal/core/agent.go:156.20,158.3 1 0
github.com/dmytrogajewski/spin/internal/core/agent.go:159.2,159.20 1 47
github.com/dmytrogajewski/spin/internal/core/agent.go:159.20,161.3 1 0
github.com/dmytrogajewski/spin/internal/core/agent.go:164.2,189.27 8 47
github.com/dmytrogajewski/spin/internal/core/agent.go:189.27,190.36 1 10
github.com/dmytrogajewski/spin/internal/core/agent.go:190.36,192.4 1 0
github.com/dmytrogajewski/spin/internal/core/agent.go:195.2,195.19 1 47
github.com/dmytrogajewski/spin/internal/core/agent.go:199.45,200.30 1 1
github.com/dmytrogajewski/spin/internal/core/agent.go:200.30,201.20 1 1
github.com/dmytrogajewski/spin/internal/core/agent.go:201.20,203.4 1 0
github.com/dmytrogajewski/spin/internal/core/agent.go:204.3,205.13 2 1
github.com/dmytrogajewski/spin/internal/core/agent.go:210.58,211.30 1 2
github.com/dmytrogajewski/spin/internal/core/agent.go:211.30,212.19 1 2
github.com/dmytrogajewski/spin/internal/core/agent.go:212.19,214.4 1 0
github.com/dmytrogajewski/spin/internal/core/agent.go:215.3,216.13 2 2
github.com/dmytrogajewski/spin/internal/core/agent.go:221.55,222.30 1 1
github.com/dmytrogajewski/spin/internal/core/agent.go:222.30,223.41 1 1
github.com/dmytrogajewski/spin/internal/core/agent.go:223.41,225.4 1 0
github.com/dmytrogajewski/spin/internal/core/agent.go:226.3,227.13 2 1
github.com/dmytrogajewski/spin/internal/core/agent.go:232.47,233.30 1 1
github.com/dmytrogajewski/spin/internal/core/agent.go:233.30,234.21 1 1
github.com/dmytrogajewski/spin/internal/core/agent.go:234.21,236.4 1 0
github.com/dmytrogajewski/spin/internal/core/agent.go:237.3,238.13 2 1
github.com/dmytrogajewski/spin/internal/core/agent.go:243.52,244.30 1 4
github.com/dmytrogajewski/spin/internal/core/agent.go:244.30,247.3 2 4
github.com/dmytrogajewski/spin/internal/core/agent.go:251.61,252.30 1 1
github.com/dmytrogajewski/spin/internal/core/agent.go:252.30,253.22 1 1
github.com/dmytrogajewski/spin/internal/core/agent.go:253.22,255.4 1 0
github.com/dmytrogajewski/spin/internal/core/agent.go:256.3,257.13 2 1
github.com/dmytrogajewski/spin/internal/core/agent.go:270.89,272.16 1 18
github.com/dmytrogajewski/spin/internal/core/agent.go:272.16,274.3 1 1
github.com/dmytrogajewski/spin/internal/core/agent.go:275.2,275.21 1 17
github.com/dmytrogajewski/spin/internal/core/agent.go:275.21,277.3 1 1
github.com/dmytrogajewski/spin/internal/core/agent.go:280.2,281.34 2 16
github.com/dmytrogajewski/spin/internal/core/agent.go:281.34,284.3 2 11
github.com/dmytrogajewski/spin/internal/core/agent.go:287.2,298.50 3 16
github.com/dmytrogajewski/spin/internal/core/agent.go:298.50,300.10 1 16
github.com/dmytrogajewski/spin/internal/core/agent.go:301.21,303.26 2 1
github.com/dmytrogajewski/spin/internal/core/agent.go:304.11,304.11 0 15
github.com/dmytrogajewski/spin/internal/core/agent.go:308.3,321.17 4 15
github.com/dmytrogajewski/spin/internal/core/agent.go:321.17,325.4 3 1
github.com/dmytrogajewski/spin/internal/core/agent.go:328.3,331.28 2 14
github.com/dmytrogajewski/spin/internal/core/agent.go:331.28,339.4 1 14
github.com/dmytrogajewski/spin/internal/core/agent.go:345.3,346.8 2 14
github.com/dmytrogajewski/spin/internal/core/agent.go:350.2,350.41 1 14
github.com/dmytrogajewski/spin/internal/core/agent.go:350.41,352.3 1 0
github.com/dmytrogajewski/spin/internal/core/agent.go:355.2,365.18 2 14
github.com/dmytrogajewski/spin/internal/core/agent.go:369.99,372.31 2 15
github.com/dmytrogajewski/spin/internal/core/agent.go:372.31,377.3 1 42
github.com/dmytrogajewski/spin/internal/core/agent.go:380.2,387.33 2 15
github.com/dmytrogajewski/spin/internal/core/agent.go:395.60,397.31 1 10
github.com/dmytrogajewski/spin/internal/core/agent.go:397.31,399.3 1 4
github.com/dmytrogajewski/spin/internal/core/agent.go:402.2,403.16 2 6
github.com/dmytrogajewski/spin/internal/core/agent.go:403.16,406.3 1 0
github.com/dmytrogajewski/spin/internal/core/agent.go:408.2,408.31 1 6
github.com/dmytrogajewski/spin/internal/core/agent.go:409.19,410.19 1 1
github.com/dmytrogajewski/spin/internal/core/agent.go:412.26,413.63 1 1
github.com/dmytrogajewski/spin/internal/core/agent.go:415.24,416.79 1 3
github.com/dmytrogajewski/spin/internal/core/agent.go:418.24,421.58 1 1
github.com/dmytrogajewski/spin/internal/core/agent.go:423.25,424.63 1 0
github.com/dmytrogajewski/spin/internal/core/agent.go:426.10,427.67 1 0
github.com/dmytrogajewski/spin/internal/core/agent.go:432.58,444.24 4 18
github.com/dmytrogajewski/spin/internal/core/agent.go:444.24,446.3 1 7
github.com/dmytrogajewski/spin/internal/core/agent.go:449.2,455.17 2 18
github.com/dmytrogajewski/spin/internal/core/agent.go:459.62,462.21 2 18
github.com/dmytrogajewski/spin/internal/core/agent.go:462.21,464.3 1 0
github.com/dmytrogajewski/spin/internal/core/agent.go:464.8,474.3 1 18
github.com/dmytrogajewski/spin/internal/core/agent.go:477.2,478.16 2 18
github.com/dmytrogajewski/spin/internal/core/agent.go:478.16,480.3 1 12
github.com/dmytrogajewski/spin/internal/core/agent.go:482.2,482.16 1 18
github.com/dmytrogajewski/spin/internal/core/agent.go:482.16,487.21 4 18
github.com/dmytrogajewski/spin/internal/core/agent.go:487.21,489.26 2 0
github.com/dmytrogajewski/spin/internal/core/agent.go:489.26,491.5 1 0
github.com/dmytrogajewski/spin/internal/core/agent.go:494.3,494.29 1 18
github.com/dmytrogajewski/spin/internal/core/agent.go:494.29,496.4 1 0
github.com/dmytrogajewski/spin/internal/core/agent.go:500.2,505.15 5 18
github.com/dmytrogajewski/spin/internal/core/agent.go:516.91,518.49 1 6
github.com/dmytrogajewski/spin/internal/core/agent.go:518.49,524.3 1 0
github.com/dmytrogajewski/spin/internal/core/agent.go:527.2,528.16 2 6
github.com/dmytrogajewski/spin/internal/core/agent.go:528.16,534.3 1 0
github.com/dmytrogajewski/spin/internal/core/agent.go:537.2,550.45 3 6
github.com/dmytrogajewski/spin/internal/core/agent.go:550.45,552.3 1 2
github.com/dmytrogajewski/spin/internal/core/agent.go:552.8,555.17 2 4
github.com/dmytrogajewski/spin/internal/core/agent.go:555.17,561.4 1 1
github.com/dmytrogajewski/spin/internal/core/agent.go:561.9,568.30 2 3
github.com/dmytrogajewski/spin/internal/core/agent.go:568.30,570.5 1 0
github.com/dmytrogajewski/spin/internal/core/agent.go:575.2,584.20 2 6
github.com/dmytrogajewski/spin/internal/core/agent.go:588.56,589.17 1 10
github.com/dmytrogajewski/spin/internal/core/agent.go:589.17,591.3 1 1
github.com/dmytrogajewski/spin/internal/core/agent.go:592.2,592.19 1 9
github.com/dmytrogajewski/spin/internal/core/agent.go:592.19,594.3 1 1
github.com/dmytrogajewski/spin/internal/core/agent.go:595.2,595.30 1 8
github.com/dmytrogajewski/spin/internal/core/agent.go:595.30,597.3 1 1
github.com/dmytrogajewski/spin/internal/core/agent.go:598.2,598.12 1 7
github.com/dmytrogajewski/spin/internal/core/agent.go:602.84,603.35 1 10
github.com/dmytrogajewski/spin/internal/core/agent.go:603.35,605.3 1 1
github.com/dmytrogajewski/spin/internal/core/agent.go:607.2,608.79 2 9
github.com/dmytrogajewski/spin/internal/core/agent.go:608.79,610.3 1 1
github.com/dmytrogajewski/spin/internal/core/agent.go:612.2,612.18 1 8
github.com/dmytrogajewski/spin/internal/core/agent.go:616.114,619.9 2 7
github.com/dmytrogajewski/spin/internal/core/agent.go:619.9,625.3 1 2
github.com/dmytrogajewski/spin/internal/core/agent.go:628.2,629.21 2 5
github.com/dmytrogajewski/spin/internal/core/agent.go:629.21,635.3 1 0
github.com/dmytrogajewski/spin/internal/core/agent.go:638.2,645.49 2 5
github.com/dmytrogajewski/spin/internal/core/agent.go:645.49,647.3 1 0
github.com/dmytrogajewski/spin/internal/core/agent.go:647.8,649.3 1 5
github.com/dmytrogajewski/spin/internal/core/agent.go:652.2,652.66 1 5
github.com/dmytrogajewski/spin/internal/core/agent.go:652.66,655.16 2 2
github.com/dmytrogajewski/spin/internal/core/agent.go:655.16,661.4 1 1
github.com/dmytrogajewski/spin/internal/core/agent.go:665.2,666.16 2 4
github.com/dmytrogajewski/spin/internal/core/agent.go:666.16,674.3 1 1
github.com/dmytrogajewski/spin/internal/core/agent.go:676.2,681.8 1 3
github.com/dmytrogajewski/spin/internal/core/agent.go:685.88,697.30 2 2
github.com/dmytrogajewski/spin/internal/core/agent.go:697.30,699.3 1 2
github.com/dmytrogajewski/spin/internal/core/agent.go:702.2,702.14 1 0
github.com/dmytrogajewski/spin/internal/core/cache.go:56.68,61.2 1 8
github.com/dmytrogajewski/spin/internal/core/cache.go:69.56,71.9 2 4
github.com/dmytrogajewski/spin/internal/core/cache.go:71.9,73.3 1 1
github.com/dmytrogajewski/spin/internal/core/cache.go:75.2,78.39 2 3
github.com/dmytrogajewski/spin/internal/core/cache.go:78.39,83.3 3 1
github.com/dmytrogajewski/spin/internal/core/cache.go:85.2,85.27 1 2
github.com/dmytrogajewski/spin/internal/core/cache.go:96.56,102.37 3 18
github.com/dmytrogajewski/spin/internal/core/cache.go:102.37,103.29 1 5
github.com/dmytrogajewski/spin/internal/core/cache.go:103.29,107.4 2 0
github.com/dmytrogajewski/spin/internal/core/cache.go:109.2,119.18 4 18
github.com/dmytrogajewski/spin/internal/core/cache.go:125.49,131.50 4 5
github.com/dmytrogajewski/spin/internal/core/cache.go:131.50,133.51 2 25
github.com/dmytrogajewski/spin/internal/core/cache.go:133.51,137.4 3 13
github.com/dmytrogajewski/spin/internal/core/cache.go:138.3,138.14 1 25
github.com/dmytrogajewski/spin/internal/core/cache.go:141.2,141.12 1 5
github.com/dmytrogajewski/spin/internal/core/cache.go:141.12,143.3 1 0
github.com/dmytrogajewski/spin/internal/core/cache.go:146.2,146.53 1 5
github.com/dmytrogajewski/spin/internal/core/cache.go:146.53,150.3 3 5
github.com/dmytrogajewski/spin/internal/core/cache.go:152.2,152.14 1 0
github.com/dmytrogajewski/spin/internal/core/cache.go:161.49,162.16 1 27
github.com/dmytrogajewski/spin/internal/core/cache.go:162.16,164.3 1 1
github.com/dmytrogajewski/spin/internal/core/cache.go:166.2,174.20 8 26
github.com/dmytrogajewski/spin/internal/core/cache.go:186.55,187.16 1 8
github.com/dmytrogajewski/spin/internal/core/cache.go:187.16,189.3 1 1
github.com/dmytrogajewski/spin/internal/core/cache.go:192.2,211.37 2 7
github.com/dmytrogajewski/spin/internal/core/cache.go:211.37,213.3 1 1
github.com/dmytrogajewski/spin/internal/core/cache.go:216.2,216.26 1 6
github.com/dmytrogajewski/spin/internal/core/cache.go:216.26,217.25 1 3
github.com/dmytrogajewski/spin/internal/core/cache.go:217.25,219.4 1 0
github.com/dmytrogajewski/spin/internal/core/cache.go:221.3,232.38 2 3
github.com/dmytrogajewski/spin/internal/core/cache.go:235.2,235.13 1 3
github.com/dmytrogajewski/spin/internal/core/cache.go:239.32,240.50 1 1
github.com/dmytrogajewski/spin/internal/core/cache.go:240.50,243.3 2 5
github.com/dmytrogajewski/spin/internal/core/cache.go:244.2,244.17 1 1
github.com/dmytrogajewski/spin/internal/core/cache.go:248.37,250.2 1 2
github.com/dmytrogajewski/spin/internal/core/cache.go:262.43,264.50 2 5
github.com/dmytrogajewski/spin/internal/core/cache.go:264.50,267.3 2 11
github.com/dmytrogajewski/spin/internal/core/cache.go:269.2,273.3 1 5
github.com/dmytrogajewski/spin/internal/core/cache.go:277.37,281.2 2 0
github.com/dmytrogajewski/spin/internal/core/config.go:56.30,70.2 1 18
github.com/dmytrogajewski/spin/internal/core/config.go:73.41,77.16 3 9
github.com/dmytrogajewski/spin/internal/core/config.go:77.16,86.3 1 1
github.com/dmytrogajewski/spin/internal/core/config.go:88.2,89.51 2 8
github.com/dmytrogajewski/spin/internal/core/config.go:89.51,98.3 1 1
github.com/dmytrogajewski/spin/internal/core/config.go:100.2,100.18 1 7
github.com/dmytrogajewski/spin/internal/core/config.go:105.47,112.16 3 2
github.com/dmytrogajewski/spin/internal/core/config.go:112.16,114.17 2 2
github.com/dmytrogajewski/spin/internal/core/config.go:114.17,117.55 2 0
github.com/dmytrogajewski/spin/internal/core/config.go:117.55,119.5 1 0
github.com/dmytrogajewski/spin/internal/core/config.go:121.3,121.21 1 2
github.com/dmytrogajewski/spin/internal/core/config.go:121.21,123.4 1 2
github.com/dmytrogajewski/spin/internal/core/config.go:127.2,131.39 3 2
github.com/dmytrogajewski/spin/internal/core/config.go:131.39,137.3 1 0
github.com/dmytrogajewski/spin/internal/core/config.go:139.2,139.17 1 2
github.com/dmytrogajewski/spin/internal/core/config.go:145.50,156.16 5 0
github.com/dmytrogajewski/spin/internal/core/config.go:156.16,158.3 1 0
github.com/dmytrogajewski/spin/internal/core/config.go:158.8,160.3 1 0
github.com/dmytrogajewski/spin/internal/core/config.go:162.2,162.16 1 0
github.com/dmytrogajewski/spin/internal/core/config.go:162.16,164.3 1 0
github.com/dmytrogajewski/spin/internal/core/config.go:167.2,168.46 2 0
github.com/dmytrogajewski/spin/internal/core/config.go:168.46,170.3 1 0
github.com/dmytrogajewski/spin/internal/core/config.go:173.2,173.39 1 0
github.com/dmytrogajewski/spin/internal/core/config.go:173.39,175.3 1 0
github.com/dmytrogajewski/spin/internal/core/config.go:177.2,177.17 1 0
github.com/dmytrogajewski/spin/internal/core/config.go:181.46,195.2 12 0
github.com/dmytrogajewski/spin/internal/core/config.go:198.35,201.22 2 24
github.com/dmytrogajewski/spin/internal/core/config.go:201.22,203.3 1 2
github.com/dmytrogajewski/spin/internal/core/config.go:205.2,205.19 1 24
github.com/dmytrogajewski/spin/internal/core/config.go:205.19,207.3 1 2
github.com/dmytrogajewski/spin/internal/core/config.go:209.2,209.21 1 24
github.com/dmytrogajewski/spin/internal/core/config.go:209.21,211.3 1 2
github.com/dmytrogajewski/spin/internal/core/config.go:213.2,213.20 1 24
github.com/dmytrogajewski/spin/internal/core/config.go:213.20,215.3 1 2
github.com/dmytrogajewski/spin/internal/core/config.go:218.2,220.34 3 24
github.com/dmytrogajewski/spin/internal/core/config.go:220.34,221.28 1 50
github.com/dmytrogajewski/spin/internal/core/config.go:221.28,223.9 2 22
github.com/dmytrogajewski/spin/internal/core/config.go:226.2,226.16 1 24
github.com/dmytrogajewski/spin/internal/core/config.go:226.16,228.3 1 2
github.com/dmytrogajewski/spin/internal/core/config.go:230.2,230.22 1 24
github.com/dmytrogajewski/spin/internal/core/config.go:230.22,232.3 1 6
github.com/dmytrogajewski/spin/internal/core/config.go:234.2,234.19 1 24
github.com/dmytrogajewski/spin/internal/core/config.go:234.19,236.3 1 6
github.com/dmytrogajewski/spin/internal/core/config.go:238.2,238.12 1 18
github.com/dmytrogajewski/spin/internal/core/config.go:243.47,251.2 7 8
github.com/dmytrogajewski/spin/internal/core/config.go:254.39,277.37 2 8
github.com/dmytrogajewski/spin/internal/core/config.go:277.37,279.3 1 2
github.com/dmytrogajewski/spin/internal/core/config.go:281.2,281.15 1 8
github.com/dmytrogajewski/spin/internal/core/config.go:285.53,286.41 1 8
github.com/dmytrogajewski/spin/internal/core/config.go:286.41,288.3 1 2
github.com/dmytrogajewski/spin/internal/core/config.go:292.51,293.26 1 8
github.com/dmytrogajewski/spin/internal/core/config.go:293.26,295.3 1 2
github.com/dmytrogajewski/spin/internal/core/config.go:296.2,296.23 1 8
github.com/dmytrogajewski/spin/internal/core/config.go:296.23,298.3 1 4
github.com/dmytrogajewski/spin/internal/core/config.go:299.2,299.25 1 8
github.com/dmytrogajewski/spin/internal/core/config.go:299.25,301.3 1 2
github.com/dmytrogajewski/spin/internal/core/config.go:302.2,302.29 1 8
github.com/dmytrogajewski/spin/internal/core/config.go:302.29,304.3 1 0
github.com/dmytrogajewski/spin/internal/core/config.go:305.2,305.28 1 8
github.com/dmytrogajewski/spin/internal/core/config.go:305.28,307.3 1 0
github.com/dmytrogajewski/spin/internal/core/config.go:308.2,308.28 1 8
github.com/dmytrogajewski/spin/internal/core/config.go:308.28,310.3 1 0
github.com/dmytrogajewski/spin/internal/core/config.go:314.48,315.25 1 8
github.com/dmytrogajewski/spin/internal/core/config.go:315.25,317.3 1 1
github.com/dmytrogajewski/spin/internal/core/config.go:318.2,318.24 1 8
github.com/dmytrogajewski/spin/internal/core/config.go:318.24,320.3 1 0
github.com/dmytrogajewski/spin/internal/core/config.go:321.2,321.26 1 8
github.com/dmytrogajewski/spin/internal/core/config.go:321.26,323.3 1 0
github.com/dmytrogajewski/spin/internal/core/config.go:324.2,324.29 1 8
github.com/dmytrogajewski/spin/internal/core/config.go:324.29,326.3 1 0
github.com/dmytrogajewski/spin/internal/core/config.go:327.2,327.29 1 8
github.com/dmytrogajewski/spin/internal/core/config.go:327.29,329.3 1 0
github.com/dmytrogajewski/spin/internal/core/config.go:333.50,334.36 1 8
github.com/dmytrogajewski/spin/internal/core/config.go:334.36,336.3 1 1
github.com/dmytrogajewski/spin/internal/core/config.go:337.2,337.31 1 8
github.com/dmytrogajewski/spin/internal/core/config.go:337.31,339.3 1 0
github.com/dmytrogajewski/spin/internal/core/config.go:343.55,344.72 1 8
github.com/dmytrogajewski/spin/internal/core/config.go:344.72,346.3 1 0
github.com/dmytrogajewski/spin/internal/core/config.go:347.2,347.39 1 8
github.com/dmytrogajewski/spin/internal/core/config.go:347.39,349.3 1 2
github.com/dmytrogajewski/spin/internal/core/config.go:350.2,350.43 1 8
github.com/dmytrogajewski/spin/internal/core/config.go:350.43,352.3 1 2
github.com/dmytrogajewski/spin/internal/core/config.go:353.2,353.47 1 8
github.com/dmytrogajewski/spin/internal/core/config.go:353.47,355.3 1 0
github.com/dmytrogajewski/spin/internal/core/config.go:359.28,369.45 5 3
github.com/dmytrogajewski/spin/internal/core/config.go:369.45,370.50 1 1
github.com/dmytrogajewski/spin/internal/core/config.go:370.50,372.4 1 1
github.com/dmytrogajewski/spin/internal/core/config.go:375.2,375.12 1 3
github.com/dmytrogajewski/spin/internal/core/config.go:379.37,390.32 2 3
github.com/dmytrogajewski/spin/internal/core/config.go:390.32,391.35 1 21
github.com/dmytrogajewski/spin/internal/core/config.go:391.35,393.4 1 3
github.com/dmytrogajewski/spin/internal/core/config.go:398.34,406.35 2 3
github.com/dmytrogajewski/spin/internal/core/config.go:406.35,407.35 1 12
github.com/dmytrogajewski/spin/internal/core/config.go:407.35,408.45 1 1
github.com/dmytrogajewski/spin/internal/core/config.go:408.45,410.5 1 1
github.com/dmytrogajewski/spin/internal/core/config.go:416.35,424.36 2 3
github.com/dmytrogajewski/spin/internal/core/config.go:424.36,425.35 1 12
github.com/dmytrogajewski/spin/internal/core/config.go:425.35,426.50 1 0
github.com/dmytrogajewski/spin/internal/core/config.go:426.50,428.5 1 0
github.com/dmytrogajewski/spin/internal/core/conversation.go:36.91,37.20 1 24
github.com/dmytrogajewski/spin/internal/core/conversation.go:37.20,39.3 1 0
github.com/dmytrogajewski/spin/internal/core/conversation.go:41.2,52.20 2 24
github.com/dmytrogajewski/spin/internal/core/conversation.go:52.20,54.17 2 24
github.com/dmytrogajewski/spin/internal/core/conversation.go:54.17,57.4 2 24
github.com/dmytrogajewski/spin/internal/core/conversation.go:60.2,60.10 1 24
github.com/dmytrogajewski/spin/internal/core/conversation.go:65.56,67.22 2 24
github.com/dmytrogajewski/spin/internal/core/conversation.go:67.22,68.10 1 18
github.com/dmytrogajewski/spin/internal/core/conversation.go:69.23,69.23 0 18
github.com/dmytrogajewski/spin/internal/core/conversation.go:70.11,70.11 0 0
github.com/dmytrogajewski/spin/internal/core/conversation.go:75.2,77.9 3 4
github.com/dmytrogajewski/spin/internal/core/conversation.go:78.18,78.18 0 1
github.com/dmytrogajewski/spin/internal/core/conversation.go:82.10,82.10 0 3
github.com/dmytrogajewski/spin/internal/core/conversation.go:86.2,86.22 1 4
github.com/dmytrogajewski/spin/internal/core/conversation.go:86.22,87.16 1 4
github.com/dmytrogajewski/spin/internal/core/conversation.go:87.16,87.33 1 4
github.com/dmytrogajewski/spin/internal/core/conversation.go:88.3,88.18 1 4
github.com/dmytrogajewski/spin/internal/core/conversation.go:90.2,90.13 1 4
github.com/dmytrogajewski/spin/internal/core/conversation.go:95.77,96.21 1 7
github.com/dmytrogajewski/spin/internal/core/conversation.go:96.21,98.3 1 0
github.com/dmytrogajewski/spin/internal/core/conversation.go:101.2,101.9 1 7
github.com/dmytrogajewski/spin/internal/core/conversation.go:102.33,102.33 0 6
github.com/dmytrogajewski/spin/internal/core/conversation.go:104.10,105.49 1 1
github.com/dmytrogajewski/spin/internal/core/conversation.go:108.2,108.15 1 6
github.com/dmytrogajewski/spin/internal/core/conversation.go:108.15,109.10 1 6
github.com/dmytrogajewski/spin/internal/core/conversation.go:110.22,110.22 0 6
github.com/dmytrogajewski/spin/internal/core/conversation.go:111.11,111.11 0 0
github.com/dmytrogajewski/spin/internal/core/conversation.go:116.2,117.31 2 6
github.com/dmytrogajewski/spin/internal/core/conversation.go:117.31,120.3 2 0
github.com/dmytrogajewski/spin/internal/core/conversation.go:121.2,129.15 5 6
github.com/dmytrogajewski/spin/internal/core/conversation.go:129.15,134.3 4 6
github.com/dmytrogajewski/spin/internal/core/conversation.go:137.2,137.22 1 6
github.com/dmytrogajewski/spin/internal/core/conversation.go:137.22,139.3 1 6
github.com/dmytrogajewski/spin/internal/core/conversation.go:142.2,143.46 2 6
github.com/dmytrogajewski/spin/internal/core/conversation.go:143.46,145.3 1 6
github.com/dmytrogajewski/spin/internal/core/conversation.go:148.2,149.22 2 6
github.com/dmytrogajewski/spin/internal/core/conversation.go:149.22,151.3 1 6
github.com/dmytrogajewski/spin/internal/core/conversation.go:153.2,162.16 3 6
github.com/dmytrogajewski/spin/internal/core/conversation.go:162.16,165.3 1 0
github.com/dmytrogajewski/spin/internal/core/conversation.go:168.2,168.59 1 6
github.com/dmytrogajewski/spin/internal/core/conversation.go:168.59,170.3 1 6
github.com/dmytrogajewski/spin/internal/core/conversation.go:172.2,172.12 1 6
github.com/dmytrogajewski/spin/internal/core/conversation.go:176.46,178.2 1 3
github.com/dmytrogajewski/spin/internal/core/conversation.go:182.56,184.31 2 5
github.com/dmytrogajewski/spin/internal/core/conversation.go:184.31,187.3 2 1
github.com/dmytrogajewski/spin/internal/core/conversation.go:188.2,196.19 7 4
github.com/dmytrogajewski/spin/internal/core/conversation.go:196.19,198.3 1 0
github.com/dmytrogajewski/spin/internal/core/conversation.go:201.2,201.37 1 4
github.com/dmytrogajewski/spin/internal/core/conversation.go:201.37,203.3 1 4
github.com/dmytrogajewski/spin/internal/core/conversation.go:205.2,206.12 2 4
github.com/dmytrogajewski/spin/internal/core/conversation.go:206.12,209.3 2 4
github.com/dmytrogajewski/spin/internal/core/conversation.go:211.2,211.9 1 4
github.com/dmytrogajewski/spin/internal/core/conversation.go:212.14,214.23 1 3
github.com/dmytrogajewski/spin/internal/core/conversation.go:214.23,215.17 1 3
github.com/dmytrogajewski/spin/internal/core/conversation.go:215.17,215.34 1 3
github.com/dmytrogajewski/spin/internal/core/conversation.go:216.4,216.19 1 3
github.com/dmytrogajewski/spin/internal/core/conversation.go:218.3,218.14 1 3
github.com/dmytrogajewski/spin/internal/core/conversation.go:219.20,221.23 1 1
github.com/dmytrogajewski/spin/internal/core/conversation.go:221.23,222.17 1 1
github.com/dmytrogajewski/spin/internal/core/conversation.go:222.17,222.34 1 1
github.com/dmytrogajewski/spin/internal/core/conversation.go:223.4,223.19 1 1
github.com/dmytrogajewski/spin/internal/core/conversation.go:225.3,226.19 2 1
github.com/dmytrogajewski/spin/internal/core/conversation.go:227.44,229.23 1 0
github.com/dmytrogajewski/spin/internal/core/conversation.go:229.23,230.17 1 0
github.com/dmytrogajewski/spin/internal/core/conversation.go:230.17,230.34 1 0
github.com/dmytrogajewski/spin/internal/core/conversation.go:231.4,231.19 1 0
github.com/dmytrogajewski/spin/internal/core/conversation.go:233.3,233.14 1 0
github.com/dmytrogajewski/spin/internal/core/conversation.go:236.2,236.12 1 3
github.com/dmytrogajewski/spin/internal/core/conversation.go:240.38,244.2 3 5
github.com/dmytrogajewski/spin/internal/core/environment.go:70.46,71.36 1 1
github.com/dmytrogajewski/spin/internal/core/environment.go:71.36,73.3 1 1
github.com/dmytrogajewski/spin/internal/core/environment.go:77.48,78.36 1 1
github.com/dmytrogajewski/spin/internal/core/environment.go:78.36,80.3 1 1
github.com/dmytrogajewski/spin/internal/core/environment.go:84.47,85.36 1 1
github.com/dmytrogajewski/spin/internal/core/environment.go:85.36,87.3 1 1
github.com/dmytrogajewski/spin/internal/core/environment.go:93.89,100.27 2 6
github.com/dmytrogajewski/spin/internal/core/environment.go:100.27,102.3 1 3
github.com/dmytrogajewski/spin/internal/core/environment.go:105.2,105.44 1 6
github.com/dmytrogajewski/spin/internal/core/environment.go:105.44,107.3 1 0
github.com/dmytrogajewski/spin/internal/core/environment.go:110.2,114.18 3 6
github.com/dmytrogajewski/spin/internal/core/environment.go:114.18,116.3 1 5
github.com/dmytrogajewski/spin/internal/core/environment.go:119.2,120.16 2 6
github.com/dmytrogajewski/spin/internal/core/environment.go:120.16,123.3 1 0
github.com/dmytrogajewski/spin/internal/core/environment.go:126.2,140.8 4 6
github.com/dmytrogajewski/spin/internal/core/environment.go:144.28,154.86 3 8
github.com/dmytrogajewski/spin/internal/core/environment.go:154.86,155.70 1 8
github.com/dmytrogajewski/spin/internal/core/environment.go:155.70,157.4 1 8
github.com/dmytrogajewski/spin/internal/core/environment.go:160.2,160.13 1 8
github.com/dmytrogajewski/spin/internal/core/environment.go:165.54,167.48 1 8
github.com/dmytrogajewski/spin/internal/core/environment.go:167.48,169.3 1 0
github.com/dmytrogajewski/spin/internal/core/environment.go:172.2,175.16 4 8
github.com/dmytrogajewski/spin/internal/core/environment.go:175.16,177.3 1 6
github.com/dmytrogajewski/spin/internal/core/environment.go:179.2,188.45 5 2
github.com/dmytrogajewski/spin/internal/core/environment.go:188.45,190.3 1 2
github.com/dmytrogajewski/spin/internal/core/environment.go:193.2,195.45 3 2
github.com/dmytrogajewski/spin/internal/core/environment.go:195.45,200.58 3 2
github.com/dmytrogajewski/spin/internal/core/environment.go:200.58,201.37 1 4
github.com/dmytrogajewski/spin/internal/core/environment.go:201.37,204.5 2 1
github.com/dmytrogajewski/spin/internal/core/environment.go:209.2,211.45 3 2
github.com/dmytrogajewski/spin/internal/core/environment.go:211.45,213.60 2 2
github.com/dmytrogajewski/spin/internal/core/environment.go:213.60,215.23 2 2
github.com/dmytrogajewski/spin/internal/core/environment.go:215.23,218.46 3 0
github.com/dmytrogajewski/spin/internal/core/environment.go:218.46,220.6 1 0
github.com/dmytrogajewski/spin/internal/core/environment.go:224.3,224.36 1 2
github.com/dmytrogajewski/spin/internal/core/environment.go:224.36,229.4 1 0
github.com/dmytrogajewski/spin/internal/core/environment.go:232.2,232.18 1 2
github.com/dmytrogajewski/spin/internal/core/environment.go:236.83,256.85 4 8
github.com/dmytrogajewski/spin/internal/core/environment.go:256.85,257.17 1 38
github.com/dmytrogajewski/spin/internal/core/environment.go:257.17,259.4 1 0
github.com/dmytrogajewski/spin/internal/core/environment.go:262.3,263.17 2 38
github.com/dmytrogajewski/spin/internal/core/environment.go:263.17,265.4 1 0
github.com/dmytrogajewski/spin/internal/core/environment.go:268.3,269.23 2 38
github.com/dmytrogajewski/spin/internal/core/environment.go:269.23,270.17 1 2
github.com/dmytrogajewski/spin/internal/core/environment.go:270.17,272.5 1 1
github.com/dmytrogajewski/spin/internal/core/environment.go:273.4,273.14 1 1
github.com/dmytrogajewski/spin/internal/core/environment.go:277.3,277.16 1 36
github.com/dmytrogajewski/spin/internal/core/environment.go:277.16,279.51 2 16
github.com/dmytrogajewski/spin/internal/core/environment.go:279.51,281.5 1 3
github.com/dmytrogajewski/spin/internal/core/environment.go:282.4,282.22 1 13
github.com/dmytrogajewski/spin/internal/core/environment.go:282.22,284.5 1 1
github.com/dmytrogajewski/spin/internal/core/environment.go:285.4,285.14 1 12
github.com/dmytrogajewski/spin/internal/core/environment.go:289.3,289.39 1 20
github.com/dmytrogajewski/spin/internal/core/environment.go:289.39,291.4 1 0
github.com/dmytrogajewski/spin/internal/core/environment.go:294.3,294.24 1 20
github.com/dmytrogajewski/spin/internal/core/environment.go:294.24,296.4 1 0
github.com/dmytrogajewski/spin/internal/core/environment.go:299.3,300.17 2 20
github.com/dmytrogajewski/spin/internal/core/environment.go:300.17,302.4 1 0
github.com/dmytrogajewski/spin/internal/core/environment.go:305.3,318.13 5 20
github.com/dmytrogajewski/spin/internal/core/environment.go:321.2,321.19 1 8
github.com/dmytrogajewski/spin/internal/core/environment.go:325.47,358.46 2 20
github.com/dmytrogajewski/spin/internal/core/environment.go:358.46,360.3 1 19
github.com/dmytrogajewski/spin/internal/core/environment.go:361.2,361.18 1 1
github.com/dmytrogajewski/spin/internal/core/environment.go:365.34,367.16 2 20
github.com/dmytrogajewski/spin/internal/core/environment.go:367.16,369.3 1 0
github.com/dmytrogajewski/spin/internal/core/environment.go:370.2,374.21 4 20
github.com/dmytrogajewski/spin/internal/core/environment.go:374.21,376.3 1 22
github.com/dmytrogajewski/spin/internal/core/environment.go:378.2,378.14 1 20
github.com/dmytrogajewski/spin/internal/core/environment.go:382.49,383.36 1 11
github.com/dmytrogajewski/spin/internal/core/environment.go:383.36,384.27 1 75
github.com/dmytrogajewski/spin/internal/core/environment.go:384.27,385.55 1 175
github.com/dmytrogajewski/spin/internal/core/environment.go:385.55,387.5 1 5
github.com/dmytrogajewski/spin/internal/core/environment.go:389.3,389.15 1 70
github.com/dmytrogajewski/spin/internal/core/environment.go:393.2,393.23 1 11
github.com/dmytrogajewski/spin/internal/core/environment.go:393.23,395.3 1 2
github.com/dmytrogajewski/spin/internal/core/environment.go:398.2,398.85 1 9
github.com/dmytrogajewski/spin/internal/core/environment.go:398.85,400.3 1 1
github.com/dmytrogajewski/spin/internal/core/environment.go:403.2,403.29 1 8
github.com/dmytrogajewski/spin/internal/core/environment.go:403.29,405.3 1 1
github.com/dmytrogajewski/spin/internal/core/environment.go:408.2,408.27 1 7
github.com/dmytrogajewski/spin/internal/core/environment.go:408.27,410.3 1 1
github.com/dmytrogajewski/spin/internal/core/environment.go:413.2,413.24 1 6
github.com/dmytrogajewski/spin/internal/core/environment.go:413.24,415.3 1 0
github.com/dmytrogajewski/spin/internal/core/environment.go:418.2,418.24 1 6
github.com/dmytrogajewski/spin/internal/core/environment.go:418.24,420.3 1 0
github.com/dmytrogajewski/spin/internal/core/environment.go:423.2,423.60 1 6
github.com/dmytrogajewski/spin/internal/core/environment.go:423.60,425.3 1 0
github.com/dmytrogajewski/spin/internal/core/environment.go:427.2,427.18 1 6
github.com/dmytrogajewski/spin/internal/core/environment.go:431.49,434.29 2 7
github.com/dmytrogajewski/spin/internal/core/environment.go:434.29,437.59 1 19
github.com/dmytrogajewski/spin/internal/core/environment.go:437.59,439.4 1 4
github.com/dmytrogajewski/spin/internal/core/environment.go:443.2,444.32 2 7
github.com/dmytrogajewski/spin/internal/core/environment.go:444.32,446.3 1 3
github.com/dmytrogajewski/spin/internal/core/environment.go:447.2,449.18 2 7
github.com/dmytrogajewski/spin/internal/core/environment.go:453.56,477.39 4 8
github.com/dmytrogajewski/spin/internal/core/environment.go:477.39,481.44 2 620
github.com/dmytrogajewski/spin/internal/core/environment.go:481.44,482.43 1 3711
github.com/dmytrogajewski/spin/internal/core/environment.go:482.43,484.5 1 3
github.com/dmytrogajewski/spin/internal/core/environment.go:488.3,488.49 1 617
github.com/dmytrogajewski/spin/internal/core/environment.go:488.49,489.45 1 4253
github.com/dmytrogajewski/spin/internal/core/environment.go:489.45,491.5 1 19
github.com/dmytrogajewski/spin/internal/core/environment.go:494.3,494.15 1 598
github.com/dmytrogajewski/spin/internal/core/environment.go:497.2,497.24 1 8
github.com/dmytrogajewski/spin/internal/core/environment.go:497.24,499.22 2 620
github.com/dmytrogajewski/spin/internal/core/environment.go:499.22,500.12 1 0
github.com/dmytrogajewski/spin/internal/core/environment.go:503.3,506.24 3 620
github.com/dmytrogajewski/spin/internal/core/environment.go:506.24,508.4 1 598
github.com/dmytrogajewski/spin/internal/core/environment.go:511.2,511.17 1 8
github.com/dmytrogajewski/spin/internal/core/environment.go:516.39,523.23 4 2
github.com/dmytrogajewski/spin/internal/core/environment.go:523.23,525.3 1 1
github.com/dmytrogajewski/spin/internal/core/environment.go:526.2,526.22 1 2
github.com/dmytrogajewski/spin/internal/core/environment.go:526.22,528.3 1 1
github.com/dmytrogajewski/spin/internal/core/environment.go:531.2,534.32 2 2
github.com/dmytrogajewski/spin/internal/core/environment.go:534.32,536.3 1 2
github.com/dmytrogajewski/spin/internal/core/environment.go:539.2,539.26 1 2
github.com/dmytrogajewski/spin/internal/core/environment.go:539.26,541.3 1 2
github.com/dmytrogajewski/spin/internal/core/environment.go:544.2,544.18 1 2
github.com/dmytrogajewski/spin/internal/core/environment.go:544.18,546.23 2 2
github.com/dmytrogajewski/spin/internal/core/environment.go:546.23,548.4 1 1
github.com/dmytrogajewski/spin/internal/core/environment.go:549.3,551.36 2 2
github.com/dmytrogajewski/spin/internal/core/environment.go:551.36,553.4 1 1
github.com/dmytrogajewski/spin/internal/core/environment.go:555.3,555.29 1 2
github.com/dmytrogajewski/spin/internal/core/environment.go:555.29,557.4 1 1
github.com/dmytrogajewski/spin/internal/core/environment.go:561.2,561.22 1 2
github.com/dmytrogajewski/spin/internal/core/environment.go:561.22,566.32 3 1
github.com/dmytrogajewski/spin/internal/core/environment.go:566.32,567.20 1 2
github.com/dmytrogajewski/spin/internal/core/environment.go:567.20,569.10 2 0
github.com/dmytrogajewski/spin/internal/core/environment.go:572.4,572.34 1 2
github.com/dmytrogajewski/spin/internal/core/environment.go:572.34,574.5 1 2
github.com/dmytrogajewski/spin/internal/core/environment.go:574.10,576.5 1 0
github.com/dmytrogajewski/spin/internal/core/environment.go:580.2,580.20 1 2
github.com/dmytrogajewski/spin/internal/core/environment_concurrent.go:29.99,36.27 2 0
github.com/dmytrogajewski/spin/internal/core/environment_concurrent.go:36.27,38.3 1 0
github.com/dmytrogajewski/spin/internal/core/environment_concurrent.go:41.2,41.44 1 0
github.com/dmytrogajewski/spin/internal/core/environment_concurrent.go:41.44,43.3 1 0
github.com/dmytrogajewski/spin/internal/core/environment_concurrent.go:46.2,57.20 4 0
github.com/dmytrogajewski/spin/internal/core/environment_concurrent.go:57.20,58.10 1 0
github.com/dmytrogajewski/spin/internal/core/environment_concurrent.go:59.21,60.20 1 0
github.com/dmytrogajewski/spin/internal/core/environment_concurrent.go:61.11,66.14 5 0
github.com/dmytrogajewski/spin/internal/core/environment_concurrent.go:71.2,71.18 1 0
github.com/dmytrogajewski/spin/internal/core/environment_concurrent.go:71.18,72.21 1 0
github.com/dmytrogajewski/spin/internal/core/environment_concurrent.go:72.21,73.11 1 0
github.com/dmytrogajewski/spin/internal/core/environment_concurrent.go:74.22,75.21 1 0
github.com/dmytrogajewski/spin/internal/core/environment_concurrent.go:76.12,81.15 5 0
github.com/dmytrogajewski/spin/internal/core/environment_concurrent.go:87.2,87.20 1 0
github.com/dmytrogajewski/spin/internal/core/environment_concurrent.go:87.20,88.10 1 0
github.com/dmytrogajewski/spin/internal/core/environment_concurrent.go:89.21,90.20 1 0
github.com/dmytrogajewski/spin/internal/core/environment_concurrent.go:91.11,93.18 2 0
github.com/dmytrogajewski/spin/internal/core/environment_concurrent.go:93.18,96.5 1 0
github.com/dmytrogajewski/spin/internal/core/environment_concurrent.go:99.4,107.14 8 0
github.com/dmytrogajewski/spin/internal/core/environment_concurrent.go:112.2,112.20 1 0
github.com/dmytrogajewski/spin/internal/core/environment_concurrent.go:112.20,113.10 1 0
github.com/dmytrogajewski/spin/internal/core/environment_concurrent.go:114.21,115.20 1 0
github.com/dmytrogajewski/spin/internal/core/environment_concurrent.go:116.11,121.14 5 0
github.com/dmytrogajewski/spin/internal/core/environment_concurrent.go:126.2,126.33 1 0
github.com/dmytrogajewski/spin/internal/core/environment_concurrent.go:126.33,128.3 1 0
github.com/dmytrogajewski/spin/internal/core/environment_concurrent.go:130.2,130.17 1 0
github.com/dmytrogajewski/spin/internal/core/error.go:72.36,73.11 1 9
github.com/dmytrogajewski/spin/internal/core/error.go:74.22,75.19 1 1
github.com/dmytrogajewski/spin/internal/core/error.go:76.27,77.25 1 1
github.com/dmytrogajewski/spin/internal/core/error.go:78.23,79.21 1 1
github.com/dmytrogajewski/spin/internal/core/error.go:80.28,81.26 1 1
github.com/dmytrogajewski/spin/internal/core/error.go:82.31,83.29 1 1
github.com/dmytrogajewski/spin/internal/core/error.go:84.22,85.19 1 1
github.com/dmytrogajewski/spin/internal/core/error.go:86.24,87.21 1 1
github.com/dmytrogajewski/spin/internal/core/error.go:88.23,89.20 1 1
github.com/dmytrogajewski/spin/internal/core/error.go:90.23,91.20 1 1
github.com/dmytrogajewski/spin/internal/core/error.go:92.10,93.19 1 0
github.com/dmytrogajewski/spin/internal/core/error.go:113.32,114.18 1 5
github.com/dmytrogajewski/spin/internal/core/error.go:114.18,116.3 1 4
github.com/dmytrogajewski/spin/internal/core/error.go:117.2,117.13 1 1
github.com/dmytrogajewski/spin/internal/core/error.go:121.32,123.2 1 9
github.com/dmytrogajewski/spin/internal/core/error.go:126.39,128.9 2 10
github.com/dmytrogajewski/spin/internal/core/error.go:128.9,130.3 1 6
github.com/dmytrogajewski/spin/internal/core/error.go:132.2,132.58 1 4
github.com/dmytrogajewski/spin/internal/core/error.go:132.58,134.3 1 3
github.com/dmytrogajewski/spin/internal/core/error.go:135.2,135.14 1 1
github.com/dmytrogajewski/spin/internal/core/error.go:146.51,152.2 1 1
github.com/dmytrogajewski/spin/internal/core/error.go:155.50,161.2 1 1
github.com/dmytrogajewski/spin/internal/core/error.go:164.52,170.2 1 1
github.com/dmytrogajewski/spin/internal/core/error.go:173.39,179.2 1 1
github.com/dmytrogajewski/spin/internal/core/error.go:182.41,188.2 1 1
github.com/dmytrogajewski/spin/internal/core/error.go:191.51,197.2 1 1
github.com/dmytrogajewski/spin/internal/core/error.go:200.51,206.2 1 1
github.com/dmytrogajewski/spin/internal/core/error.go:209.55,215.2 1 1
github.com/dmytrogajewski/spin/internal/core/error.go:219.44,220.16 1 2
github.com/dmytrogajewski/spin/internal/core/error.go:220.16,222.3 1 0
github.com/dmytrogajewski/spin/internal/core/error.go:225.2,225.31 1 2
github.com/dmytrogajewski/spin/internal/core/error.go:225.31,228.3 2 1
github.com/dmytrogajewski/spin/internal/core/error.go:231.2,235.3 1 1
github.com/dmytrogajewski/spin/internal/core/error.go:260.35,261.17 1 4
github.com/dmytrogajewski/spin/internal/core/error.go:261.17,271.3 1 1
github.com/dmytrogajewski/spin/internal/core/error.go:273.2,273.18 1 3
github.com/dmytrogajewski/spin/internal/core/error.go:273.18,283.3 1 1
github.com/dmytrogajewski/spin/internal/core/error.go:286.2,286.44 1 2
github.com/dmytrogajewski/spin/internal/core/error.go:286.44,291.44 3 1
github.com/dmytrogajewski/spin/internal/core/error.go:291.44,301.4 1 1
github.com/dmytrogajewski/spin/internal/core/error.go:304.2,304.12 1 1
github.com/dmytrogajewski/spin/internal/core/error.go:320.54,326.2 1 1
github.com/dmytrogajewski/spin/internal/core/event.go:50.36,68.25 2 15
github.com/dmytrogajewski/spin/internal/core/event.go:68.25,70.3 1 14
github.com/dmytrogajewski/spin/internal/core/event.go:71.2,71.18 1 1
github.com/dmytrogajewski/spin/internal/core/event.go:132.52,138.2 1 57
github.com/dmytrogajewski/spin/internal/core/event.go:143.80,147.14 3 1151
github.com/dmytrogajewski/spin/internal/core/event.go:147.14,149.3 1 2
github.com/dmytrogajewski/spin/internal/core/event.go:152.2,158.20 4 1149
github.com/dmytrogajewski/spin/internal/core/event.go:163.47,167.45 3 1016
github.com/dmytrogajewski/spin/internal/core/event.go:167.45,170.3 2 1015
github.com/dmytrogajewski/spin/internal/core/event.go:176.42,178.30 1 223
github.com/dmytrogajewski/spin/internal/core/event.go:178.30,180.3 1 165
github.com/dmytrogajewski/spin/internal/core/event.go:182.2,186.14 3 223
github.com/dmytrogajewski/spin/internal/core/event.go:186.14,188.3 1 0
github.com/dmytrogajewski/spin/internal/core/event.go:191.2,191.35 1 223
github.com/dmytrogajewski/spin/internal/core/event.go:191.35,192.10 1 252
github.com/dmytrogajewski/spin/internal/core/event.go:193.20,193.20 0 251
github.com/dmytrogajewski/spin/internal/core/event.go:195.11,195.11 0 1
github.com/dmytrogajewski/spin/internal/core/event.go:205.32,209.14 3 6
github.com/dmytrogajewski/spin/internal/core/event.go:209.14,211.3 1 2
github.com/dmytrogajewski/spin/internal/core/event.go:213.2,216.36 2 4
github.com/dmytrogajewski/spin/internal/core/event.go:216.36,219.3 2 3
github.com/dmytrogajewski/spin/internal/core/executor.go:64.33,66.2 1 14
github.com/dmytrogajewski/spin/internal/core/executor.go:69.32,71.2 1 5
github.com/dmytrogajewski/spin/internal/core/executor.go:74.34,75.38 1 5
github.com/dmytrogajewski/spin/internal/core/executor.go:75.38,77.3 1 1
github.com/dmytrogajewski/spin/internal/core/executor.go:78.2,78.20 1 4
github.com/dmytrogajewski/spin/internal/core/executor.go:78.20,80.3 1 1
github.com/dmytrogajewski/spin/internal/core/executor.go:81.2,81.20 1 3
github.com/dmytrogajewski/spin/internal/core/executor.go:81.20,83.3 1 1
github.com/dmytrogajewski/spin/internal/core/executor.go:84.2,84.35 1 2
github.com/dmytrogajewski/spin/internal/core/executor.go:115.46,126.2 1 31
github.com/dmytrogajewski/spin/internal/core/executor.go:172.49,173.33 1 3
github.com/dmytrogajewski/spin/internal/core/executor.go:173.33,174.15 1 3
github.com/dmytrogajewski/spin/internal/core/executor.go:174.15,176.4 1 0
github.com/dmytrogajewski/spin/internal/core/executor.go:177.3,178.13 2 3
github.com/dmytrogajewski/spin/internal/core/executor.go:183.50,184.33 1 2
github.com/dmytrogajewski/spin/internal/core/executor.go:184.33,185.13 1 2
github.com/dmytrogajewski/spin/internal/core/executor.go:185.13,187.4 1 0
github.com/dmytrogajewski/spin/internal/core/executor.go:188.3,189.13 2 2
github.com/dmytrogajewski/spin/internal/core/executor.go:194.51,195.33 1 2
github.com/dmytrogajewski/spin/internal/core/executor.go:195.33,196.16 1 2
github.com/dmytrogajewski/spin/internal/core/executor.go:196.16,198.4 1 0
github.com/dmytrogajewski/spin/internal/core/executor.go:199.3,200.13 2 2
github.com/dmytrogajewski/spin/internal/core/executor.go:205.60,206.33 1 1
github.com/dmytrogajewski/spin/internal/core/executor.go:206.33,207.17 1 1
github.com/dmytrogajewski/spin/internal/core/executor.go:207.17,209.4 1 0
github.com/dmytrogajewski/spin/internal/core/executor.go:210.3,211.13 2 1
github.com/dmytrogajewski/spin/internal/core/executor.go:217.48,218.33 1 0
github.com/dmytrogajewski/spin/internal/core/executor.go:218.33,221.3 2 0
github.com/dmytrogajewski/spin/internal/core/executor.go:225.77,226.19 1 68
github.com/dmytrogajewski/spin/internal/core/executor.go:226.19,228.3 1 1
github.com/dmytrogajewski/spin/internal/core/executor.go:230.2,237.27 2 67
github.com/dmytrogajewski/spin/internal/core/executor.go:237.27,238.32 1 8
github.com/dmytrogajewski/spin/internal/core/executor.go:238.32,240.4 1 0
github.com/dmytrogajewski/spin/internal/core/executor.go:243.2,243.15 1 67
github.com/dmytrogajewski/spin/internal/core/executor.go:255.49,256.16 1 6
github.com/dmytrogajewski/spin/internal/core/executor.go:256.16,258.3 1 1
github.com/dmytrogajewski/spin/internal/core/executor.go:260.2,260.23 1 5
github.com/dmytrogajewski/spin/internal/core/executor.go:260.23,262.3 1 1
github.com/dmytrogajewski/spin/internal/core/executor.go:265.2,269.22 4 4
github.com/dmytrogajewski/spin/internal/core/executor.go:269.22,271.17 2 3
github.com/dmytrogajewski/spin/internal/core/executor.go:271.17,273.4 1 0
github.com/dmytrogajewski/spin/internal/core/executor.go:275.3,275.48 1 3
github.com/dmytrogajewski/spin/internal/core/executor.go:275.48,277.4 1 2
github.com/dmytrogajewski/spin/internal/core/executor.go:280.2,280.12 1 2
github.com/dmytrogajewski/spin/internal/core/executor.go:304.102,306.17 1 33
github.com/dmytrogajewski/spin/internal/core/executor.go:306.17,308.3 1 27
github.com/dmytrogajewski/spin/internal/core/executor.go:311.2,317.24 2 33
github.com/dmytrogajewski/spin/internal/core/executor.go:317.24,318.41 1 1
github.com/dmytrogajewski/spin/internal/core/executor.go:318.41,323.4 4 1
github.com/dmytrogajewski/spin/internal/core/executor.go:324.8,324.23 1 32
github.com/dmytrogajewski/spin/internal/core/executor.go:324.23,330.3 5 0
github.com/dmytrogajewski/spin/internal/core/executor.go:330.8,330.30 1 32
github.com/dmytrogajewski/spin/internal/core/executor.go:330.30,336.3 5 0
github.com/dmytrogajewski/spin/internal/core/executor.go:339.2,347.19 5 32
github.com/dmytrogajewski/spin/internal/core/executor.go:347.19,349.3 1 31
github.com/dmytrogajewski/spin/internal/core/executor.go:350.2,361.40 6 32
github.com/dmytrogajewski/spin/internal/core/executor.go:361.40,367.3 5 1
github.com/dmytrogajewski/spin/internal/core/executor.go:370.2,378.18 5 31
github.com/dmytrogajewski/spin/internal/core/executor.go:378.18,382.3 3 30
github.com/dmytrogajewski/spin/internal/core/executor.go:385.2,392.16 2 31
github.com/dmytrogajewski/spin/internal/core/executor.go:392.16,393.48 1 5
github.com/dmytrogajewski/spin/internal/core/executor.go:393.48,397.4 3 2
github.com/dmytrogajewski/spin/internal/core/executor.go:398.3,398.40 1 3
github.com/dmytrogajewski/spin/internal/core/executor.go:398.40,402.4 3 1
github.com/dmytrogajewski/spin/internal/core/executor.go:405.3,405.47 1 2
github.com/dmytrogajewski/spin/internal/core/executor.go:405.47,407.4 1 2
github.com/dmytrogajewski/spin/internal/core/executor.go:407.9,409.4 1 0
github.com/dmytrogajewski/spin/internal/core/executor.go:410.3,411.30 2 2
github.com/dmytrogajewski/spin/internal/core/executor.go:414.2,415.20 2 26
github.com/dmytrogajewski/spin/internal/core/executor.go:441.122,443.17 1 3
github.com/dmytrogajewski/spin/internal/core/executor.go:443.17,445.3 1 3
github.com/dmytrogajewski/spin/internal/core/executor.go:448.2,448.24 1 3
github.com/dmytrogajewski/spin/internal/core/executor.go:448.24,449.41 1 0
github.com/dmytrogajewski/spin/internal/core/executor.go:449.41,451.4 1 0
github.com/dmytrogajewski/spin/internal/core/executor.go:452.8,452.23 1 3
github.com/dmytrogajewski/spin/internal/core/executor.go:452.23,454.3 1 0
github.com/dmytrogajewski/spin/internal/core/executor.go:454.8,454.30 1 3
github.com/dmytrogajewski/spin/internal/core/executor.go:454.30,456.3 1 0
github.com/dmytrogajewski/spin/internal/core/executor.go:459.2,469.19 5 3
github.com/dmytrogajewski/spin/internal/core/executor.go:469.19,471.3 1 3
github.com/dmytrogajewski/spin/internal/core/executor.go:472.2,479.16 4 3
github.com/dmytrogajewski/spin/internal/core/executor.go:479.16,482.3 2 0
github.com/dmytrogajewski/spin/internal/core/executor.go:484.2,485.16 2 3
github.com/dmytrogajewski/spin/internal/core/executor.go:485.16,488.3 2 0
github.com/dmytrogajewski/spin/internal/core/executor.go:491.2,491.40 1 3
github.com/dmytrogajewski/spin/internal/core/executor.go:491.40,494.3 2 0
github.com/dmytrogajewski/spin/internal/core/executor.go:497.2,501.12 3 3
github.com/dmytrogajewski/spin/internal/core/executor.go:501.12,504.3 2 3
github.com/dmytrogajewski/spin/internal/core/executor.go:507.2,508.12 2 3
github.com/dmytrogajewski/spin/internal/core/executor.go:508.12,511.3 2 3
github.com/dmytrogajewski/spin/internal/core/executor.go:514.2,514.12 1 3
github.com/dmytrogajewski/spin/internal/core/executor.go:514.12,525.17 5 3
github.com/dmytrogajewski/spin/internal/core/executor.go:525.17,526.49 1 1
github.com/dmytrogajewski/spin/internal/core/executor.go:526.49,532.5 1 0
github.com/dmytrogajewski/spin/internal/core/executor.go:532.10,532.48 1 1
github.com/dmytrogajewski/spin/internal/core/executor.go:532.48,538.5 1 1
github.com/dmytrogajewski/spin/internal/core/executor.go:538.10,544.5 1 0
github.com/dmytrogajewski/spin/internal/core/executor.go:545.9,552.4 1 2
github.com/dmytrogajewski/spin/internal/core/executor.go:555.2,555.20 1 3
github.com/dmytrogajewski/spin/internal/core/executor.go:559.114,561.18 2 35
github.com/dmytrogajewski/spin/internal/core/executor.go:561.18,565.3 3 34
github.com/dmytrogajewski/spin/internal/core/executor.go:567.2,567.42 1 35
github.com/dmytrogajewski/spin/internal/core/executor.go:571.68,575.21 2 35
github.com/dmytrogajewski/spin/internal/core/executor.go:575.21,576.35 1 1
github.com/dmytrogajewski/spin/internal/core/executor.go:576.35,578.49 2 103
github.com/dmytrogajewski/spin/internal/core/executor.go:578.49,580.5 1 101
github.com/dmytrogajewski/spin/internal/core/executor.go:585.2,586.26 2 35
github.com/dmytrogajewski/spin/internal/core/executor.go:586.26,588.3 1 1
github.com/dmytrogajewski/spin/internal/core/executor.go:589.2,592.29 2 35
github.com/dmytrogajewski/spin/internal/core/executor.go:592.29,594.3 1 1
github.com/dmytrogajewski/spin/internal/core/executor.go:597.2,598.24 2 35
github.com/dmytrogajewski/spin/internal/core/executor.go:598.24,600.3 1 103
github.com/dmytrogajewski/spin/internal/core/executor.go:602.2,602.15 1 35
github.com/dmytrogajewski/spin/internal/core/executor.go:606.35,613.36 3 103
github.com/dmytrogajewski/spin/internal/core/executor.go:613.36,614.39 1 810
github.com/dmytrogajewski/spin/internal/core/executor.go:614.39,616.4 1 2
github.com/dmytrogajewski/spin/internal/core/executor.go:618.2,618.14 1 101
github.com/dmytrogajewski/spin/internal/core/executor.go:622.98,627.16 3 31
github.com/dmytrogajewski/spin/internal/core/executor.go:627.16,629.3 1 0
github.com/dmytrogajewski/spin/internal/core/executor.go:630.2,630.40 1 31
github.com/dmytrogajewski/spin/internal/core/executor.go:630.40,633.3 2 2
github.com/dmytrogajewski/spin/internal/core/executor.go:636.2,637.16 2 31
github.com/dmytrogajewski/spin/internal/core/executor.go:637.16,639.3 1 0
github.com/dmytrogajewski/spin/internal/core/executor.go:640.2,640.40 1 31
github.com/dmytrogajewski/spin/internal/core/executor.go:640.40,643.3 2 0
github.com/dmytrogajewski/spin/internal/core/executor.go:645.2,645.60 1 31
github.com/dmytrogajewski/spin/internal/core/executor.go:649.88,651.6 2 6
github.com/dmytrogajewski/spin/internal/core/executor.go:651.6,653.12 2 14
github.com/dmytrogajewski/spin/internal/core/executor.go:653.12,664.4 3 8
github.com/dmytrogajewski/spin/internal/core/executor.go:665.3,665.17 1 14
github.com/dmytrogajewski/spin/internal/core/executor.go:665.17,666.21 1 6
github.com/dmytrogajewski/spin/internal/core/executor.go:666.21,673.5 1 0
github.com/dmytrogajewski/spin/internal/core/executor.go:674.4,674.9 1 6
github.com/dmytrogajewski/spin/internal/core/history.go:74.62,75.22 1 55
github.com/dmytrogajewski/spin/internal/core/history.go:75.22,77.3 1 0
github.com/dmytrogajewski/spin/internal/core/history.go:79.2,83.3 1 55
github.com/dmytrogajewski/spin/internal/core/history.go:91.40,93.2 1 24
github.com/dmytrogajewski/spin/internal/core/history.go:101.49,102.20 1 331
github.com/dmytrogajewski/spin/internal/core/history.go:102.20,104.3 1 1
github.com/dmytrogajewski/spin/internal/core/history.go:106.2,110.18 3 330
github.com/dmytrogajewski/spin/internal/core/history.go:110.18,112.3 1 328
github.com/dmytrogajewski/spin/internal/core/history.go:115.2,115.28 1 330
github.com/dmytrogajewski/spin/internal/core/history.go:115.28,117.3 1 330
github.com/dmytrogajewski/spin/internal/core/history.go:120.2,120.21 1 330
github.com/dmytrogajewski/spin/internal/core/history.go:120.21,124.3 2 330
github.com/dmytrogajewski/spin/internal/core/history.go:126.2,127.12 2 330
github.com/dmytrogajewski/spin/internal/core/history.go:133.58,138.2 1 34
github.com/dmytrogajewski/spin/internal/core/history.go:143.56,148.2 1 258
github.com/dmytrogajewski/spin/internal/core/history.go:153.61,158.2 1 35
github.com/dmytrogajewski/spin/internal/core/history.go:165.68,171.2 1 1
github.com/dmytrogajewski/spin/internal/core/history.go:177.40,185.2 5 69
github.com/dmytrogajewski/spin/internal/core/history.go:191.46,193.2 1 6
github.com/dmytrogajewski/spin/internal/core/history.go:198.59,202.28 3 2
github.com/dmytrogajewski/spin/internal/core/history.go:202.28,203.29 1 2
github.com/dmytrogajewski/spin/internal/core/history.go:203.29,207.4 2 1
github.com/dmytrogajewski/spin/internal/core/history.go:210.2,210.61 1 1
github.com/dmytrogajewski/spin/internal/core/history.go:216.51,220.26 3 2
github.com/dmytrogajewski/spin/internal/core/history.go:220.26,222.3 1 1
github.com/dmytrogajewski/spin/internal/core/history.go:225.2,226.18 2 1
github.com/dmytrogajewski/spin/internal/core/history.go:232.64,237.33 4 0
github.com/dmytrogajewski/spin/internal/core/history.go:237.33,238.37 1 0
github.com/dmytrogajewski/spin/internal/core/history.go:238.37,240.4 1 0
github.com/dmytrogajewski/spin/internal/core/history.go:243.2,243.15 1 0
github.com/dmytrogajewski/spin/internal/core/history.go:247.31,252.2 3 72
github.com/dmytrogajewski/spin/internal/core/history.go:257.36,262.2 3 52
github.com/dmytrogajewski/spin/internal/core/history.go:266.42,268.33 2 62
github.com/dmytrogajewski/spin/internal/core/history.go:268.33,270.3 1 1468
github.com/dmytrogajewski/spin/internal/core/history.go:271.2,271.14 1 62
github.com/dmytrogajewski/spin/internal/core/history.go:275.34,280.2 3 2
github.com/dmytrogajewski/spin/internal/core/history.go:290.46,294.36 3 5
github.com/dmytrogajewski/spin/internal/core/history.go:294.36,296.3 1 3
github.com/dmytrogajewski/spin/internal/core/history.go:299.2,302.61 3 2
github.com/dmytrogajewski/spin/internal/core/history.go:302.61,305.3 2 0
github.com/dmytrogajewski/spin/internal/core/history.go:305.8,307.3 1 2
github.com/dmytrogajewski/spin/internal/core/history.go:310.2,311.22 2 2
github.com/dmytrogajewski/spin/internal/core/history.go:311.22,313.3 1 0
github.com/dmytrogajewski/spin/internal/core/history.go:317.2,318.22 2 2
github.com/dmytrogajewski/spin/internal/core/history.go:318.22,320.3 1 0
github.com/dmytrogajewski/spin/internal/core/history.go:322.2,328.42 3 2
github.com/dmytrogajewski/spin/internal/core/history.go:328.42,330.32 2 45
github.com/dmytrogajewski/spin/internal/core/history.go:330.32,331.9 1 2
github.com/dmytrogajewski/spin/internal/core/history.go:333.3,334.22 2 43
github.com/dmytrogajewski/spin/internal/core/history.go:338.2,338.46 1 2
github.com/dmytrogajewski/spin/internal/core/history.go:338.46,340.3 1 43
github.com/dmytrogajewski/spin/internal/core/history.go:342.2,343.12 2 2
github.com/dmytrogajewski/spin/internal/core/history.go:347.41,349.2 1 1
github.com/dmytrogajewski/spin/internal/core/history.go:354.55,359.31 4 2
github.com/dmytrogajewski/spin/internal/core/history.go:359.31,361.3 1 2
github.com/dmytrogajewski/spin/internal/core/history.go:363.2,364.20 2 2
github.com/dmytrogajewski/spin/internal/core/history.go:364.20,366.3 1 0
github.com/dmytrogajewski/spin/internal/core/history.go:368.2,368.46 1 2
github.com/dmytrogajewski/spin/internal/core/history.go:374.33,379.61 3 1
github.com/dmytrogajewski/spin/internal/core/history.go:379.61,381.3 1 1
github.com/dmytrogajewski/spin/internal/core/history.go:381.8,383.3 1 0
github.com/dmytrogajewski/spin/internal/core/history.go:385.2,385.12 1 1
github.com/dmytrogajewski/spin/internal/core/history.go:391.36,397.2 4 2
github.com/dmytrogajewski/spin/internal/core/history.go:402.53,403.37 1 1
github.com/dmytrogajewski/spin/internal/core/history.go:403.37,405.3 1 0
github.com/dmytrogajewski/spin/internal/core/history.go:407.2,407.42 1 1
github.com/dmytrogajewski/spin/internal/core/history.go:413.36,426.2 5 1
github.com/dmytrogajewski/spin/internal/core/history.go:431.45,433.16 2 3
github.com/dmytrogajewski/spin/internal/core/history.go:433.16,435.3 1 0
github.com/dmytrogajewski/spin/internal/core/history.go:437.2,438.16 2 3
github.com/dmytrogajewski/spin/internal/core/history.go:438.16,440.3 1 0
github.com/dmytrogajewski/spin/internal/core/history.go:442.2,442.12 1 3
github.com/dmytrogajewski/spin/internal/core/history.go:448.48,461.16 5 5
github.com/dmytrogajewski/spin/internal/core/history.go:461.16,463.3 1 0
github.com/dmytrogajewski/spin/internal/core/history.go:465.2,465.18 1 5
github.com/dmytrogajewski/spin/internal/core/history.go:471.65,473.16 2 2
github.com/dmytrogajewski/spin/internal/core/history.go:473.16,475.3 1 0
github.com/dmytrogajewski/spin/internal/core/history.go:477.2,477.36 1 2
github.com/dmytrogajewski/spin/internal/core/history.go:483.69,484.22 1 3
github.com/dmytrogajewski/spin/internal/core/history.go:484.22,486.3 1 0
github.com/dmytrogajewski/spin/internal/core/history.go:488.2,490.16 3 3
github.com/dmytrogajewski/spin/internal/core/history.go:490.16,492.3 1 0
github.com/dmytrogajewski/spin/internal/core/history.go:494.2,497.38 2 3
github.com/dmytrogajewski/spin/internal/core/history.go:497.38,502.3 3 7
github.com/dmytrogajewski/spin/internal/core/history.go:504.2,504.21 1 3
github.com/dmytrogajewski/spin/internal/core/manager.go:28.51,29.32 1 13
github.com/dmytrogajewski/spin/internal/core/manager.go:29.32,32.3 2 13
github.com/dmytrogajewski/spin/internal/core/manager.go:36.49,37.32 1 13
github.com/dmytrogajewski/spin/internal/core/manager.go:37.32,40.3 2 13
github.com/dmytrogajewski/spin/internal/core/manager.go:44.51,45.32 1 1
github.com/dmytrogajewski/spin/internal/core/manager.go:45.32,48.3 2 1
github.com/dmytrogajewski/spin/internal/core/manager.go:52.70,53.32 1 1
github.com/dmytrogajewski/spin/internal/core/manager.go:53.32,56.3 2 1
github.com/dmytrogajewski/spin/internal/core/manager.go:60.55,61.32 1 1
github.com/dmytrogajewski/spin/internal/core/manager.go:61.32,64.3 2 1
github.com/dmytrogajewski/spin/internal/core/manager.go:68.71,69.16 1 15
github.com/dmytrogajewski/spin/internal/core/manager.go:69.16,71.3 1 0
github.com/dmytrogajewski/spin/internal/core/manager.go:72.2,72.39 1 15
github.com/dmytrogajewski/spin/internal/core/manager.go:72.39,74.3 1 0
github.com/dmytrogajewski/spin/internal/core/manager.go:76.2,77.27 2 15
github.com/dmytrogajewski/spin/internal/core/manager.go:77.27,78.32 1 29
github.com/dmytrogajewski/spin/internal/core/manager.go:78.32,80.4 1 0
github.com/dmytrogajewski/spin/internal/core/manager.go:82.2,82.18 1 15
github.com/dmytrogajewski/spin/internal/core/manager.go:82.18,85.3 1 2
github.com/dmytrogajewski/spin/internal/core/manager.go:86.2,86.22 1 15
github.com/dmytrogajewski/spin/internal/core/manager.go:86.22,88.3 1 2
github.com/dmytrogajewski/spin/internal/core/manager.go:89.2,89.22 1 15
github.com/dmytrogajewski/spin/internal/core/manager.go:89.22,92.17 2 14
github.com/dmytrogajewski/spin/internal/core/manager.go:92.17,94.4 1 0
github.com/dmytrogajewski/spin/internal/core/manager.go:95.3,95.17 1 14
github.com/dmytrogajewski/spin/internal/core/manager.go:97.2,97.15 1 15
github.com/dmytrogajewski/spin/internal/core/manager.go:101.95,102.19 1 17
github.com/dmytrogajewski/spin/internal/core/manager.go:102.19,104.3 1 0
github.com/dmytrogajewski/spin/internal/core/manager.go:107.2,109.16 3 17
github.com/dmytrogajewski/spin/internal/core/manager.go:109.16,111.3 1 0
github.com/dmytrogajewski/spin/internal/core/manager.go:112.2,116.27 3 17
github.com/dmytrogajewski/spin/internal/core/manager.go:116.27,118.3 1 1
github.com/dmytrogajewski/spin/internal/core/manager.go:120.2,121.16 2 17
github.com/dmytrogajewski/spin/internal/core/manager.go:121.16,123.3 1 0
github.com/dmytrogajewski/spin/internal/core/manager.go:124.2,128.18 4 17
github.com/dmytrogajewski/spin/internal/core/manager.go:133.100,134.21 1 2
github.com/dmytrogajewski/spin/internal/core/manager.go:134.21,136.3 1 0
github.com/dmytrogajewski/spin/internal/core/manager.go:139.2,140.16 2 2
github.com/dmytrogajewski/spin/internal/core/manager.go:140.16,142.3 1 1
github.com/dmytrogajewski/spin/internal/core/manager.go:145.2,147.16 3 1
github.com/dmytrogajewski/spin/internal/core/manager.go:147.16,149.3 1 0
github.com/dmytrogajewski/spin/internal/core/manager.go:150.2,154.27 3 1
github.com/dmytrogajewski/spin/internal/core/manager.go:154.27,156.3 1 0
github.com/dmytrogajewski/spin/internal/core/manager.go:158.2,159.16 2 1
github.com/dmytrogajewski/spin/internal/core/manager.go:159.16,161.3 1 0
github.com/dmytrogajewski/spin/internal/core/manager.go:164.2,165.31 2 1
github.com/dmytrogajewski/spin/internal/core/manager.go:165.31,167.24 1 1
github.com/dmytrogajewski/spin/internal/core/manager.go:167.24,169.4 1 1
github.com/dmytrogajewski/spin/internal/core/manager.go:171.3,171.25 1 1
github.com/dmytrogajewski/spin/internal/core/manager.go:171.25,173.4 1 1
github.com/dmytrogajewski/spin/internal/core/manager.go:177.2,178.18 2 1
github.com/dmytrogajewski/spin/internal/core/manager.go:183.99,185.19 2 4
github.com/dmytrogajewski/spin/internal/core/manager.go:185.19,186.44 1 0
github.com/dmytrogajewski/spin/internal/core/manager.go:186.44,188.4 1 0
github.com/dmytrogajewski/spin/internal/core/manager.go:191.2,191.34 1 4
github.com/dmytrogajewski/spin/internal/core/manager.go:195.84,196.21 1 3
github.com/dmytrogajewski/spin/internal/core/manager.go:196.21,198.3 1 0
github.com/dmytrogajewski/spin/internal/core/manager.go:201.2,202.16 2 3
github.com/dmytrogajewski/spin/internal/core/manager.go:202.16,204.3 1 1
github.com/dmytrogajewski/spin/internal/core/manager.go:207.2,211.45 3 2
github.com/dmytrogajewski/spin/internal/core/manager.go:211.45,213.3 1 0
github.com/dmytrogajewski/spin/internal/core/manager.go:215.2,215.12 1 2
github.com/dmytrogajewski/spin/internal/core/manager.go:219.44,221.2 1 3
github.com/dmytrogajewski/spin/internal/core/mcp_manager.go:35.34,40.2 1 8
github.com/dmytrogajewski/spin/internal/core/mcp_manager.go:51.94,52.37 1 1
github.com/dmytrogajewski/spin/internal/core/mcp_manager.go:52.37,53.61 1 0
github.com/dmytrogajewski/spin/internal/core/mcp_manager.go:53.61,55.4 1 0
github.com/dmytrogajewski/spin/internal/core/mcp_manager.go:57.2,57.12 1 1
github.com/dmytrogajewski/spin/internal/core/mcp_manager.go:61.95,71.16 3 0
github.com/dmytrogajewski/spin/internal/core/mcp_manager.go:71.16,73.3 1 0
github.com/dmytrogajewski/spin/internal/core/mcp_manager.go:76.2,85.54 2 0
github.com/dmytrogajewski/spin/internal/core/mcp_manager.go:85.54,88.3 2 0
github.com/dmytrogajewski/spin/internal/core/mcp_manager.go:91.2,92.16 2 0
github.com/dmytrogajewski/spin/internal/core/mcp_manager.go:92.16,95.3 2 0
github.com/dmytrogajewski/spin/internal/core/mcp_manager.go:98.2,103.39 4 0
github.com/dmytrogajewski/spin/internal/core/mcp_manager.go:103.39,110.3 2 0
github.com/dmytrogajewski/spin/internal/core/mcp_manager.go:112.2,112.12 1 0
github.com/dmytrogajewski/spin/internal/core/mcp_manager.go:116.139,122.9 5 1
github.com/dmytrogajewski/spin/internal/core/mcp_manager.go:122.9,124.3 1 1
github.com/dmytrogajewski/spin/internal/core/mcp_manager.go:126.2,126.58 1 0
github.com/dmytrogajewski/spin/internal/core/mcp_manager.go:130.48,135.31 4 11
github.com/dmytrogajewski/spin/internal/core/mcp_manager.go:135.31,137.3 1 0
github.com/dmytrogajewski/spin/internal/core/mcp_manager.go:138.2,138.14 1 11
github.com/dmytrogajewski/spin/internal/core/mcp_manager.go:142.74,149.2 5 11
github.com/dmytrogajewski/spin/internal/core/mcp_manager.go:152.36,157.31 4 1
github.com/dmytrogajewski/spin/internal/core/mcp_manager.go:157.31,158.35 1 0
github.com/dmytrogajewski/spin/internal/core/mcp_manager.go:158.35,160.4 1 0
github.com/dmytrogajewski/spin/internal/core/mcp_manager.go:163.2,163.19 1 1
github.com/dmytrogajewski/spin/internal/core/mcp_manager.go:163.19,165.3 1 0
github.com/dmytrogajewski/spin/internal/core/mcp_manager.go:166.2,166.12 1 1
github.com/dmytrogajewski/spin/internal/core/mcp_manager.go:170.40,174.2 3 11
github.com/dmytrogajewski/spin/internal/core/mcp_manager.go:177.38,181.2 3 11
github.com/dmytrogajewski/spin/internal/core/plan.go:33.37,34.11 1 7
github.com/dmytrogajewski/spin/internal/core/plan.go:35.25,36.19 1 1
github.com/dmytrogajewski/spin/internal/core/plan.go:37.23,38.17 1 1
github.com/dmytrogajewski/spin/internal/core/plan.go:39.25,40.19 1 1
github.com/dmytrogajewski/spin/internal/core/plan.go:41.27,42.21 1 1
github.com/dmytrogajewski/spin/internal/core/plan.go:43.24,44.18 1 1
github.com/dmytrogajewski/spin/internal/core/plan.go:45.25,46.19 1 1
github.com/dmytrogajewski/spin/internal/core/plan.go:47.10,48.19 1 1
github.com/dmytrogajewski/spin/internal/core/plan.go:64.37,65.11 1 6
github.com/dmytrogajewski/spin/internal/core/plan.go:66.25,67.19 1 1
github.com/dmytrogajewski/spin/internal/core/plan.go:68.28,69.23 1 1
github.com/dmytrogajewski/spin/internal/core/plan.go:70.27,71.21 1 1
github.com/dmytrogajewski/spin/internal/core/plan.go:72.24,73.18 1 1
github.com/dmytrogajewski/spin/internal/core/plan.go:74.27,75.21 1 1
github.com/dmytrogajewski/spin/internal/core/plan.go:76.10,77.19 1 1
[...]
github.com/dmytrogajewski/spin/internal/core/plan.go:272.31,274.3 1 17
github.com/dmytrogajewski/spin/internal/core/plan.go:277.2,278.31 2 5
github.com/dmytrogajewski/spin/internal/core/plan.go:278.31,279.29 1 17
github.com/dmytrogajewski/spin/internal/core/plan.go:279.29,281.4 1 7
github.com/dmytrogajewski/spin/internal/core/plan.go:285.2,286.21 2 5
github.com/dmytrogajewski/spin/internal/core/plan.go:286.21,296.29 5 17
github.com/dmytrogajewski/spin/internal/core/plan.go:296.29,297.38 1 59
github.com/dmytrogajewski/spin/internal/core/plan.go:297.38,298.24 1 44
github.com/dmytrogajewski/spin/internal/core/plan.go:298.24,300.29 2 12
github.com/dmytrogajewski/spin/internal/core/plan.go:300.29,302.7 1 10
github.com/dmytrogajewski/spin/internal/core/plan.go:308.2,308.20 1 5
github.com/dmytrogajewski/spin/internal/core/plan.go:314.59,315.23 1 3
github.com/dmytrogajewski/spin/internal/core/plan.go:315.23,317.3 1 1
github.com/dmytrogajewski/spin/internal/core/plan.go:320.2,321.31 2 2
github.com/dmytrogajewski/spin/internal/core/plan.go:321.31,323.3 1 7
github.com/dmytrogajewski/spin/internal/core/plan.go:326.2,330.16 3 2
github.com/dmytrogajewski/spin/internal/core/plan.go:330.16,333.32 2 0
github.com/dmytrogajewski/spin/internal/core/plan.go:333.32,335.4 1 0
github.com/dmytrogajewski/spin/internal/core/plan.go:336.3,336.15 1 0
github.com/dmytrogajewski/spin/internal/core/plan.go:340.2,340.30 1 2
github.com/dmytrogajewski/spin/internal/core/plan.go:340.30,345.40 2 7
github.com/dmytrogajewski/spin/internal/core/plan.go:345.40,346.40 1 6
github.com/dmytrogajewski/spin/internal/core/plan.go:346.40,348.5 1 6
github.com/dmytrogajewski/spin/internal/core/plan.go:351.3,351.58 1 7
github.com/dmytrogajewski/spin/internal/core/plan.go:355.2,356.39 2 2
github.com/dmytrogajewski/spin/internal/core/plan.go:356.39,357.26 1 7
github.com/dmytrogajewski/spin/internal/core/plan.go:357.26,359.4 1 6
github.com/dmytrogajewski/spin/internal/core/plan.go:362.2,362.17 1 2
github.com/dmytrogajewski/spin/internal/core/plan.go:366.42,368.18 1 8
github.com/dmytrogajewski/spin/internal/core/plan.go:368.18,370.3 1 1
github.com/dmytrogajewski/spin/internal/core/plan.go:373.2,373.23 1 7
github.com/dmytrogajewski/spin/internal/core/plan.go:373.23,375.3 1 1
github.com/dmytrogajewski/spin/internal/core/plan.go:378.2,379.31 2 6
github.com/dmytrogajewski/spin/internal/core/plan.go:379.31,380.20 1 9
github.com/dmytrogajewski/spin/internal/core/plan.go:380.20,382.4 1 1
github.com/dmytrogajewski/spin/internal/core/plan.go:383.3,383.23 1 8
github.com/dmytrogajewski/spin/internal/core/plan.go:387.2,387.31 1 5
github.com/dmytrogajewski/spin/internal/core/plan.go:387.31,389.20 1 7
github.com/dmytrogajewski/spin/internal/core/plan.go:389.20,391.4 1 1
github.com/dmytrogajewski/spin/internal/core/plan.go:394.3,394.29 1 6
github.com/dmytrogajewski/spin/internal/core/plan.go:394.29,396.4 1 1
github.com/dmytrogajewski/spin/internal/core/plan.go:399.3,399.40 1 5
github.com/dmytrogajewski/spin/internal/core/plan.go:399.40,400.46 1 4
github.com/dmytrogajewski/spin/internal/core/plan.go:400.46,402.5 1 1
github.com/dmytrogajewski/spin/internal/core/plan.go:407.2,407.19 1 2
github.com/dmytrogajewski/spin/internal/core/plan.go:407.19,409.3 1 1
github.com/dmytrogajewski/spin/internal/core/plan.go:411.2,411.12 1 1
github.com/dmytrogajewski/spin/internal/core/state.go:46.32,47.11 1 48
github.com/dmytrogajewski/spin/internal/core/state.go:48.17,49.16 1 8
github.com/dmytrogajewski/spin/internal/core/state.go:50.20,51.19 1 8
github.com/dmytrogajewski/spin/internal/core/state.go:52.19,53.18 1 6
github.com/dmytrogajewski/spin/internal/core/state.go:54.22,55.21 1 8
github.com/dmytrogajewski/spin/internal/core/state.go:56.19,57.18 1 6
github.com/dmytrogajewski/spin/internal/core/state.go:58.22,59.21 1 6
github.com/dmytrogajewski/spin/internal/core/state.go:60.21,61.20 1 5
github.com/dmytrogajewski/spin/internal/core/state.go:62.10,63.19 1 1
github.com/dmytrogajewski/spin/internal/core/state.go:71.46,73.2 1 13
github.com/dmytrogajewski/spin/internal/core/state.go:79.50,81.13 2 39
github.com/dmytrogajewski/spin/internal/core/state.go:82.14,83.17 1 5
github.com/dmytrogajewski/spin/internal/core/state.go:84.17,85.20 1 5
github.com/dmytrogajewski/spin/internal/core/state.go:86.16,87.19 1 4
github.com/dmytrogajewski/spin/internal/core/state.go:88.19,89.22 1 5
github.com/dmytrogajewski/spin/internal/core/state.go:90.16,91.19 1 5
github.com/dmytrogajewski/spin/internal/core/state.go:92.19,93.22 1 4
github.com/dmytrogajewski/spin/internal/core/state.go:94.18,95.21 1 4
github.com/dmytrogajewski/spin/internal/core/state.go:96.10,97.46 1 7
github.com/dmytrogajewski/spin/internal/core/state.go:99.2,99.12 1 32
github.com/dmytrogajewski/spin/internal/core/state.go:104.34,106.2 1 38
github.com/dmytrogajewski/spin/internal/core/state.go:109.32,111.2 1 7
github.com/dmytrogajewski/spin/internal/core/state.go:115.51,117.47 1 31
github.com/dmytrogajewski/spin/internal/core/state.go:117.47,119.3 1 10
github.com/dmytrogajewski/spin/internal/core/state.go:121.2,121.11 1 21
github.com/dmytrogajewski/spin/internal/core/state.go:122.17,124.59 1 5
github.com/dmytrogajewski/spin/internal/core/state.go:126.20,129.53 1 7
github.com/dmytrogajewski/spin/internal/core/state.go:131.19,133.87 1 5
github.com/dmytrogajewski/spin/internal/core/state.go:135.51,137.33 1 3
github.com/dmytrogajewski/spin/internal/core/state.go:139.21,141.15 1 1
github.com/dmytrogajewski/spin/internal/core/state.go:143.10,144.15 1 0
github.com/dmytrogajewski/spin/internal/core/state.go:150.42,152.55 2 18
github.com/dmytrogajewski/spin/internal/core/state.go:152.55,154.3 1 4
github.com/dmytrogajewski/spin/internal/core/state.go:155.2,155.19 1 14
github.com/dmytrogajewski/spin/internal/core/tokenizer.go:30.50,31.16 1 335
github.com/dmytrogajewski/spin/internal/core/tokenizer.go:31.16,33.3 1 0
github.com/dmytrogajewski/spin/internal/core/tokenizer.go:36.2,43.31 4 335
github.com/dmytrogajewski/spin/internal/core/tokenizer.go:43.31,45.3 1 0
github.com/dmytrogajewski/spin/internal/core/tokenizer.go:47.2,47.15 1 335
github.com/dmytrogajewski/spin/internal/core/tokenizer.go:54.65,57.31 2 1
github.com/dmytrogajewski/spin/internal/core/tokenizer.go:57.31,66.29 4 2
github.com/dmytrogajewski/spin/internal/core/tokenizer.go:66.29,67.37 1 0
github.com/dmytrogajewski/spin/internal/core/tokenizer.go:67.37,71.5 3 0
github.com/dmytrogajewski/spin/internal/core/tokenizer.go:75.2,75.14 1 1
github.com/dmytrogajewski/spin/internal/core/validator.go:37.39,38.11 1 10
github.com/dmytrogajewski/spin/internal/core/validator.go:39.19,40.16 1 2
github.com/dmytrogajewski/spin/internal/core/validator.go:41.26,42.23 1 2
github.com/dmytrogajewski/spin/internal/core/validator.go:43.24,44.21 1 2
github.com/dmytrogajewski/spin/internal/core/validator.go:45.24,46.21 1 2
github.com/dmytrogajewski/spin/internal/core/validator.go:47.25,48.22 1 2
github.com/dmytrogajewski/spin/internal/core/validator.go:49.10,50.19 1 0
github.com/dmytrogajewski/spin/internal/core/validator.go:59.44,61.2 1 9
github.com/dmytrogajewski/spin/internal/core/validator.go:153.52,155.18 2 120
github.com/dmytrogajewski/spin/internal/core/validator.go:155.18,157.3 1 2
github.com/dmytrogajewski/spin/internal/core/validator.go:160.2,161.21 2 118
github.com/dmytrogajewski/spin/internal/core/validator.go:161.21,163.3 1 0
github.com/dmytrogajewski/spin/internal/core/validator.go:165.2,172.20 2 118
github.com/dmytrogajewski/spin/internal/core/validator.go:172.20,174.3 1 102
github.com/dmytrogajewski/spin/internal/core/validator.go:176.2,176.17 1 118
github.com/dmytrogajewski/spin/internal/core/validator.go:180.32,194.2 6 63
github.com/dmytrogajewski/spin/internal/core/validator.go:197.51,259.2 1 63
github.com/dmytrogajewski/spin/internal/core/validator.go:262.51,405.2 14 63
github.com/dmytrogajewski/spin/internal/core/validator.go:408.53,511.2 11 63
github.com/dmytrogajewski/spin/internal/core/validator.go:514.46,645.2 16 63
github.com/dmytrogajewski/spin/internal/core/validator.go:655.71,656.16 1 123
github.com/dmytrogajewski/spin/internal/core/validator.go:656.16,658.3 1 0
github.com/dmytrogajewski/spin/internal/core/validator.go:661.2,661.67 1 123
github.com/dmytrogajewski/spin/internal/core/validator.go:661.67,663.3 1 7
github.com/dmytrogajewski/spin/internal/core/validator.go:666.2,666.93 1 116
github.com/dmytrogajewski/spin/internal/core/validator.go:666.93,668.3 1 28
github.com/dmytrogajewski/spin/internal/core/validator.go:671.2,671.92 1 88
github.com/dmytrogajewski/spin/internal/core/validator.go:671.92,673.3 1 27
github.com/dmytrogajewski/spin/internal/core/validator.go:676.2,676.96 1 61
github.com/dmytrogajewski/spin/internal/core/validator.go:676.96,678.3 1 23
github.com/dmytrogajewski/spin/internal/core/validator.go:681.2,681.82 1 38
github.com/dmytrogajewski/spin/internal/core/validator.go:681.82,683.3 1 34
github.com/dmytrogajewski/spin/internal/core/validator.go:686.2,691.8 1 4
github.com/dmytrogajewski/spin/internal/core/validator.go:695.83,697.88 1 123
github.com/dmytrogajewski/spin/internal/core/validator.go:697.88,704.3 1 4
github.com/dmytrogajewski/spin/internal/core/validator.go:707.2,707.75 1 119
github.com/dmytrogajewski/spin/internal/core/validator.go:707.75,714.3 1 1
github.com/dmytrogajewski/spin/internal/core/validator.go:717.2,717.44 1 118
github.com/dmytrogajewski/spin/internal/core/validator.go:717.44,724.3 1 2
github.com/dmytrogajewski/spin/internal/core/validator.go:726.2,726.12 1 116
github.com/dmytrogajewski/spin/internal/core/validator.go:730.119,731.35 1 116
github.com/dmytrogajewski/spin/internal/core/validator.go:731.35,732.37 1 1077
github.com/dmytrogajewski/spin/internal/core/validator.go:732.37,739.4 1 28
github.com/dmytrogajewski/spin/internal/core/validator.go:741.2,741.12 1 88
github.com/dmytrogajewski/spin/internal/core/validator.go:745.131,747.9 2 187
github.com/dmytrogajewski/spin/internal/core/validator.go:747.9,749.3 1 82
github.com/dmytrogajewski/spin/internal/core/validator.go:751.2,751.35 1 105
github.com/dmytrogajewski/spin/internal/core/validator.go:751.35,752.37 1 174
github.com/dmytrogajewski/spin/internal/core/validator.go:752.37,759.4 1 84
github.com/dmytrogajewski/spin/internal/core/validator.go:761.2,761.12 1 21
github.com/dmytrogajewski/spin/internal/core/validator.go:765.72,767.36 1 1251
github.com/dmytrogajewski/spin/internal/core/validator.go:767.36,769.3 1 1007
github.com/dmytrogajewski/spin/internal/core/validator.go:772.2,775.40 2 244
github.com/dmytrogajewski/spin/internal/core/validator.go:775.40,776.62 1 6
github.com/dmytrogajewski/spin/internal/core/validator.go:776.62,777.51 1 10
github.com/dmytrogajewski/spin/internal/core/validator.go:777.51,779.5 1 4
github.com/dmytrogajewski/spin/internal/core/validator.go:782.3,782.15 1 2
github.com/dmytrogajewski/spin/internal/core/validator.go:786.2,786.49 1 238
github.com/dmytrogajewski/spin/internal/core/validator.go:786.49,787.45 1 248
github.com/dmytrogajewski/spin/internal/core/validator.go:787.45,789.4 1 130
github.com/dmytrogajewski/spin/internal/core/validator.go:793.2,793.35 1 108
github.com/dmytrogajewski/spin/internal/core/validator.go:793.35,795.3 1 48
github.com/dmytrogajewski/spin/internal/core/validator.go:798.2,798.13 1 60
github.com/dmytrogajewski/spin/internal/core/validator.go:802.47,804.16 2 5
github.com/dmytrogajewski/spin/internal/core/validator.go:804.16,806.3 1 0
github.com/dmytrogajewski/spin/internal/core/validator.go:807.2,807.45 1 5
github.com/dmytrogajewski/spin/internal/core/validator.go:811.54,813.16 2 4
github.com/dmytrogajewski/spin/internal/core/validator.go:813.16,815.3 1 0
github.com/dmytrogajewski/spin/internal/core/validator.go:816.2,816.52 1 4
github.com/dmytrogajewski/spin/internal/core/validator.go:820.52,822.16 2 5
github.com/dmytrogajewski/spin/internal/core/validator.go:822.16,824.3 1 0
github.com/dmytrogajewski/spin/internal/core/validator.go:825.2,825.50 1 5
github.com/dmytrogajewski/spin/internal/core/validator.go:829.52,831.16 2 5
github.com/dmytrogajewski/spin/internal/core/validator.go:831.16,833.3 1 0
github.com/dmytrogajewski/spin/internal/core/validator.go:834.2,834.50 1 5
github.com/dmytrogajewski/spin/internal/core/validator.go:842.54,844.16 2 6
github.com/dmytrogajewski/spin/internal/core/validator.go:844.16,846.3 1 0
github.com/dmytrogajewski/spin/internal/core/validator.go:849.2,849.47 1 6
github.com/dmytrogajewski/spin/internal/core/validator.go:849.47,851.3 1 2
github.com/dmytrogajewski/spin/internal/core/validator.go:853.2,853.46 1 4
github.com/dmytrogajewski/spin/internal/core/stream/buffer.go:31.38,32.19 1 36
github.com/dmytrogajewski/spin/internal/core/stream/buffer.go:32.19,34.3 1 2
github.com/dmytrogajewski/spin/internal/core/stream/buffer.go:35.2,35.34 1 36
github.com/dmytrogajewski/spin/internal/core/stream/buffer.go:35.34,37.3 1 1
github.com/dmytrogajewski/spin/internal/core/stream/buffer.go:39.2,46.3 1 36
github.com/dmytrogajewski/spin/internal/core/stream/buffer.go:52.50,53.20 1 25
github.com/dmytrogajewski/spin/internal/core/stream/buffer.go:53.20,55.3 1 1
github.com/dmytrogajewski/spin/internal/core/stream/buffer.go:57.2,60.12 3 24
github.com/dmytrogajewski/spin/internal/core/stream/buffer.go:60.12,62.3 1 0
github.com/dmytrogajewski/spin/internal/core/stream/buffer.go:65.2,67.25 3 24
github.com/dmytrogajewski/spin/internal/core/stream/buffer.go:67.25,69.3 1 1
github.com/dmytrogajewski/spin/internal/core/stream/buffer.go:72.2,73.24 2 24
github.com/dmytrogajewski/spin/internal/core/stream/buffer.go:73.24,77.25 3 25
github.com/dmytrogajewski/spin/internal/core/stream/buffer.go:77.25,79.4 1 1
github.com/dmytrogajewski/spin/internal/core/stream/buffer.go:81.3,84.18 4 25
github.com/dmytrogajewski/spin/internal/core/stream/buffer.go:88.2,88.26 1 24
github.com/dmytrogajewski/spin/internal/core/stream/buffer.go:88.26,90.3 1 3
github.com/dmytrogajewski/spin/internal/core/stream/buffer.go:93.2,93.25 1 24
github.com/dmytrogajewski/spin/internal/core/stream/buffer.go:93.25,95.3 1 1
github.com/dmytrogajewski/spin/internal/core/stream/buffer.go:97.2,97.21 1 23
github.com/dmytrogajewski/spin/internal/core/stream/buffer.go:102.46,103.17 1 20
github.com/dmytrogajewski/spin/internal/core/stream/buffer.go:103.17,105.3 1 1
github.com/dmytrogajewski/spin/internal/core/stream/buffer.go:107.2,110.28 3 19
github.com/dmytrogajewski/spin/internal/core/stream/buffer.go:110.28,112.3 1 1
github.com/dmytrogajewski/spin/internal/core/stream/buffer.go:115.2,116.21 2 18
github.com/dmytrogajewski/spin/internal/core/stream/buffer.go:116.21,118.3 1 4
github.com/dmytrogajewski/spin/internal/core/stream/buffer.go:121.2,122.20 2 18
github.com/dmytrogajewski/spin/internal/core/stream/buffer.go:122.20,126.24 3 19
github.com/dmytrogajewski/spin/internal/core/stream/buffer.go:126.24,128.4 1 1
github.com/dmytrogajewski/spin/internal/core/stream/buffer.go:130.3,133.18 4 19
github.com/dmytrogajewski/spin/internal/core/stream/buffer.go:137.2,139.18 2 18
github.com/dmytrogajewski/spin/internal/core/stream/buffer.go:143.34,147.2 3 8
github.com/dmytrogajewski/spin/internal/core/stream/buffer.go:150.33,152.2 1 9
github.com/dmytrogajewski/spin/internal/core/stream/buffer.go:155.26,163.2 6 1
github.com/dmytrogajewski/spin/internal/core/stream/buffer.go:166.32,170.2 3 8
github.com/dmytrogajewski/spin/internal/core/stream/buffer.go:173.33,177.2 3 13
github.com/dmytrogajewski/spin/internal/core/stream/stream.go:80.41,86.36 1 16
github.com/dmytrogajewski/spin/internal/core/stream/stream.go:86.37,86.38 0 1
github.com/dmytrogajewski/spin/internal/core/stream/stream.go:92.56,109.2 3 15
github.com/dmytrogajewski/spin/internal/core/stream/stream.go:113.69,115.34 2 248
github.com/dmytrogajewski/spin/internal/core/stream/stream.go:115.34,118.3 2 2
github.com/dmytrogajewski/spin/internal/core/stream/stream.go:119.2,126.41 4 246
github.com/dmytrogajewski/spin/internal/core/stream/stream.go:130.47,132.2 1 124
github.com/dmytrogajewski/spin/internal/core/stream/stream.go:135.40,137.2 1 1
github.com/dmytrogajewski/spin/internal/core/stream/stream.go:141.32,143.34 2 18
github.com/dmytrogajewski/spin/internal/core/stream/stream.go:143.34,146.3 2 3
github.com/dmytrogajewski/spin/internal/core/stream/stream.go:148.2,158.12 6 15
github.com/dmytrogajewski/spin/internal/core/stream/stream.go:162.38,166.2 3 5
github.com/dmytrogajewski/spin/internal/core/stream/stream.go:169.32,173.2 3 6
github.com/dmytrogajewski/spin/internal/core/stream/stream.go:176.83,179.18 2 246
github.com/dmytrogajewski/spin/internal/core/stream/stream.go:180.25,181.36 1 224
github.com/dmytrogajewski/spin/internal/core/stream/stream.go:183.24,184.31 1 20
github.com/dmytrogajewski/spin/internal/core/stream/stream.go:186.25,187.32 1 2
github.com/dmytrogajewski/spin/internal/core/stream/stream.go:189.10,190.28 1 0
github.com/dmytrogajewski/spin/internal/core/stream/stream.go:195.77,197.9 1 224
github.com/dmytrogajewski/spin/internal/core/stream/stream.go:198.20,201.13 3 1
github.com/dmytrogajewski/spin/internal/core/stream/stream.go:202.22,205.13 3 0
github.com/dmytrogajewski/spin/internal/core/stream/stream.go:206.10,206.10 0 223
github.com/dmytrogajewski/spin/internal/core/stream/stream.go:210.2,210.9 1 223
github.com/dmytrogajewski/spin/internal/core/stream/stream.go:211.25,212.13 1 223
github.com/dmytrogajewski/spin/internal/core/stream/stream.go:213.20,216.13 3 0
github.com/dmytrogajewski/spin/internal/core/stream/stream.go:217.22,220.13 3 0
github.com/dmytrogajewski/spin/internal/core/stream/stream.go:225.56,226.9 1 20
github.com/dmytrogajewski/spin/internal/core/stream/stream.go:227.25,228.13 1 2
github.com/dmytrogajewski/spin/internal/core/stream/stream.go:229.10,231.10 1 18
github.com/dmytrogajewski/spin/internal/core/stream/stream.go:232.19,232.19 0 18
github.com/dmytrogajewski/spin/internal/core/stream/stream.go:234.11,234.11 0 0
github.com/dmytrogajewski/spin/internal/core/stream/stream.go:237.3,237.10 1 18
github.com/dmytrogajewski/spin/internal/core/stream/stream.go:238.26,239.14 1 18
github.com/dmytrogajewski/spin/internal/core/stream/stream.go:240.11,241.26 1 0
github.com/dmytrogajewski/spin/internal/core/stream/stream.go:247.57,248.9 1 2
github.com/dmytrogajewski/spin/internal/core/stream/stream.go:249.25,250.13 1 1
github.com/dmytrogajewski/spin/internal/core/stream/stream.go:251.10,252.25 1 1
github.com/dmytrogajewski/spin/internal/core/stream/stream.go:257.44,258.16 1 1
github.com/dmytrogajewski/spin/internal/core/stream/stream.go:258.16,260.3 1 0
github.com/dmytrogajewski/spin/internal/core/stream/stream.go:263.2,263.34 1 1
github.com/dmytrogajewski/spin/internal/core/stream/stream.go:263.34,265.3 1 1
github.com/dmytrogajewski/spin/internal/core/stream/stream.go:268.2,268.9 1 1
github.com/dmytrogajewski/spin/internal/core/stream/stream.go:269.23,269.23 0 1
github.com/dmytrogajewski/spin/internal/core/stream/stream.go:270.10,270.10 0 0
github.com/dmytrogajewski/spin/internal/core/stream/stream.go:282.43,284.2 1 1
github.com/dmytrogajewski/spin/internal/core/stream/stream.go:287.43,289.2 1 1
github.com/dmytrogajewski/spin/internal/core/stream/stream.go:292.36,293.16 1 3
github.com/dmytrogajewski/spin/internal/core/stream/stream.go:293.16,295.3 1 0
github.com/dmytrogajewski/spin/internal/core/stream/stream.go:297.2,297.17 1 3
github.com/dmytrogajewski/spin/internal/core/stream/stream.go:297.17,298.44 1 3
github.com/dmytrogajewski/spin/internal/core/stream/stream.go:298.44,300.4 1 2
github.com/dmytrogajewski/spin/internal/core/stream/stream.go:302.3,302.61 1 1
github.com/dmytrogajewski/spin/internal/core/stream/stream.go:302.61,304.4 1 0
github.com/dmytrogajewski/spin/internal/core/stream/stream.go:304.9,305.9 1 1
github.com/dmytrogajewski/spin/internal/core/stream/stream.go:308.2,308.14 1 1
github.com/dmytrogajewski/spin/internal/core/stream/types.go:38.36,48.25 2 7
github.com/dmytrogajewski/spin/internal/core/stream/types.go:48.25,50.3 1 6
github.com/dmytrogajewski/spin/internal/core/stream/types.go:51.2,51.18 1 1
