mode: set
github.com/dmytrogajewski/spin/internal/core/config.go:55.30,69.2 1 1
github.com/dmytrogajewski/spin/internal/core/config.go:72.41,76.16 3 1
github.com/dmytrogajewski/spin/internal/core/config.go:76.16,85.3 1 1
github.com/dmytrogajewski/spin/internal/core/config.go:87.2,88.51 2 1
github.com/dmytrogajewski/spin/internal/core/config.go:88.51,97.3 1 1
github.com/dmytrogajewski/spin/internal/core/config.go:99.2,99.18 1 1
github.com/dmytrogajewski/spin/internal/core/config.go:104.47,111.16 3 1
github.com/dmytrogajewski/spin/internal/core/config.go:111.16,113.17 2 1
github.com/dmytrogajewski/spin/internal/core/config.go:113.17,116.55 2 0
github.com/dmytrogajewski/spin/internal/core/config.go:116.55,118.5 1 0
github.com/dmytrogajewski/spin/internal/core/config.go:120.3,120.21 1 1
github.com/dmytrogajewski/spin/internal/core/config.go:120.21,122.4 1 1
github.com/dmytrogajewski/spin/internal/core/config.go:126.2,130.39 3 1
github.com/dmytrogajewski/spin/internal/core/config.go:130.39,136.3 1 0
github.com/dmytrogajewski/spin/internal/core/config.go:138.2,138.17 1 1
github.com/dmytrogajewski/spin/internal/core/config.go:142.35,145.22 2 1
github.com/dmytrogajewski/spin/internal/core/config.go:145.22,147.3 1 1
github.com/dmytrogajewski/spin/internal/core/config.go:149.2,149.19 1 1
github.com/dmytrogajewski/spin/internal/core/config.go:149.19,151.3 1 1
github.com/dmytrogajewski/spin/internal/core/config.go:153.2,153.21 1 1
github.com/dmytrogajewski/spin/internal/core/config.go:153.21,155.3 1 1
github.com/dmytrogajewski/spin/internal/core/config.go:157.2,157.20 1 1
github.com/dmytrogajewski/spin/internal/core/config.go:157.20,159.3 1 1
github.com/dmytrogajewski/spin/internal/core/config.go:162.2,164.34 3 1
github.com/dmytrogajewski/spin/internal/core/config.go:164.34,165.28 1 1
github.com/dmytrogajewski/spin/internal/core/config.go:165.28,167.9 2 1
github.com/dmytrogajewski/spin/internal/core/config.go:170.2,170.16 1 1
github.com/dmytrogajewski/spin/internal/core/config.go:170.16,172.3 1 1
github.com/dmytrogajewski/spin/internal/core/config.go:174.2,174.22 1 1
github.com/dmytrogajewski/spin/internal/core/config.go:174.22,176.3 1 1
github.com/dmytrogajewski/spin/internal/core/config.go:178.2,178.19 1 1
github.com/dmytrogajewski/spin/internal/core/config.go:178.19,180.3 1 1
github.com/dmytrogajewski/spin/internal/core/config.go:182.2,182.12 1 1
github.com/dmytrogajewski/spin/internal/core/config.go:187.47,195.2 7 1
github.com/dmytrogajewski/spin/internal/core/config.go:198.39,221.37 2 1
github.com/dmytrogajewski/spin/internal/core/config.go:221.37,223.3 1 1
github.com/dmytrogajewski/spin/internal/core/config.go:225.2,225.15 1 1
github.com/dmytrogajewski/spin/internal/core/config.go:229.53,230.41 1 1
github.com/dmytrogajewski/spin/internal/core/config.go:230.41,232.3 1 1
github.com/dmytrogajewski/spin/internal/core/config.go:236.51,237.26 1 1
github.com/dmytrogajewski/spin/internal/core/config.go:237.26,239.3 1 1
github.com/dmytrogajewski/spin/internal/core/config.go:240.2,240.23 1 1
github.com/dmytrogajewski/spin/internal/core/config.go:240.23,242.3 1 1
github.com/dmytrogajewski/spin/internal/core/config.go:243.2,243.25 1 1
github.com/dmytrogajewski/spin/internal/core/config.go:243.25,245.3 1 1
github.com/dmytrogajewski/spin/internal/core/config.go:246.2,246.29 1 1
github.com/dmytrogajewski/spin/internal/core/config.go:246.29,248.3 1 0
github.com/dmytrogajewski/spin/internal/core/config.go:249.2,249.28 1 1
github.com/dmytrogajewski/spin/internal/core/config.go:249.28,251.3 1 0
github.com/dmytrogajewski/spin/internal/core/config.go:252.2,252.28 1 1
github.com/dmytrogajewski/spin/internal/core/config.go:252.28,254.3 1 0
github.com/dmytrogajewski/spin/internal/core/config.go:258.48,259.25 1 1
github.com/dmytrogajewski/spin/internal/core/config.go:259.25,261.3 1 1
github.com/dmytrogajewski/spin/internal/core/config.go:262.2,262.24 1 1
github.com/dmytrogajewski/spin/internal/core/config.go:262.24,264.3 1 0
github.com/dmytrogajewski/spin/internal/core/config.go:265.2,265.26 1 1
github.com/dmytrogajewski/spin/internal/core/config.go:265.26,267.3 1 0
github.com/dmytrogajewski/spin/internal/core/config.go:268.2,268.29 1 1
github.com/dmytrogajewski/spin/internal/core/config.go:268.29,270.3 1 0
github.com/dmytrogajewski/spin/internal/core/config.go:271.2,271.29 1 1
github.com/dmytrogajewski/spin/internal/core/config.go:271.29,273.3 1 0
github.com/dmytrogajewski/spin/internal/core/config.go:277.50,278.36 1 1
github.com/dmytrogajewski/spin/internal/core/config.go:278.36,280.3 1 1
github.com/dmytrogajewski/spin/internal/core/config.go:281.2,281.31 1 1
github.com/dmytrogajewski/spin/internal/core/config.go:281.31,283.3 1 0
github.com/dmytrogajewski/spin/internal/core/config.go:287.55,288.72 1 1
github.com/dmytrogajewski/spin/internal/core/config.go:288.72,290.3 1 0
github.com/dmytrogajewski/spin/internal/core/config.go:291.2,291.39 1 1
github.com/dmytrogajewski/spin/internal/core/config.go:291.39,293.3 1 1
github.com/dmytrogajewski/spin/internal/core/config.go:294.2,294.43 1 1
github.com/dmytrogajewski/spin/internal/core/config.go:294.43,296.3 1 1
github.com/dmytrogajewski/spin/internal/core/config.go:297.2,297.47 1 1
github.com/dmytrogajewski/spin/internal/core/config.go:297.47,299.3 1 0
github.com/dmytrogajewski/spin/internal/core/config.go:303.28,313.45 5 1
github.com/dmytrogajewski/spin/internal/core/config.go:313.45,314.50 1 1
github.com/dmytrogajewski/spin/internal/core/config.go:314.50,316.4 1 1
github.com/dmytrogajewski/spin/internal/core/config.go:319.2,319.12 1 1
github.com/dmytrogajewski/spin/internal/core/config.go:323.37,334.32 2 1
github.com/dmytrogajewski/spin/internal/core/config.go:334.32,335.35 1 1
github.com/dmytrogajewski/spin/internal/core/config.go:335.35,337.4 1 1
github.com/dmytrogajewski/spin/internal/core/config.go:342.34,350.35 2 1
github.com/dmytrogajewski/spin/internal/core/config.go:350.35,351.35 1 1
github.com/dmytrogajewski/spin/internal/core/config.go:351.35,352.45 1 1
github.com/dmytrogajewski/spin/internal/core/config.go:352.45,354.5 1 1
github.com/dmytrogajewski/spin/internal/core/config.go:360.35,368.36 2 1
github.com/dmytrogajewski/spin/internal/core/config.go:368.36,369.35 1 1
github.com/dmytrogajewski/spin/internal/core/config.go:369.35,370.50 1 0
github.com/dmytrogajewski/spin/internal/core/config.go:370.50,372.5 1 0
github.com/dmytrogajewski/spin/internal/core/error.go:72.36,73.11 1 1
github.com/dmytrogajewski/spin/internal/core/error.go:74.22,75.19 1 1
github.com/dmytrogajewski/spin/internal/core/error.go:76.27,77.25 1 1
github.com/dmytrogajewski/spin/internal/core/error.go:78.23,79.21 1 1
github.com/dmytrogajewski/spin/internal/core/error.go:80.28,81.26 1 1
github.com/dmytrogajewski/spin/internal/core/error.go:82.31,83.29 1 1
github.com/dmytrogajewski/spin/internal/core/error.go:84.22,85.19 1 1
github.com/dmytrogajewski/spin/internal/core/error.go:86.24,87.21 1 1
github.com/dmytrogajewski/spin/internal/core/error.go:88.23,89.20 1 1
github.com/dmytrogajewski/spin/internal/core/error.go:90.23,91.20 1 1
github.com/dmytrogajewski/spin/internal/core/error.go:92.10,93.19 1 0
github.com/dmytrogajewski/spin/internal/core/error.go:113.32,114.18 1 1
github.com/dmytrogajewski/spin/internal/core/error.go:114.18,116.3 1 1
github.com/dmytrogajewski/spin/internal/core/error.go:117.2,117.13 1 1
github.com/dmytrogajewski/spin/internal/core/error.go:121.32,123.2 1 1
github.com/dmytrogajewski/spin/internal/core/error.go:126.39,128.9 2 1
github.com/dmytrogajewski/spin/internal/core/error.go:128.9,130.3 1 1
github.com/dmytrogajewski/spin/internal/core/error.go:132.2,132.58 1 1
github.com/dmytrogajewski/spin/internal/core/error.go:132.58,134.3 1 1
github.com/dmytrogajewski/spin/internal/core/error.go:135.2,135.14 1 1
github.com/dmytrogajewski/spin/internal/core/error.go:157.32,158.11 1 1
github.com/dmytrogajewski/spin/internal/core/error.go:159.17,160.16 1 1
github.com/dmytrogajewski/spin/internal/core/error.go:161.20,162.19 1 1
github.com/dmytrogajewski/spin/internal/core/error.go:163.19,164.18 1 1
github.com/dmytrogajewski/spin/internal/core/error.go:165.22,166.21 1 1
github.com/dmytrogajewski/spin/internal/core/error.go:167.19,168.18 1 1
github.com/dmytrogajewski/spin/internal/core/error.go:169.22,170.21 1 1
github.com/dmytrogajewski/spin/internal/core/error.go:171.10,172.19 1 0
github.com/dmytrogajewski/spin/internal/core/error.go:177.46,179.2 1 1
github.com/dmytrogajewski/spin/internal/core/error.go:182.50,184.13 2 1
github.com/dmytrogajewski/spin/internal/core/error.go:185.14,186.17 1 1
github.com/dmytrogajewski/spin/internal/core/error.go:187.17,188.20 1 1
github.com/dmytrogajewski/spin/internal/core/error.go:189.16,190.19 1 0
github.com/dmytrogajewski/spin/internal/core/error.go:191.19,192.22 1 1
github.com/dmytrogajewski/spin/internal/core/error.go:193.16,194.19 1 1
github.com/dmytrogajewski/spin/internal/core/error.go:195.19,196.22 1 0
github.com/dmytrogajewski/spin/internal/core/error.go:197.10,198.46 1 1
github.com/dmytrogajewski/spin/internal/core/error.go:200.2,200.12 1 1
github.com/dmytrogajewski/spin/internal/core/error.go:225.35,226.17 1 1
github.com/dmytrogajewski/spin/internal/core/error.go:226.17,236.3 1 1
github.com/dmytrogajewski/spin/internal/core/error.go:238.2,238.18 1 1
github.com/dmytrogajewski/spin/internal/core/error.go:238.18,248.3 1 1
github.com/dmytrogajewski/spin/internal/core/error.go:251.2,251.44 1 1
github.com/dmytrogajewski/spin/internal/core/error.go:251.44,256.44 3 1
github.com/dmytrogajewski/spin/internal/core/error.go:256.44,266.4 1 1
github.com/dmytrogajewski/spin/internal/core/error.go:269.2,269.12 1 1
github.com/dmytrogajewski/spin/internal/core/error.go:285.54,291.2 1 1
github.com/dmytrogajewski/spin/internal/core/executor.go:64.33,66.2 1 1
github.com/dmytrogajewski/spin/internal/core/executor.go:69.32,71.2 1 1
github.com/dmytrogajewski/spin/internal/core/executor.go:74.34,75.38 1 1
github.com/dmytrogajewski/spin/internal/core/executor.go:75.38,77.3 1 1
github.com/dmytrogajewski/spin/internal/core/executor.go:78.2,78.20 1 1
github.com/dmytrogajewski/spin/internal/core/executor.go:78.20,80.3 1 1
github.com/dmytrogajewski/spin/internal/core/executor.go:81.2,81.20 1 1
github.com/dmytrogajewski/spin/internal/core/executor.go:81.20,83.3 1 1
github.com/dmytrogajewski/spin/internal/core/executor.go:84.2,84.35 1 1
github.com/dmytrogajewski/spin/internal/core/executor.go:115.46,126.2 1 1
github.com/dmytrogajewski/spin/internal/core/executor.go:170.49,171.33 1 1
github.com/dmytrogajewski/spin/internal/core/executor.go:171.33,172.15 1 1
github.com/dmytrogajewski/spin/internal/core/executor.go:172.15,174.4 1 0
github.com/dmytrogajewski/spin/internal/core/executor.go:175.3,176.13 2 1
github.com/dmytrogajewski/spin/internal/core/executor.go:181.50,182.33 1 1
github.com/dmytrogajewski/spin/internal/core/executor.go:182.33,183.13 1 1
github.com/dmytrogajewski/spin/internal/core/executor.go:183.13,185.4 1 0
github.com/dmytrogajewski/spin/internal/core/executor.go:186.3,187.13 2 1
github.com/dmytrogajewski/spin/internal/core/executor.go:192.51,193.33 1 1
github.com/dmytrogajewski/spin/internal/core/executor.go:193.33,194.16 1 1
github.com/dmytrogajewski/spin/internal/core/executor.go:194.16,196.4 1 0
github.com/dmytrogajewski/spin/internal/core/executor.go:197.3,198.13 2 1
github.com/dmytrogajewski/spin/internal/core/executor.go:203.60,204.33 1 1
github.com/dmytrogajewski/spin/internal/core/executor.go:204.33,205.17 1 1
github.com/dmytrogajewski/spin/internal/core/executor.go:205.17,207.4 1 0
github.com/dmytrogajewski/spin/internal/core/executor.go:208.3,209.13 2 1
github.com/dmytrogajewski/spin/internal/core/executor.go:214.77,215.19 1 1
github.com/dmytrogajewski/spin/internal/core/executor.go:215.19,217.3 1 1
github.com/dmytrogajewski/spin/internal/core/executor.go:219.2,226.27 2 1
github.com/dmytrogajewski/spin/internal/core/executor.go:226.27,227.32 1 1
github.com/dmytrogajewski/spin/internal/core/executor.go:227.32,229.4 1 0
github.com/dmytrogajewski/spin/internal/core/executor.go:232.2,232.15 1 1
github.com/dmytrogajewski/spin/internal/core/executor.go:244.49,245.16 1 1
github.com/dmytrogajewski/spin/internal/core/executor.go:245.16,247.3 1 1
github.com/dmytrogajewski/spin/internal/core/executor.go:249.2,249.23 1 1
github.com/dmytrogajewski/spin/internal/core/executor.go:249.23,251.3 1 1
github.com/dmytrogajewski/spin/internal/core/executor.go:254.2,258.22 4 1
github.com/dmytrogajewski/spin/internal/core/executor.go:258.22,260.17 2 1
github.com/dmytrogajewski/spin/internal/core/executor.go:260.17,262.4 1 0
github.com/dmytrogajewski/spin/internal/core/executor.go:264.3,264.48 1 1
github.com/dmytrogajewski/spin/internal/core/executor.go:264.48,266.4 1 1
github.com/dmytrogajewski/spin/internal/core/executor.go:269.2,269.12 1 1
github.com/dmytrogajewski/spin/internal/core/executor.go:292.102,294.17 1 1
github.com/dmytrogajewski/spin/internal/core/executor.go:294.17,296.3 1 1
github.com/dmytrogajewski/spin/internal/core/executor.go:299.2,305.24 2 1
github.com/dmytrogajewski/spin/internal/core/executor.go:305.24,306.41 1 1
github.com/dmytrogajewski/spin/internal/core/executor.go:306.41,311.4 4 1
github.com/dmytrogajewski/spin/internal/core/executor.go:312.8,312.23 1 1
github.com/dmytrogajewski/spin/internal/core/executor.go:312.23,318.3 5 0
github.com/dmytrogajewski/spin/internal/core/executor.go:318.8,318.30 1 1
github.com/dmytrogajewski/spin/internal/core/executor.go:318.30,324.3 5 0
github.com/dmytrogajewski/spin/internal/core/executor.go:327.2,335.19 5 1
github.com/dmytrogajewski/spin/internal/core/executor.go:335.19,337.3 1 1
github.com/dmytrogajewski/spin/internal/core/executor.go:338.2,349.40 6 1
github.com/dmytrogajewski/spin/internal/core/executor.go:349.40,355.3 5 1
github.com/dmytrogajewski/spin/internal/core/executor.go:358.2,366.18 5 1
github.com/dmytrogajewski/spin/internal/core/executor.go:366.18,370.3 3 1
github.com/dmytrogajewski/spin/internal/core/executor.go:373.2,380.16 2 1
github.com/dmytrogajewski/spin/internal/core/executor.go:380.16,381.48 1 1
github.com/dmytrogajewski/spin/internal/core/executor.go:381.48,385.4 3 1
github.com/dmytrogajewski/spin/internal/core/executor.go:386.3,386.40 1 1
github.com/dmytrogajewski/spin/internal/core/executor.go:386.40,390.4 3 1
github.com/dmytrogajewski/spin/internal/core/executor.go:393.3,393.47 1 1
github.com/dmytrogajewski/spin/internal/core/executor.go:393.47,395.4 1 1
github.com/dmytrogajewski/spin/internal/core/executor.go:395.9,397.4 1 0
github.com/dmytrogajewski/spin/internal/core/executor.go:398.3,399.30 2 1
github.com/dmytrogajewski/spin/internal/core/executor.go:402.2,403.20 2 1
github.com/dmytrogajewski/spin/internal/core/executor.go:428.122,430.17 1 1
github.com/dmytrogajewski/spin/internal/core/executor.go:430.17,432.3 1 1
github.com/dmytrogajewski/spin/internal/core/executor.go:435.2,435.24 1 1
github.com/dmytrogajewski/spin/internal/core/executor.go:435.24,436.41 1 0
github.com/dmytrogajewski/spin/internal/core/executor.go:436.41,438.4 1 0
github.com/dmytrogajewski/spin/internal/core/executor.go:439.8,439.23 1 1
github.com/dmytrogajewski/spin/internal/core/executor.go:439.23,441.3 1 0
github.com/dmytrogajewski/spin/internal/core/executor.go:441.8,441.30 1 1
github.com/dmytrogajewski/spin/internal/core/executor.go:441.30,443.3 1 0
github.com/dmytrogajewski/spin/internal/core/executor.go:446.2,456.19 5 1
github.com/dmytrogajewski/spin/internal/core/executor.go:456.19,458.3 1 1
github.com/dmytrogajewski/spin/internal/core/executor.go:459.2,466.16 4 1
github.com/dmytrogajewski/spin/internal/core/executor.go:466.16,469.3 2 0
github.com/dmytrogajewski/spin/internal/core/executor.go:471.2,472.16 2 1
github.com/dmytrogajewski/spin/internal/core/executor.go:472.16,475.3 2 0
github.com/dmytrogajewski/spin/internal/core/executor.go:478.2,478.40 1 1
github.com/dmytrogajewski/spin/internal/core/executor.go:478.40,481.3 2 0
github.com/dmytrogajewski/spin/internal/core/executor.go:484.2,488.12 3 1
github.com/dmytrogajewski/spin/internal/core/executor.go:488.12,491.3 2 1
github.com/dmytrogajewski/spin/internal/core/executor.go:494.2,495.12 2 1
github.com/dmytrogajewski/spin/internal/core/executor.go:495.12,498.3 2 1
github.com/dmytrogajewski/spin/internal/core/executor.go:501.2,501.12 1 1
github.com/dmytrogajewski/spin/internal/core/executor.go:501.12,512.17 5 1
github.com/dmytrogajewski/spin/internal/core/executor.go:512.17,513.49 1 1
github.com/dmytrogajewski/spin/internal/core/executor.go:513.49,519.5 1 0
github.com/dmytrogajewski/spin/internal/core/executor.go:519.10,519.48 1 1
github.com/dmytrogajewski/spin/internal/core/executor.go:519.48,525.5 1 1
github.com/dmytrogajewski/spin/internal/core/executor.go:525.10,531.5 1 0
github.com/dmytrogajewski/spin/internal/core/executor.go:532.9,539.4 1 1
github.com/dmytrogajewski/spin/internal/core/executor.go:542.2,542.20 1 1
github.com/dmytrogajewski/spin/internal/core/executor.go:546.114,548.18 2 1
github.com/dmytrogajewski/spin/internal/core/executor.go:548.18,552.3 3 1
github.com/dmytrogajewski/spin/internal/core/executor.go:554.2,554.42 1 1
github.com/dmytrogajewski/spin/internal/core/executor.go:558.68,562.21 2 1
github.com/dmytrogajewski/spin/internal/core/executor.go:562.21,563.35 1 1
github.com/dmytrogajewski/spin/internal/core/executor.go:563.35,565.49 2 1
github.com/dmytrogajewski/spin/internal/core/executor.go:565.49,567.5 1 1
github.com/dmytrogajewski/spin/internal/core/executor.go:572.2,573.26 2 1
github.com/dmytrogajewski/spin/internal/core/executor.go:573.26,575.3 1 1
github.com/dmytrogajewski/spin/internal/core/executor.go:576.2,579.29 2 1
github.com/dmytrogajewski/spin/internal/core/executor.go:579.29,581.3 1 1
github.com/dmytrogajewski/spin/internal/core/executor.go:584.2,585.24 2 1
github.com/dmytrogajewski/spin/internal/core/executor.go:585.24,587.3 1 1
github.com/dmytrogajewski/spin/internal/core/executor.go:589.2,589.15 1 1
github.com/dmytrogajewski/spin/internal/core/executor.go:593.35,600.36 3 1
github.com/dmytrogajewski/spin/internal/core/executor.go:600.36,601.39 1 1
github.com/dmytrogajewski/spin/internal/core/executor.go:601.39,603.4 1 1
github.com/dmytrogajewski/spin/internal/core/executor.go:605.2,605.14 1 1
github.com/dmytrogajewski/spin/internal/core/executor.go:609.98,614.16 3 1
github.com/dmytrogajewski/spin/internal/core/executor.go:614.16,616.3 1 0
github.com/dmytrogajewski/spin/internal/core/executor.go:617.2,617.40 1 1
github.com/dmytrogajewski/spin/internal/core/executor.go:617.40,620.3 2 1
github.com/dmytrogajewski/spin/internal/core/executor.go:623.2,624.16 2 1
github.com/dmytrogajewski/spin/internal/core/executor.go:624.16,626.3 1 0
github.com/dmytrogajewski/spin/internal/core/executor.go:627.2,627.40 1 1
github.com/dmytrogajewski/spin/internal/core/executor.go:627.40,630.3 2 0
github.com/dmytrogajewski/spin/internal/core/executor.go:632.2,632.60 1 1
github.com/dmytrogajewski/spin/internal/core/executor.go:636.88,638.6 2 1
github.com/dmytrogajewski/spin/internal/core/executor.go:638.6,640.12 2 1
github.com/dmytrogajewski/spin/internal/core/executor.go:640.12,651.4 3 1
github.com/dmytrogajewski/spin/internal/core/executor.go:652.3,652.17 1 1
github.com/dmytrogajewski/spin/internal/core/executor.go:652.17,653.21 1 1
github.com/dmytrogajewski/spin/internal/core/executor.go:653.21,660.5 1 0
github.com/dmytrogajewski/spin/internal/core/executor.go:661.4,661.9 1 1
github.com/dmytrogajewski/spin/internal/core/history.go:74.62,75.22 1 1
github.com/dmytrogajewski/spin/internal/core/history.go:75.22,77.3 1 0
github.com/dmytrogajewski/spin/internal/core/history.go:79.2,83.3 1 1
github.com/dmytrogajewski/spin/internal/core/history.go:91.40,93.2 1 0
github.com/dmytrogajewski/spin/internal/core/history.go:101.49,102.20 1 1
github.com/dmytrogajewski/spin/internal/core/history.go:102.20,104.3 1 1
github.com/dmytrogajewski/spin/internal/core/history.go:106.2,110.18 3 1
github.com/dmytrogajewski/spin/internal/core/history.go:110.18,112.3 1 1
github.com/dmytrogajewski/spin/internal/core/history.go:115.2,115.28 1 1
github.com/dmytrogajewski/spin/internal/core/history.go:115.28,117.3 1 1
github.com/dmytrogajewski/spin/internal/core/history.go:120.2,120.21 1 1
github.com/dmytrogajewski/spin/internal/core/history.go:120.21,124.3 2 1
github.com/dmytrogajewski/spin/internal/core/history.go:126.2,127.12 2 1
github.com/dmytrogajewski/spin/internal/core/history.go:133.58,138.2 1 1
github.com/dmytrogajewski/spin/internal/core/history.go:143.56,148.2 1 1
github.com/dmytrogajewski/spin/internal/core/history.go:153.61,158.2 1 1
github.com/dmytrogajewski/spin/internal/core/history.go:165.68,171.2 1 1
github.com/dmytrogajewski/spin/internal/core/history.go:177.40,185.2 5 1
github.com/dmytrogajewski/spin/internal/core/history.go:191.46,193.2 1 0
github.com/dmytrogajewski/spin/internal/core/history.go:198.59,202.28 3 1
github.com/dmytrogajewski/spin/internal/core/history.go:202.28,203.29 1 1
github.com/dmytrogajewski/spin/internal/core/history.go:203.29,207.4 2 1
github.com/dmytrogajewski/spin/internal/core/history.go:210.2,210.61 1 1
github.com/dmytrogajewski/spin/internal/core/history.go:216.51,220.26 3 1
github.com/dmytrogajewski/spin/internal/core/history.go:220.26,222.3 1 1
github.com/dmytrogajewski/spin/internal/core/history.go:225.2,226.18 2 1
github.com/dmytrogajewski/spin/internal/core/history.go:232.64,237.33 4 0
github.com/dmytrogajewski/spin/internal/core/history.go:237.33,238.37 1 0
github.com/dmytrogajewski/spin/internal/core/history.go:238.37,240.4 1 0
github.com/dmytrogajewski/spin/internal/core/history.go:243.2,243.15 1 0
github.com/dmytrogajewski/spin/internal/core/history.go:247.31,252.2 3 1
github.com/dmytrogajewski/spin/internal/core/history.go:257.36,262.2 3 1
github.com/dmytrogajewski/spin/internal/core/history.go:266.42,268.33 2 1
github.com/dmytrogajewski/spin/internal/core/history.go:268.33,270.3 1 1
github.com/dmytrogajewski/spin/internal/core/history.go:271.2,271.14 1 1
github.com/dmytrogajewski/spin/internal/core/history.go:275.34,280.2 3 1
github.com/dmytrogajewski/spin/internal/core/history.go:290.46,294.36 3 1
github.com/dmytrogajewski/spin/internal/core/history.go:294.36,296.3 1 1
github.com/dmytrogajewski/spin/internal/core/history.go:299.2,302.61 3 1
github.com/dmytrogajewski/spin/internal/core/history.go:302.61,305.3 2 0
github.com/dmytrogajewski/spin/internal/core/history.go:305.8,307.3 1 1
github.com/dmytrogajewski/spin/internal/core/history.go:310.2,311.22 2 1
github.com/dmytrogajewski/spin/internal/core/history.go:311.22,313.3 1 0
github.com/dmytrogajewski/spin/internal/core/history.go:316.2,317.22 2 1
github.com/dmytrogajewski/spin/internal/core/history.go:317.22,319.3 1 0
github.com/dmytrogajewski/spin/internal/core/history.go:321.2,324.42 2 1
github.com/dmytrogajewski/spin/internal/core/history.go:324.42,326.32 2 1
github.com/dmytrogajewski/spin/internal/core/history.go:326.32,327.9 1 1
github.com/dmytrogajewski/spin/internal/core/history.go:330.3,331.22 2 1
github.com/dmytrogajewski/spin/internal/core/history.go:334.2,335.12 2 1
github.com/dmytrogajewski/spin/internal/core/history.go:339.41,341.2 1 1
github.com/dmytrogajewski/spin/internal/core/history.go:346.55,351.31 4 1
github.com/dmytrogajewski/spin/internal/core/history.go:351.31,353.3 1 1
github.com/dmytrogajewski/spin/internal/core/history.go:355.2,356.20 2 1
github.com/dmytrogajewski/spin/internal/core/history.go:356.20,358.3 1 0
github.com/dmytrogajewski/spin/internal/core/history.go:360.2,360.46 1 1
github.com/dmytrogajewski/spin/internal/core/history.go:366.33,371.61 3 1
github.com/dmytrogajewski/spin/internal/core/history.go:371.61,373.3 1 1
github.com/dmytrogajewski/spin/internal/core/history.go:373.8,375.3 1 0
github.com/dmytrogajewski/spin/internal/core/history.go:377.2,377.12 1 1
github.com/dmytrogajewski/spin/internal/core/history.go:383.36,389.2 4 1
github.com/dmytrogajewski/spin/internal/core/history.go:394.53,395.37 1 1
github.com/dmytrogajewski/spin/internal/core/history.go:395.37,397.3 1 0
github.com/dmytrogajewski/spin/internal/core/history.go:399.2,399.42 1 1
github.com/dmytrogajewski/spin/internal/core/history.go:405.36,418.2 5 1
github.com/dmytrogajewski/spin/internal/core/history.go:423.45,425.16 2 1
github.com/dmytrogajewski/spin/internal/core/history.go:425.16,427.3 1 0
github.com/dmytrogajewski/spin/internal/core/history.go:429.2,430.16 2 1
github.com/dmytrogajewski/spin/internal/core/history.go:430.16,432.3 1 0
github.com/dmytrogajewski/spin/internal/core/history.go:434.2,434.12 1 1
github.com/dmytrogajewski/spin/internal/core/history.go:440.48,453.16 5 1
github.com/dmytrogajewski/spin/internal/core/history.go:453.16,455.3 1 0
github.com/dmytrogajewski/spin/internal/core/history.go:457.2,457.18 1 1
github.com/dmytrogajewski/spin/internal/core/history.go:463.65,465.16 2 1
github.com/dmytrogajewski/spin/internal/core/history.go:465.16,467.3 1 0
github.com/dmytrogajewski/spin/internal/core/history.go:469.2,469.36 1 1
github.com/dmytrogajewski/spin/internal/core/history.go:475.69,476.22 1 1
github.com/dmytrogajewski/spin/internal/core/history.go:476.22,478.3 1 0
github.com/dmytrogajewski/spin/internal/core/history.go:480.2,482.16 3 1
github.com/dmytrogajewski/spin/internal/core/history.go:482.16,484.3 1 0
github.com/dmytrogajewski/spin/internal/core/history.go:486.2,489.38 2 1
github.com/dmytrogajewski/spin/internal/core/history.go:489.38,494.3 3 1
github.com/dmytrogajewski/spin/internal/core/history.go:496.2,496.21 1 1
github.com/dmytrogajewski/spin/internal/core/tokenizer.go:30.50,31.16 1 1
github.com/dmytrogajewski/spin/internal/core/tokenizer.go:31.16,33.3 1 0
github.com/dmytrogajewski/spin/internal/core/tokenizer.go:36.2,43.31 4 1
github.com/dmytrogajewski/spin/internal/core/tokenizer.go:43.31,45.3 1 0
github.com/dmytrogajewski/spin/internal/core/tokenizer.go:47.2,47.15 1 1
github.com/dmytrogajewski/spin/internal/core/tokenizer.go:54.65,57.31 2 1
github.com/dmytrogajewski/spin/internal/core/tokenizer.go:57.31,66.29 4 1
github.com/dmytrogajewski/spin/internal/core/tokenizer.go:66.29,67.37 1 0
github.com/dmytrogajewski/spin/internal/core/tokenizer.go:67.37,71.5 3 0
github.com/dmytrogajewski/spin/internal/core/tokenizer.go:75.2,75.14 1 1
github.com/dmytrogajewski/spin/internal/core/validator.go:37.39,38.11 1 1
github.com/dmytrogajewski/spin/internal/core/validator.go:39.19,40.16 1 1
github.com/dmytrogajewski/spin/internal/core/validator.go:41.26,42.23 1 1
github.com/dmytrogajewski/spin/internal/core/validator.go:43.24,44.21 1 1
github.com/dmytrogajewski/spin/internal/core/validator.go:45.24,46.21 1 1
github.com/dmytrogajewski/spin/internal/core/validator.go:47.25,48.22 1 1
github.com/dmytrogajewski/spin/internal/core/validator.go:49.10,50.19 1 0
github.com/dmytrogajewski/spin/internal/core/validator.go:59.44,61.2 1 1
github.com/dmytrogajewski/spin/internal/core/validator.go:153.52,155.18 2 1
github.com/dmytrogajewski/spin/internal/core/validator.go:155.18,157.3 1 1
github.com/dmytrogajewski/spin/internal/core/validator.go:160.2,161.21 2 1
github.com/dmytrogajewski/spin/internal/core/validator.go:161.21,163.3 1 0
github.com/dmytrogajewski/spin/internal/core/validator.go:165.2,172.20 2 1
github.com/dmytrogajewski/spin/internal/core/validator.go:172.20,174.3 1 1
github.com/dmytrogajewski/spin/internal/core/validator.go:176.2,176.17 1 1
github.com/dmytrogajewski/spin/internal/core/validator.go:180.32,194.2 6 1
github.com/dmytrogajewski/spin/internal/core/validator.go:197.51,259.2 1 1
github.com/dmytrogajewski/spin/internal/core/validator.go:262.51,405.2 14 1
github.com/dmytrogajewski/spin/internal/core/validator.go:408.53,511.2 11 1
github.com/dmytrogajewski/spin/internal/core/validator.go:514.46,645.2 16 1
github.com/dmytrogajewski/spin/internal/core/validator.go:655.71,656.16 1 1
github.com/dmytrogajewski/spin/internal/core/validator.go:656.16,658.3 1 0
github.com/dmytrogajewski/spin/internal/core/validator.go:661.2,661.67 1 1
github.com/dmytrogajewski/spin/internal/core/validator.go:661.67,663.3 1 1
github.com/dmytrogajewski/spin/internal/core/validator.go:666.2,666.93 1 1
github.com/dmytrogajewski/spin/internal/core/validator.go:666.93,668.3 1 1
github.com/dmytrogajewski/spin/internal/core/validator.go:671.2,671.92 1 1
github.com/dmytrogajewski/spin/internal/core/validator.go:671.92,673.3 1 1
github.com/dmytrogajewski/spin/internal/core/validator.go:676.2,676.96 1 1
github.com/dmytrogajewski/spin/internal/core/validator.go:676.96,678.3 1 1
github.com/dmytrogajewski/spin/internal/core/validator.go:681.2,681.82 1 1
github.com/dmytrogajewski/spin/internal/core/validator.go:681.82,683.3 1 1
github.com/dmytrogajewski/spin/internal/core/validator.go:686.2,691.8 1 1
github.com/dmytrogajewski/spin/internal/core/validator.go:695.83,697.88 1 1
github.com/dmytrogajewski/spin/internal/core/validator.go:697.88,704.3 1 1
github.com/dmytrogajewski/spin/internal/core/validator.go:707.2,707.75 1 1
github.com/dmytrogajewski/spin/internal/core/validator.go:707.75,714.3 1 1
github.com/dmytrogajewski/spin/internal/core/validator.go:717.2,717.44 1 1
github.com/dmytrogajewski/spin/internal/core/validator.go:717.44,724.3 1 1
github.com/dmytrogajewski/spin/internal/core/validator.go:726.2,726.12 1 1
github.com/dmytrogajewski/spin/internal/core/validator.go:730.119,731.35 1 1
github.com/dmytrogajewski/spin/internal/core/validator.go:731.35,732.37 1 1
github.com/dmytrogajewski/spin/internal/core/validator.go:732.37,739.4 1 1
github.com/dmytrogajewski/spin/internal/core/validator.go:741.2,741.12 1 1
github.com/dmytrogajewski/spin/internal/core/validator.go:745.131,747.9 2 1
github.com/dmytrogajewski/spin/internal/core/validator.go:747.9,749.3 1 1
github.com/dmytrogajewski/spin/internal/core/validator.go:751.2,751.35 1 1
github.com/dmytrogajewski/spin/internal/core/validator.go:751.35,752.37 1 1
github.com/dmytrogajewski/spin/internal/core/validator.go:752.37,759.4 1 1
github.com/dmytrogajewski/spin/internal/core/validator.go:761.2,761.12 1 1
github.com/dmytrogajewski/spin/internal/core/validator.go:765.72,767.36 1 1
github.com/dmytrogajewski/spin/internal/core/validator.go:767.36,769.3 1 1
github.com/dmytrogajewski/spin/internal/core/validator.go:772.2,775.40 2 1
github.com/dmytrogajewski/spin/internal/core/validator.go:775.40,776.62 1 1
github.com/dmytrogajewski/spin/internal/core/validator.go:776.62,777.51 1 1
github.com/dmytrogajewski/spin/internal/core/validator.go:777.51,779.5 1 1
github.com/dmytrogajewski/spin/internal/core/validator.go:782.3,782.15 1 1
github.com/dmytrogajewski/spin/internal/core/validator.go:786.2,786.49 1 1
github.com/dmytrogajewski/spin/internal/core/validator.go:786.49,787.45 1 1
github.com/dmytrogajewski/spin/internal/core/validator.go:787.45,789.4 1 1
github.com/dmytrogajewski/spin/internal/core/validator.go:793.2,793.35 1 1
github.com/dmytrogajewski/spin/internal/core/validator.go:793.35,795.3 1 1
github.com/dmytrogajewski/spin/internal/core/validator.go:798.2,798.13 1 1
github.com/dmytrogajewski/spin/internal/core/validator.go:802.47,804.16 2 1
github.com/dmytrogajewski/spin/internal/core/validator.go:804.16,806.3 1 0
github.com/dmytrogajewski/spin/internal/core/validator.go:807.2,807.45 1 1
github.com/dmytrogajewski/spin/internal/core/validator.go:811.54,813.16 2 1
github.com/dmytrogajewski/spin/internal/core/validator.go:813.16,815.3 1 0
github.com/dmytrogajewski/spin/internal/core/validator.go:816.2,816.52 1 1
github.com/dmytrogajewski/spin/internal/core/validator.go:820.52,822.16 2 1
github.com/dmytrogajewski/spin/internal/core/validator.go:822.16,824.3 1 0
github.com/dmytrogajewski/spin/internal/core/validator.go:825.2,825.50 1 1
github.com/dmytrogajewski/spin/internal/core/validator.go:829.52,831.16 2 1
github.com/dmytrogajewski/spin/internal/core/validator.go:831.16,833.3 1 0
github.com/dmytrogajewski/spin/internal/core/validator.go:834.2,834.50 1 1
github.com/dmytrogajewski/spin/internal/core/validator.go:842.54,844.16 2 1
github.com/dmytrogajewski/spin/internal/core/validator.go:844.16,846.3 1 0
github.com/dmytrogajewski/spin/internal/core/validator.go:849.2,849.47 1 1
github.com/dmytrogajewski/spin/internal/core/validator.go:849.47,851.3 1 1
github.com/dmytrogajewski/spin/internal/core/validator.go:853.2,853.46 1 1
