mode: set
github.com/dmytrogajewski/spin/internal/tui/theme/auto.go:9.32,14.12 3 1
github.com/dmytrogajewski/spin/internal/tui/theme/auto.go:14.12,16.3 1 1
github.com/dmytrogajewski/spin/internal/tui/theme/auto.go:16.8,18.3 1 0
github.com/dmytrogajewski/spin/internal/tui/theme/auto.go:20.2,20.39 1 1
github.com/dmytrogajewski/spin/internal/tui/theme/auto.go:24.56,24.73 1 1
github.com/dmytrogajewski/spin/internal/tui/theme/auto.go:25.56,25.86 1 1
github.com/dmytrogajewski/spin/internal/tui/theme/auto.go:26.56,26.90 1 1
github.com/dmytrogajewski/spin/internal/tui/theme/auto.go:27.57,27.96 1 1
github.com/dmytrogajewski/spin/internal/tui/theme/auto.go:28.56,28.94 1 0
github.com/dmytrogajewski/spin/internal/tui/theme/auto.go:29.56,29.90 1 0
github.com/dmytrogajewski/spin/internal/tui/theme/auto.go:30.59,30.99 1 0
github.com/dmytrogajewski/spin/internal/tui/theme/auto.go:31.56,31.91 1 0
github.com/dmytrogajewski/spin/internal/tui/theme/auto.go:32.56,32.94 1 0
github.com/dmytrogajewski/spin/internal/tui/theme/dark.go:17.32,186.2 8 1
github.com/dmytrogajewski/spin/internal/tui/theme/dark.go:188.53,188.70 1 1
github.com/dmytrogajewski/spin/internal/tui/theme/dark.go:189.53,189.72 1 1
github.com/dmytrogajewski/spin/internal/tui/theme/dark.go:190.53,190.70 1 1
github.com/dmytrogajewski/spin/internal/tui/theme/dark.go:191.57,191.79 1 1
github.com/dmytrogajewski/spin/internal/tui/theme/dark.go:192.55,192.76 1 1
github.com/dmytrogajewski/spin/internal/tui/theme/dark.go:193.53,193.70 1 1
github.com/dmytrogajewski/spin/internal/tui/theme/dark.go:194.59,194.82 1 1
github.com/dmytrogajewski/spin/internal/tui/theme/dark.go:195.53,195.71 1 1
github.com/dmytrogajewski/spin/internal/tui/theme/dark.go:196.53,196.68 1 1
github.com/dmytrogajewski/spin/internal/tui/theme/light.go:17.34,186.2 8 1
github.com/dmytrogajewski/spin/internal/tui/theme/light.go:188.57,188.75 1 1
github.com/dmytrogajewski/spin/internal/tui/theme/light.go:189.57,189.76 1 1
github.com/dmytrogajewski/spin/internal/tui/theme/light.go:190.57,190.74 1 0
github.com/dmytrogajewski/spin/internal/tui/theme/light.go:191.58,191.80 1 0
github.com/dmytrogajewski/spin/internal/tui/theme/light.go:192.57,192.78 1 0
github.com/dmytrogajewski/spin/internal/tui/theme/light.go:193.57,193.74 1 0
github.com/dmytrogajewski/spin/internal/tui/theme/light.go:194.60,194.83 1 0
github.com/dmytrogajewski/spin/internal/tui/theme/light.go:195.57,195.75 1 0
github.com/dmytrogajewski/spin/internal/tui/theme/light.go:196.57,196.72 1 1
github.com/dmytrogajewski/spin/internal/tui/theme/plain.go:17.34,125.2 8 1
github.com/dmytrogajewski/spin/internal/tui/theme/plain.go:127.57,127.75 1 1
github.com/dmytrogajewski/spin/internal/tui/theme/plain.go:128.57,128.76 1 1
github.com/dmytrogajewski/spin/internal/tui/theme/plain.go:129.57,129.74 1 1
github.com/dmytrogajewski/spin/internal/tui/theme/plain.go:130.58,130.80 1 0
github.com/dmytrogajewski/spin/internal/tui/theme/plain.go:131.57,131.78 1 0
github.com/dmytrogajewski/spin/internal/tui/theme/plain.go:132.57,132.74 1 0
github.com/dmytrogajewski/spin/internal/tui/theme/plain.go:133.60,133.83 1 0
github.com/dmytrogajewski/spin/internal/tui/theme/plain.go:134.57,134.75 1 0
github.com/dmytrogajewski/spin/internal/tui/theme/plain.go:135.57,135.73 1 1
github.com/dmytrogajewski/spin/internal/tui/theme/theme.go:43.52,45.44 1 1
github.com/dmytrogajewski/spin/internal/tui/theme/theme.go:45.44,47.3 1 1
github.com/dmytrogajewski/spin/internal/tui/theme/theme.go:50.2,50.16 1 1
github.com/dmytrogajewski/spin/internal/tui/theme/theme.go:50.16,52.3 1 1
github.com/dmytrogajewski/spin/internal/tui/theme/theme.go:54.2,54.14 1 1
github.com/dmytrogajewski/spin/internal/tui/theme/theme.go:55.14,56.29 1 1
github.com/dmytrogajewski/spin/internal/tui/theme/theme.go:57.15,58.30 1 1
github.com/dmytrogajewski/spin/internal/tui/theme/theme.go:59.14,60.29 1 1
github.com/dmytrogajewski/spin/internal/tui/theme/theme.go:61.10,62.83 1 1
github.com/dmytrogajewski/spin/internal/tui/theme/theme.go:68.32,72.58 1 1
github.com/dmytrogajewski/spin/internal/tui/theme/theme.go:72.58,74.22 2 1
github.com/dmytrogajewski/spin/internal/tui/theme/theme.go:74.22,75.53 1 1
github.com/dmytrogajewski/spin/internal/tui/theme/theme.go:75.53,77.5 1 1
github.com/dmytrogajewski/spin/internal/tui/theme/theme.go:82.2,83.36 2 1
github.com/dmytrogajewski/spin/internal/tui/theme/theme.go:83.36,85.3 1 1
github.com/dmytrogajewski/spin/internal/tui/theme/theme.go:86.2,86.37 1 1
github.com/dmytrogajewski/spin/internal/tui/theme/theme.go:86.37,88.3 1 1
github.com/dmytrogajewski/spin/internal/tui/theme/theme.go:91.2,91.13 1 1
