mode: atomic
github.com/dmytrogajewski/spin/internal/llm/factory/factory.go:72.60,74.44 1 70
github.com/dmytrogajewski/spin/internal/llm/factory/factory.go:74.44,76.3 1 8
github.com/dmytrogajewski/spin/internal/llm/factory/factory.go:79.2,83.13 4 62
github.com/dmytrogajewski/spin/internal/llm/factory/factory.go:83.13,85.3 1 1
github.com/dmytrogajewski/spin/internal/llm/factory/factory.go:88.2,88.21 1 61
github.com/dmytrogajewski/spin/internal/llm/factory/factory.go:109.61,113.2 3 55
github.com/dmytrogajewski/spin/internal/llm/factory/factory.go:116.47,117.20 1 70
github.com/dmytrogajewski/spin/internal/llm/factory/factory.go:117.20,119.3 1 1
github.com/dmytrogajewski/spin/internal/llm/factory/factory.go:122.2,122.18 1 69
github.com/dmytrogajewski/spin/internal/llm/factory/factory.go:123.37,124.24 1 7
github.com/dmytrogajewski/spin/internal/llm/factory/factory.go:124.24,126.4 1 1
github.com/dmytrogajewski/spin/internal/llm/factory/factory.go:127.3,127.23 1 6
github.com/dmytrogajewski/spin/internal/llm/factory/factory.go:127.23,129.4 1 1
github.com/dmytrogajewski/spin/internal/llm/factory/factory.go:130.3,130.22 1 5
github.com/dmytrogajewski/spin/internal/llm/factory/factory.go:130.22,132.4 1 1
github.com/dmytrogajewski/spin/internal/llm/factory/factory.go:134.16,135.24 1 55
github.com/dmytrogajewski/spin/internal/llm/factory/factory.go:135.24,137.4 1 1
github.com/dmytrogajewski/spin/internal/llm/factory/factory.go:138.3,138.22 1 54
github.com/dmytrogajewski/spin/internal/llm/factory/factory.go:138.22,140.4 1 1
github.com/dmytrogajewski/spin/internal/llm/factory/factory.go:142.18,143.22 1 3
github.com/dmytrogajewski/spin/internal/llm/factory/factory.go:143.22,145.4 1 1
github.com/dmytrogajewski/spin/internal/llm/factory/factory.go:150.2,150.23 1 63
github.com/dmytrogajewski/spin/internal/llm/factory/factory.go:150.23,151.51 1 62
github.com/dmytrogajewski/spin/internal/llm/factory/factory.go:151.51,153.4 1 1
github.com/dmytrogajewski/spin/internal/llm/factory/factory.go:156.2,156.12 1 62
github.com/dmytrogajewski/spin/internal/llm/factory/factory.go:160.66,169.2 2 3
github.com/dmytrogajewski/spin/internal/llm/factory/factory.go:172.66,180.2 2 52
github.com/dmytrogajewski/spin/internal/llm/factory/factory.go:183.68,191.2 2 2
github.com/dmytrogajewski/spin/internal/llm/lmstudio/provider.go:36.49,46.29 2 13
github.com/dmytrogajewski/spin/internal/llm/lmstudio/provider.go:46.29,48.3 1 7
github.com/dmytrogajewski/spin/internal/llm/lmstudio/provider.go:51.2,52.16 2 13
github.com/dmytrogajewski/spin/internal/llm/lmstudio/provider.go:52.16,54.3 1 0
github.com/dmytrogajewski/spin/internal/llm/lmstudio/provider.go:56.2,56.49 1 13
github.com/dmytrogajewski/spin/internal/llm/lmstudio/provider.go:60.34,62.2 1 1
github.com/dmytrogajewski/spin/internal/llm/lmstudio/provider.go:65.52,73.2 3 1
github.com/dmytrogajewski/spin/internal/llm/client.go:35.54,44.27 2 24
github.com/dmytrogajewski/spin/internal/llm/client.go:44.27,46.3 1 33
github.com/dmytrogajewski/spin/internal/llm/client.go:48.2,48.10 1 24
github.com/dmytrogajewski/spin/internal/llm/client.go:68.68,70.16 2 17
github.com/dmytrogajewski/spin/internal/llm/client.go:70.16,72.3 1 1
github.com/dmytrogajewski/spin/internal/llm/client.go:74.2,75.55 2 16
github.com/dmytrogajewski/spin/internal/llm/client.go:75.55,76.64 1 31
github.com/dmytrogajewski/spin/internal/llm/client.go:76.64,78.4 1 1
github.com/dmytrogajewski/spin/internal/llm/client.go:80.3,83.17 3 30
github.com/dmytrogajewski/spin/internal/llm/client.go:83.17,85.12 2 4
github.com/dmytrogajewski/spin/internal/llm/client.go:88.3,88.38 1 26
github.com/dmytrogajewski/spin/internal/llm/client.go:88.38,90.4 1 12
github.com/dmytrogajewski/spin/internal/llm/client.go:92.3,93.17 2 14
github.com/dmytrogajewski/spin/internal/llm/client.go:93.17,95.12 2 0
github.com/dmytrogajewski/spin/internal/llm/client.go:98.3,98.21 1 14
github.com/dmytrogajewski/spin/internal/llm/client.go:98.21,100.4 1 1
github.com/dmytrogajewski/spin/internal/llm/client.go:102.3,103.51 2 13
github.com/dmytrogajewski/spin/internal/llm/client.go:106.2,106.61 1 2
github.com/dmytrogajewski/spin/internal/llm/client.go:110.75,111.21 1 17
github.com/dmytrogajewski/spin/internal/llm/client.go:111.21,113.3 1 15
github.com/dmytrogajewski/spin/internal/llm/client.go:115.2,116.16 2 2
github.com/dmytrogajewski/spin/internal/llm/client.go:116.16,118.3 1 1
github.com/dmytrogajewski/spin/internal/llm/client.go:119.2,120.23 2 1
github.com/dmytrogajewski/spin/internal/llm/client.go:124.75,125.18 1 31
github.com/dmytrogajewski/spin/internal/llm/client.go:125.18,127.3 1 16
github.com/dmytrogajewski/spin/internal/llm/client.go:129.2,130.9 2 15
github.com/dmytrogajewski/spin/internal/llm/client.go:131.27,132.13 1 14
github.com/dmytrogajewski/spin/internal/llm/client.go:133.20,134.19 1 1
github.com/dmytrogajewski/spin/internal/llm/client.go:139.66,140.18 1 15
github.com/dmytrogajewski/spin/internal/llm/client.go:140.18,142.3 1 0
github.com/dmytrogajewski/spin/internal/llm/client.go:144.2,145.16 2 15
github.com/dmytrogajewski/spin/internal/llm/client.go:145.16,147.3 1 0
github.com/dmytrogajewski/spin/internal/llm/client.go:149.2,149.53 1 15
github.com/dmytrogajewski/spin/internal/llm/client.go:153.78,154.22 1 32
github.com/dmytrogajewski/spin/internal/llm/client.go:154.22,156.3 1 2
github.com/dmytrogajewski/spin/internal/llm/client.go:160.121,161.51 1 14
github.com/dmytrogajewski/spin/internal/llm/client.go:161.51,163.3 1 2
github.com/dmytrogajewski/spin/internal/llm/client.go:165.2,166.22 2 12
github.com/dmytrogajewski/spin/internal/llm/client.go:166.22,168.3 1 9
github.com/dmytrogajewski/spin/internal/llm/client.go:170.2,171.16 2 3
github.com/dmytrogajewski/spin/internal/llm/client.go:171.16,173.3 1 1
github.com/dmytrogajewski/spin/internal/llm/client.go:175.2,178.9 3 2
github.com/dmytrogajewski/spin/internal/llm/client.go:179.34,179.34 0 2
github.com/dmytrogajewski/spin/internal/llm/client.go:180.30,181.34 1 0
github.com/dmytrogajewski/spin/internal/llm/client.go:184.2,186.16 3 2
github.com/dmytrogajewski/spin/internal/llm/client.go:186.16,188.3 1 0
github.com/dmytrogajewski/spin/internal/llm/client.go:190.2,190.40 1 2
github.com/dmytrogajewski/spin/internal/llm/client.go:190.40,192.3 1 1
github.com/dmytrogajewski/spin/internal/llm/client.go:194.2,195.17 2 1
github.com/dmytrogajewski/spin/internal/llm/client.go:203.49,207.2 1 38
github.com/dmytrogajewski/spin/internal/llm/client.go:218.48,219.29 1 2
github.com/dmytrogajewski/spin/internal/llm/client.go:219.29,221.3 1 2
github.com/dmytrogajewski/spin/internal/llm/client.go:230.41,231.29 1 15
github.com/dmytrogajewski/spin/internal/llm/client.go:231.29,233.3 1 15
github.com/dmytrogajewski/spin/internal/llm/client.go:243.51,244.29 1 15
github.com/dmytrogajewski/spin/internal/llm/client.go:244.29,246.3 1 15
github.com/dmytrogajewski/spin/internal/llm/client.go:259.60,260.29 1 1
github.com/dmytrogajewski/spin/internal/llm/client.go:260.29,262.3 1 1
github.com/dmytrogajewski/spin/internal/llm/mock.go:36.69,55.27 2 20
github.com/dmytrogajewski/spin/internal/llm/mock.go:55.27,57.3 1 17
github.com/dmytrogajewski/spin/internal/llm/mock.go:59.2,59.10 1 20
github.com/dmytrogajewski/spin/internal/llm/mock.go:63.106,68.17 3 1008
github.com/dmytrogajewski/spin/internal/llm/mock.go:68.17,69.10 1 2
github.com/dmytrogajewski/spin/internal/llm/mock.go:70.30,70.30 0 0
github.com/dmytrogajewski/spin/internal/llm/mock.go:71.21,72.25 1 2
github.com/dmytrogajewski/spin/internal/llm/mock.go:77.2,77.18 1 1006
github.com/dmytrogajewski/spin/internal/llm/mock.go:77.18,79.3 1 2
github.com/dmytrogajewski/spin/internal/llm/mock.go:82.2,95.26 2 1004
github.com/dmytrogajewski/spin/internal/llm/mock.go:95.26,97.3 1 1
github.com/dmytrogajewski/spin/internal/llm/mock.go:99.2,99.18 1 1004
github.com/dmytrogajewski/spin/internal/llm/mock.go:103.103,108.18 3 4
github.com/dmytrogajewski/spin/internal/llm/mock.go:108.18,110.3 1 1
github.com/dmytrogajewski/spin/internal/llm/mock.go:112.2,114.12 2 3
github.com/dmytrogajewski/spin/internal/llm/mock.go:114.12,118.30 2 3
github.com/dmytrogajewski/spin/internal/llm/mock.go:118.30,120.43 1 2
github.com/dmytrogajewski/spin/internal/llm/mock.go:120.43,121.12 1 6
github.com/dmytrogajewski/spin/internal/llm/mock.go:122.23,124.12 2 0
github.com/dmytrogajewski/spin/internal/llm/mock.go:125.79,125.79 0 6
github.com/dmytrogajewski/spin/internal/llm/mock.go:129.5,129.20 1 6
github.com/dmytrogajewski/spin/internal/llm/mock.go:129.20,130.13 1 2
github.com/dmytrogajewski/spin/internal/llm/mock.go:131.33,131.33 0 1
github.com/dmytrogajewski/spin/internal/llm/mock.go:132.24,134.13 2 1
github.com/dmytrogajewski/spin/internal/llm/mock.go:138.9,138.34 1 1
github.com/dmytrogajewski/spin/internal/llm/mock.go:138.34,140.35 1 1
github.com/dmytrogajewski/spin/internal/llm/mock.go:140.35,141.12 1 2
github.com/dmytrogajewski/spin/internal/llm/mock.go:142.23,144.12 2 0
github.com/dmytrogajewski/spin/internal/llm/mock.go:145.77,145.77 0 2
github.com/dmytrogajewski/spin/internal/llm/mock.go:148.9,150.11 1 0
github.com/dmytrogajewski/spin/internal/llm/mock.go:151.22,153.11 2 0
github.com/dmytrogajewski/spin/internal/llm/mock.go:154.81,154.81 0 0
github.com/dmytrogajewski/spin/internal/llm/mock.go:159.3,160.27 2 2
github.com/dmytrogajewski/spin/internal/llm/mock.go:160.27,162.4 1 1
github.com/dmytrogajewski/spin/internal/llm/mock.go:164.3,164.10 1 2
github.com/dmytrogajewski/spin/internal/llm/mock.go:165.21,166.65 1 0
github.com/dmytrogajewski/spin/internal/llm/mock.go:167.79,167.79 0 2
github.com/dmytrogajewski/spin/internal/llm/mock.go:171.2,171.20 1 3
github.com/dmytrogajewski/spin/internal/llm/mock.go:175.69,179.18 3 4
github.com/dmytrogajewski/spin/internal/llm/mock.go:179.18,181.3 1 1
github.com/dmytrogajewski/spin/internal/llm/mock.go:183.2,183.22 1 3
github.com/dmytrogajewski/spin/internal/llm/mock.go:187.52,191.2 3 1002
github.com/dmytrogajewski/spin/internal/llm/mock.go:194.38,196.2 1 1001
github.com/dmytrogajewski/spin/internal/llm/mock.go:199.38,202.2 1 2
github.com/dmytrogajewski/spin/internal/llm/mock.go:206.53,210.2 3 1000
github.com/dmytrogajewski/spin/internal/llm/mock.go:214.44,218.2 3 1000
github.com/dmytrogajewski/spin/internal/llm/mock.go:222.55,226.2 3 1000
github.com/dmytrogajewski/spin/internal/llm/mock.go:232.47,233.31 1 2
github.com/dmytrogajewski/spin/internal/llm/mock.go:233.31,235.3 1 2
github.com/dmytrogajewski/spin/internal/llm/mock.go:239.49,240.31 1 2
github.com/dmytrogajewski/spin/internal/llm/mock.go:240.31,242.3 1 2
github.com/dmytrogajewski/spin/internal/llm/mock.go:246.38,247.31 1 4
github.com/dmytrogajewski/spin/internal/llm/mock.go:247.31,249.3 1 4
github.com/dmytrogajewski/spin/internal/llm/mock.go:255.48,256.31 1 3
github.com/dmytrogajewski/spin/internal/llm/mock.go:256.31,260.32 3 3
github.com/dmytrogajewski/spin/internal/llm/mock.go:260.32,262.4 1 10
github.com/dmytrogajewski/spin/internal/llm/mock.go:263.3,263.22 1 3
github.com/dmytrogajewski/spin/internal/llm/mock.go:268.53,269.31 1 1
github.com/dmytrogajewski/spin/internal/llm/mock.go:269.31,271.3 1 1
github.com/dmytrogajewski/spin/internal/llm/mock.go:275.44,276.31 1 2
github.com/dmytrogajewski/spin/internal/llm/mock.go:276.31,278.3 1 2
github.com/dmytrogajewski/spin/internal/llm/mock.go:283.48,284.31 1 3
github.com/dmytrogajewski/spin/internal/llm/mock.go:284.31,286.3 1 3
github.com/dmytrogajewski/spin/internal/llm/stream.go:18.34,20.2 1 67
github.com/dmytrogajewski/spin/internal/llm/stream.go:46.45,50.2 1 34
github.com/dmytrogajewski/spin/internal/llm/stream.go:56.34,59.23 2 86
github.com/dmytrogajewski/spin/internal/llm/stream.go:59.23,63.17 2 154
github.com/dmytrogajewski/spin/internal/llm/stream.go:63.17,64.26 1 76
github.com/dmytrogajewski/spin/internal/llm/stream.go:64.26,71.5 3 73
github.com/dmytrogajewski/spin/internal/llm/stream.go:72.4,72.12 1 3
github.com/dmytrogajewski/spin/internal/llm/stream.go:76.3,76.40 1 78
github.com/dmytrogajewski/spin/internal/llm/stream.go:76.40,79.4 2 77
github.com/dmytrogajewski/spin/internal/llm/stream.go:83.2,83.24 1 13
github.com/dmytrogajewski/spin/internal/llm/stream.go:83.24,90.3 3 2
github.com/dmytrogajewski/spin/internal/llm/stream.go:92.2,93.14 2 11
github.com/dmytrogajewski/spin/internal/llm/stream.go:97.40,99.2 1 71
github.com/dmytrogajewski/spin/internal/llm/stream.go:102.34,104.2 1 8
github.com/dmytrogajewski/spin/internal/llm/stream.go:143.103,146.21 2 24
github.com/dmytrogajewski/spin/internal/llm/stream.go:146.21,150.21 2 63
github.com/dmytrogajewski/spin/internal/llm/stream.go:150.21,151.11 1 16
github.com/dmytrogajewski/spin/internal/llm/stream.go:152.52,152.52 0 16
github.com/dmytrogajewski/spin/internal/llm/stream.go:153.22,154.21 1 0
github.com/dmytrogajewski/spin/internal/llm/stream.go:156.4,156.14 1 16
github.com/dmytrogajewski/spin/internal/llm/stream.go:160.3,161.17 2 47
github.com/dmytrogajewski/spin/internal/llm/stream.go:161.17,163.11 1 34
github.com/dmytrogajewski/spin/internal/llm/stream.go:164.65,164.65 0 34
github.com/dmytrogajewski/spin/internal/llm/stream.go:165.22,166.21 1 0
github.com/dmytrogajewski/spin/internal/llm/stream.go:168.4,168.12 1 34
github.com/dmytrogajewski/spin/internal/llm/stream.go:172.3,172.19 1 13
github.com/dmytrogajewski/spin/internal/llm/stream.go:172.19,173.12 1 1
github.com/dmytrogajewski/spin/internal/llm/stream.go:177.3,177.10 1 12
github.com/dmytrogajewski/spin/internal/llm/stream.go:178.25,178.25 0 10
github.com/dmytrogajewski/spin/internal/llm/stream.go:179.21,180.20 1 2
github.com/dmytrogajewski/spin/internal/llm/stream.go:184.2,184.22 1 6
github.com/dmytrogajewski/spin/internal/llm/stream.go:189.88,190.52 1 17
github.com/dmytrogajewski/spin/internal/llm/stream.go:190.52,192.54 2 36
github.com/dmytrogajewski/spin/internal/llm/stream.go:192.54,194.4 1 32
github.com/dmytrogajewski/spin/internal/llm/stream.go:195.3,195.35 1 4
github.com/dmytrogajewski/spin/internal/llm/stream.go:197.2,197.42 1 17
github.com/dmytrogajewski/spin/internal/llm/stream.go:208.60,209.29 1 10
github.com/dmytrogajewski/spin/internal/llm/stream.go:209.29,211.3 1 1
github.com/dmytrogajewski/spin/internal/llm/stream.go:213.2,217.32 3 9
github.com/dmytrogajewski/spin/internal/llm/stream.go:217.32,221.3 3 5
github.com/dmytrogajewski/spin/internal/llm/stream.go:224.2,224.37 1 4
github.com/dmytrogajewski/spin/internal/llm/stream.go:224.37,236.3 4 1
github.com/dmytrogajewski/spin/internal/llm/stream.go:239.2,239.62 1 3
github.com/dmytrogajewski/spin/internal/llm/stream.go:239.62,243.3 3 1
github.com/dmytrogajewski/spin/internal/llm/stream.go:245.2,245.12 1 2
github.com/dmytrogajewski/spin/internal/llm/tokenizer.go:29.42,33.2 1 9
github.com/dmytrogajewski/spin/internal/llm/tokenizer.go:38.55,39.16 1 26
github.com/dmytrogajewski/spin/internal/llm/tokenizer.go:39.16,41.3 1 3
github.com/dmytrogajewski/spin/internal/llm/tokenizer.go:44.2,45.25 2 23
github.com/dmytrogajewski/spin/internal/llm/tokenizer.go:45.25,47.26 1 1026
github.com/dmytrogajewski/spin/internal/llm/tokenizer.go:47.26,49.4 1 855
github.com/dmytrogajewski/spin/internal/llm/tokenizer.go:49.9,52.4 1 171
github.com/dmytrogajewski/spin/internal/llm/tokenizer.go:57.2,57.24 1 23
github.com/dmytrogajewski/spin/internal/llm/tokenizer.go:57.24,59.3 1 6
github.com/dmytrogajewski/spin/internal/llm/tokenizer.go:61.2,64.30 2 23
github.com/dmytrogajewski/spin/internal/llm/tokenizer.go:64.30,66.3 1 1
github.com/dmytrogajewski/spin/internal/llm/tokenizer.go:68.2,68.15 1 23
github.com/dmytrogajewski/spin/internal/llm/tokenizer.go:73.66,74.20 1 12
github.com/dmytrogajewski/spin/internal/llm/tokenizer.go:74.20,76.3 1 2
github.com/dmytrogajewski/spin/internal/llm/tokenizer.go:78.2,81.27 2 10
github.com/dmytrogajewski/spin/internal/llm/tokenizer.go:81.27,89.36 3 13
github.com/dmytrogajewski/spin/internal/llm/tokenizer.go:89.36,91.4 1 3
github.com/dmytrogajewski/spin/internal/llm/tokenizer.go:94.3,94.27 1 13
github.com/dmytrogajewski/spin/internal/llm/tokenizer.go:94.27,96.4 1 1
github.com/dmytrogajewski/spin/internal/llm/tokenizer.go:100.2,102.14 2 10
github.com/dmytrogajewski/spin/internal/llm/tokenizer.go:106.64,119.2 5 3
github.com/dmytrogajewski/spin/internal/llm/tokenizer.go:122.39,123.14 1 19
github.com/dmytrogajewski/spin/internal/llm/tokenizer.go:124.16,125.11 1 3
github.com/dmytrogajewski/spin/internal/llm/tokenizer.go:126.14,127.11 1 8
github.com/dmytrogajewski/spin/internal/llm/tokenizer.go:128.19,129.11 1 4
github.com/dmytrogajewski/spin/internal/llm/tokenizer.go:130.14,131.11 1 2
github.com/dmytrogajewski/spin/internal/llm/tokenizer.go:132.10,133.11 1 2
github.com/dmytrogajewski/spin/internal/llm/tokenizer.go:138.37,139.20 1 34
github.com/dmytrogajewski/spin/internal/llm/tokenizer.go:139.20,141.3 1 8
github.com/dmytrogajewski/spin/internal/llm/tokenizer.go:144.2,145.21 2 26
github.com/dmytrogajewski/spin/internal/llm/tokenizer.go:145.21,147.3 1 1
github.com/dmytrogajewski/spin/internal/llm/tokenizer.go:149.2,161.28 5 26
github.com/dmytrogajewski/spin/internal/llm/tokenizer.go:161.28,162.34 1 1041
github.com/dmytrogajewski/spin/internal/llm/tokenizer.go:162.34,163.18 1 10029
github.com/dmytrogajewski/spin/internal/llm/tokenizer.go:163.18,165.10 2 54
github.com/dmytrogajewski/spin/internal/llm/tokenizer.go:168.3,168.10 1 1041
github.com/dmytrogajewski/spin/internal/llm/tokenizer.go:172.2,173.30 2 26
github.com/dmytrogajewski/spin/internal/llm/tokenizer.go:173.30,174.40 1 338
github.com/dmytrogajewski/spin/internal/llm/tokenizer.go:174.40,176.4 1 12
github.com/dmytrogajewski/spin/internal/llm/tokenizer.go:180.2,180.71 1 26
github.com/dmytrogajewski/spin/internal/llm/tokenizer.go:180.71,182.3 1 4
github.com/dmytrogajewski/spin/internal/llm/tokenizer.go:185.2,185.70 1 26
github.com/dmytrogajewski/spin/internal/llm/tokenizer.go:185.70,187.3 1 1
github.com/dmytrogajewski/spin/internal/llm/tokenizer.go:191.2,191.50 1 26
github.com/dmytrogajewski/spin/internal/llm/tokenizer.go:196.48,205.33 4 6
github.com/dmytrogajewski/spin/internal/llm/tokenizer.go:205.33,207.3 1 3
github.com/dmytrogajewski/spin/internal/llm/tokenizer.go:210.2,210.23 1 6
github.com/dmytrogajewski/spin/internal/llm/tokenizer.go:210.23,212.3 1 3
github.com/dmytrogajewski/spin/internal/llm/tokenizer.go:212.8,214.3 1 3
github.com/dmytrogajewski/spin/internal/llm/tokenizer.go:216.2,216.14 1 6
github.com/dmytrogajewski/spin/internal/llm/tokenizer.go:220.45,236.2 6 3
github.com/dmytrogajewski/spin/internal/llm/types.go:88.36,89.11 1 7
github.com/dmytrogajewski/spin/internal/llm/types.go:90.29,91.25 1 1
github.com/dmytrogajewski/spin/internal/llm/types.go:92.30,93.27 1 1
github.com/dmytrogajewski/spin/internal/llm/types.go:94.30,95.27 1 1
github.com/dmytrogajewski/spin/internal/llm/types.go:96.33,97.30 1 1
github.com/dmytrogajewski/spin/internal/llm/types.go:98.21,99.16 1 1
github.com/dmytrogajewski/spin/internal/llm/types.go:100.22,101.17 1 1
github.com/dmytrogajewski/spin/internal/llm/types.go:102.10,103.19 1 1
github.com/dmytrogajewski/spin/internal/llm/ollama/provider.go:55.49,56.21 1 32
github.com/dmytrogajewski/spin/internal/llm/ollama/provider.go:56.21,58.3 1 1
github.com/dmytrogajewski/spin/internal/llm/ollama/provider.go:61.2,62.19 2 31
github.com/dmytrogajewski/spin/internal/llm/ollama/provider.go:62.19,64.3 1 11
github.com/dmytrogajewski/spin/internal/llm/ollama/provider.go:67.2,71.18 3 31
github.com/dmytrogajewski/spin/internal/llm/ollama/provider.go:71.18,73.3 1 31
github.com/dmytrogajewski/spin/internal/llm/ollama/provider.go:76.2,87.8 2 31
github.com/dmytrogajewski/spin/internal/llm/ollama/provider.go:91.110,105.16 4 12
github.com/dmytrogajewski/spin/internal/llm/ollama/provider.go:105.16,107.3 1 0
github.com/dmytrogajewski/spin/internal/llm/ollama/provider.go:110.2,111.16 2 12
github.com/dmytrogajewski/spin/internal/llm/ollama/provider.go:111.16,113.3 1 2
github.com/dmytrogajewski/spin/internal/llm/ollama/provider.go:114.2,117.38 2 10
github.com/dmytrogajewski/spin/internal/llm/ollama/provider.go:117.38,119.3 1 5
github.com/dmytrogajewski/spin/internal/llm/ollama/provider.go:122.2,123.68 2 5
github.com/dmytrogajewski/spin/internal/llm/ollama/provider.go:123.68,125.3 1 1
github.com/dmytrogajewski/spin/internal/llm/ollama/provider.go:128.2,128.41 1 4
github.com/dmytrogajewski/spin/internal/llm/ollama/provider.go:132.107,146.16 4 4
github.com/dmytrogajewski/spin/internal/llm/ollama/provider.go:146.16,148.3 1 0
github.com/dmytrogajewski/spin/internal/llm/ollama/provider.go:151.2,152.16 2 4
github.com/dmytrogajewski/spin/internal/llm/ollama/provider.go:152.16,154.3 1 0
github.com/dmytrogajewski/spin/internal/llm/ollama/provider.go:157.2,157.38 1 4
github.com/dmytrogajewski/spin/internal/llm/ollama/provider.go:157.38,160.3 2 1
github.com/dmytrogajewski/spin/internal/llm/ollama/provider.go:163.2,166.12 2 3
github.com/dmytrogajewski/spin/internal/llm/ollama/provider.go:166.12,170.66 3 3
github.com/dmytrogajewski/spin/internal/llm/ollama/provider.go:170.66,175.4 1 0
github.com/dmytrogajewski/spin/internal/llm/ollama/provider.go:178.2,178.20 1 3
github.com/dmytrogajewski/spin/internal/llm/ollama/provider.go:182.69,185.16 2 5
github.com/dmytrogajewski/spin/internal/llm/ollama/provider.go:185.16,187.3 1 0
github.com/dmytrogajewski/spin/internal/llm/ollama/provider.go:190.2,191.16 2 5
github.com/dmytrogajewski/spin/internal/llm/ollama/provider.go:191.16,193.3 1 0
github.com/dmytrogajewski/spin/internal/llm/ollama/provider.go:194.2,197.38 2 5
github.com/dmytrogajewski/spin/internal/llm/ollama/provider.go:197.38,199.3 1 1
github.com/dmytrogajewski/spin/internal/llm/ollama/provider.go:202.2,203.69 2 4
github.com/dmytrogajewski/spin/internal/llm/ollama/provider.go:203.69,205.3 1 1
github.com/dmytrogajewski/spin/internal/llm/ollama/provider.go:208.2,209.36 2 3
github.com/dmytrogajewski/spin/internal/llm/ollama/provider.go:209.36,214.3 1 3
github.com/dmytrogajewski/spin/internal/llm/ollama/provider.go:216.2,216.20 1 3
github.com/dmytrogajewski/spin/internal/llm/ollama/provider.go:220.52,226.2 1 1
github.com/dmytrogajewski/spin/internal/llm/ollama/provider.go:229.34,231.2 1 1
github.com/dmytrogajewski/spin/internal/llm/ollama/provider.go:234.34,236.2 1 1
github.com/dmytrogajewski/spin/internal/llm/ollama/provider.go:239.63,242.31 2 21
github.com/dmytrogajewski/spin/internal/llm/ollama/provider.go:242.31,244.19 2 25
github.com/dmytrogajewski/spin/internal/llm/ollama/provider.go:245.17,246.19 1 1
github.com/dmytrogajewski/spin/internal/llm/ollama/provider.go:247.15,248.17 1 21
github.com/dmytrogajewski/spin/internal/llm/ollama/provider.go:249.20,250.22 1 2
github.com/dmytrogajewski/spin/internal/llm/ollama/provider.go:251.15,252.17 1 1
github.com/dmytrogajewski/spin/internal/llm/ollama/provider.go:253.11,254.17 1 0
github.com/dmytrogajewski/spin/internal/llm/ollama/provider.go:257.3,257.24 1 25
github.com/dmytrogajewski/spin/internal/llm/ollama/provider.go:257.24,259.4 1 25
github.com/dmytrogajewski/spin/internal/llm/ollama/provider.go:263.2,266.18 2 21
github.com/dmytrogajewski/spin/internal/llm/ollama/provider.go:266.18,268.3 1 20
github.com/dmytrogajewski/spin/internal/llm/ollama/provider.go:269.2,271.15 2 21
github.com/dmytrogajewski/spin/internal/llm/ollama/provider.go:275.84,286.15 2 4
github.com/dmytrogajewski/spin/internal/llm/ollama/provider.go:286.15,288.3 1 4
github.com/dmytrogajewski/spin/internal/llm/ollama/provider.go:290.2,290.15 1 4
github.com/dmytrogajewski/spin/internal/llm/ollama/provider.go:294.106,297.21 2 5
github.com/dmytrogajewski/spin/internal/llm/ollama/provider.go:297.21,299.10 1 10
github.com/dmytrogajewski/spin/internal/llm/ollama/provider.go:300.21,301.20 1 1
github.com/dmytrogajewski/spin/internal/llm/ollama/provider.go:302.11,302.11 0 9
github.com/dmytrogajewski/spin/internal/llm/ollama/provider.go:305.3,309.54 3 9
github.com/dmytrogajewski/spin/internal/llm/ollama/provider.go:309.54,310.12 1 1
github.com/dmytrogajewski/spin/internal/llm/ollama/provider.go:314.3,314.27 1 8
github.com/dmytrogajewski/spin/internal/llm/ollama/provider.go:314.27,319.4 1 6
github.com/dmytrogajewski/spin/internal/llm/ollama/provider.go:322.3,322.17 1 8
github.com/dmytrogajewski/spin/internal/llm/ollama/provider.go:322.17,328.4 2 4
github.com/dmytrogajewski/spin/internal/llm/ollama/provider.go:331.2,331.22 1 0
github.com/dmytrogajewski/spin/internal/llm/ollama/provider.go:335.114,338.17 2 23
github.com/dmytrogajewski/spin/internal/llm/ollama/provider.go:338.17,340.17 2 17
github.com/dmytrogajewski/spin/internal/llm/ollama/provider.go:340.17,342.4 1 0
github.com/dmytrogajewski/spin/internal/llm/ollama/provider.go:343.3,343.37 1 17
github.com/dmytrogajewski/spin/internal/llm/ollama/provider.go:346.2,347.16 2 23
github.com/dmytrogajewski/spin/internal/llm/ollama/provider.go:347.16,349.3 1 0
github.com/dmytrogajewski/spin/internal/llm/ollama/provider.go:352.2,354.17 2 23
github.com/dmytrogajewski/spin/internal/llm/ollama/provider.go:358.59,362.16 3 7
github.com/dmytrogajewski/spin/internal/llm/ollama/provider.go:362.16,364.3 1 1
github.com/dmytrogajewski/spin/internal/llm/ollama/provider.go:367.2,367.55 1 6
github.com/dmytrogajewski/spin/internal/llm/ollama/provider.go:367.55,369.3 1 1
github.com/dmytrogajewski/spin/internal/llm/ollama/provider.go:372.2,372.25 1 5
github.com/dmytrogajewski/spin/internal/llm/ollama/provider.go:373.27,374.67 1 2
github.com/dmytrogajewski/spin/internal/llm/ollama/provider.go:375.10,376.67 1 3
github.com/dmytrogajewski/spin/internal/llm/ollama/provider.go:381.50,382.17 1 18
github.com/dmytrogajewski/spin/internal/llm/ollama/provider.go:382.17,384.3 1 2
github.com/dmytrogajewski/spin/internal/llm/ollama/provider.go:385.2,385.16 1 16
github.com/dmytrogajewski/spin/internal/llm/openai/provider.go:44.49,45.23 1 30
github.com/dmytrogajewski/spin/internal/llm/openai/provider.go:45.23,47.3 1 1
github.com/dmytrogajewski/spin/internal/llm/openai/provider.go:50.2,54.18 3 29
github.com/dmytrogajewski/spin/internal/llm/openai/provider.go:54.18,56.3 1 29
github.com/dmytrogajewski/spin/internal/llm/openai/provider.go:59.2,70.8 2 29
github.com/dmytrogajewski/spin/internal/llm/openai/provider.go:74.110,80.16 3 12
github.com/dmytrogajewski/spin/internal/llm/openai/provider.go:80.16,82.3 1 0
github.com/dmytrogajewski/spin/internal/llm/openai/provider.go:85.2,86.16 2 12
github.com/dmytrogajewski/spin/internal/llm/openai/provider.go:86.16,88.3 1 3
github.com/dmytrogajewski/spin/internal/llm/openai/provider.go:89.2,92.38 2 9
github.com/dmytrogajewski/spin/internal/llm/openai/provider.go:92.38,94.3 1 6
github.com/dmytrogajewski/spin/internal/llm/openai/provider.go:97.2,98.68 2 3
github.com/dmytrogajewski/spin/internal/llm/openai/provider.go:98.68,100.3 1 1
github.com/dmytrogajewski/spin/internal/llm/openai/provider.go:103.2,103.41 1 2
github.com/dmytrogajewski/spin/internal/llm/openai/provider.go:107.107,113.16 3 4
github.com/dmytrogajewski/spin/internal/llm/openai/provider.go:113.16,115.3 1 0
github.com/dmytrogajewski/spin/internal/llm/openai/provider.go:118.2,119.16 2 4
github.com/dmytrogajewski/spin/internal/llm/openai/provider.go:119.16,121.3 1 1
github.com/dmytrogajewski/spin/internal/llm/openai/provider.go:124.2,124.38 1 3
github.com/dmytrogajewski/spin/internal/llm/openai/provider.go:124.38,127.3 2 1
github.com/dmytrogajewski/spin/internal/llm/openai/provider.go:130.2,133.12 2 2
github.com/dmytrogajewski/spin/internal/llm/openai/provider.go:133.12,137.66 3 2
github.com/dmytrogajewski/spin/internal/llm/openai/provider.go:137.66,142.4 1 0
github.com/dmytrogajewski/spin/internal/llm/openai/provider.go:145.2,145.20 1 2
github.com/dmytrogajewski/spin/internal/llm/openai/provider.go:149.69,152.16 2 4
github.com/dmytrogajewski/spin/internal/llm/openai/provider.go:152.16,154.3 1 0
github.com/dmytrogajewski/spin/internal/llm/openai/provider.go:157.2,158.16 2 4
github.com/dmytrogajewski/spin/internal/llm/openai/provider.go:158.16,160.3 1 0
github.com/dmytrogajewski/spin/internal/llm/openai/provider.go:161.2,164.38 2 4
github.com/dmytrogajewski/spin/internal/llm/openai/provider.go:164.38,166.3 1 1
github.com/dmytrogajewski/spin/internal/llm/openai/provider.go:169.2,176.67 2 3
github.com/dmytrogajewski/spin/internal/llm/openai/provider.go:176.67,178.3 1 1
github.com/dmytrogajewski/spin/internal/llm/openai/provider.go:181.2,182.32 2 2
github.com/dmytrogajewski/spin/internal/llm/openai/provider.go:182.32,187.3 1 2
github.com/dmytrogajewski/spin/internal/llm/openai/provider.go:189.2,189.20 1 2
github.com/dmytrogajewski/spin/internal/llm/openai/provider.go:193.52,199.2 1 1
github.com/dmytrogajewski/spin/internal/llm/openai/provider.go:202.34,204.2 1 1
github.com/dmytrogajewski/spin/internal/llm/openai/provider.go:207.34,209.2 1 1
github.com/dmytrogajewski/spin/internal/llm/openai/provider.go:212.96,215.35 2 21
github.com/dmytrogajewski/spin/internal/llm/openai/provider.go:215.35,222.29 2 21
github.com/dmytrogajewski/spin/internal/llm/openai/provider.go:222.29,224.37 2 0
github.com/dmytrogajewski/spin/internal/llm/openai/provider.go:224.37,233.5 1 0
github.com/dmytrogajewski/spin/internal/llm/openai/provider.go:234.4,234.31 1 0
github.com/dmytrogajewski/spin/internal/llm/openai/provider.go:238.3,238.27 1 21
github.com/dmytrogajewski/spin/internal/llm/openai/provider.go:238.27,240.4 1 0
github.com/dmytrogajewski/spin/internal/llm/openai/provider.go:242.3,242.18 1 21
github.com/dmytrogajewski/spin/internal/llm/openai/provider.go:246.2,253.23 2 21
github.com/dmytrogajewski/spin/internal/llm/openai/provider.go:253.23,255.3 1 1
github.com/dmytrogajewski/spin/internal/llm/openai/provider.go:257.2,257.25 1 21
github.com/dmytrogajewski/spin/internal/llm/openai/provider.go:257.25,259.3 1 1
github.com/dmytrogajewski/spin/internal/llm/openai/provider.go:262.2,262.24 1 21
github.com/dmytrogajewski/spin/internal/llm/openai/provider.go:262.24,264.34 2 2
github.com/dmytrogajewski/spin/internal/llm/openai/provider.go:264.34,273.4 1 2
github.com/dmytrogajewski/spin/internal/llm/openai/provider.go:274.3,274.24 1 2
github.com/dmytrogajewski/spin/internal/llm/openai/provider.go:277.2,277.13 1 21
github.com/dmytrogajewski/spin/internal/llm/openai/provider.go:281.90,282.28 1 3
github.com/dmytrogajewski/spin/internal/llm/openai/provider.go:282.28,287.3 1 1
github.com/dmytrogajewski/spin/internal/llm/openai/provider.go:289.2,303.39 3 2
github.com/dmytrogajewski/spin/internal/llm/openai/provider.go:303.39,305.47 2 1
github.com/dmytrogajewski/spin/internal/llm/openai/provider.go:305.47,314.4 1 1
github.com/dmytrogajewski/spin/internal/llm/openai/provider.go:317.2,317.15 1 2
github.com/dmytrogajewski/spin/internal/llm/openai/provider.go:321.106,323.2 1 3
github.com/dmytrogajewski/spin/internal/llm/openai/provider.go:326.70,328.53 2 4
github.com/dmytrogajewski/spin/internal/llm/openai/provider.go:328.53,330.3 1 0
github.com/dmytrogajewski/spin/internal/llm/openai/provider.go:331.2,331.36 1 4
github.com/dmytrogajewski/spin/internal/llm/openai/provider.go:335.78,336.29 1 7
github.com/dmytrogajewski/spin/internal/llm/openai/provider.go:336.29,338.3 1 1
github.com/dmytrogajewski/spin/internal/llm/openai/provider.go:340.2,344.25 3 6
github.com/dmytrogajewski/spin/internal/llm/openai/provider.go:344.25,349.3 1 2
github.com/dmytrogajewski/spin/internal/llm/openai/provider.go:352.2,352.30 1 4
github.com/dmytrogajewski/spin/internal/llm/openai/provider.go:352.30,365.3 2 1
github.com/dmytrogajewski/spin/internal/llm/openai/provider.go:368.2,368.62 1 3
github.com/dmytrogajewski/spin/internal/llm/openai/provider.go:368.62,373.3 1 2
github.com/dmytrogajewski/spin/internal/llm/openai/provider.go:375.2,375.12 1 1
github.com/dmytrogajewski/spin/internal/llm/openai/provider.go:379.114,382.17 2 23
github.com/dmytrogajewski/spin/internal/llm/openai/provider.go:382.17,384.17 2 17
github.com/dmytrogajewski/spin/internal/llm/openai/provider.go:384.17,386.4 1 0
github.com/dmytrogajewski/spin/internal/llm/openai/provider.go:387.3,387.37 1 17
github.com/dmytrogajewski/spin/internal/llm/openai/provider.go:390.2,391.16 2 23
github.com/dmytrogajewski/spin/internal/llm/openai/provider.go:391.16,393.3 1 0
github.com/dmytrogajewski/spin/internal/llm/openai/provider.go:396.2,396.20 1 23
github.com/dmytrogajewski/spin/internal/llm/openai/provider.go:396.20,398.3 1 8
github.com/dmytrogajewski/spin/internal/llm/openai/provider.go:399.2,401.17 2 23
github.com/dmytrogajewski/spin/internal/llm/openai/provider.go:405.59,409.16 3 8
github.com/dmytrogajewski/spin/internal/llm/openai/provider.go:409.16,411.3 1 1
github.com/dmytrogajewski/spin/internal/llm/openai/provider.go:414.2,414.55 1 7
github.com/dmytrogajewski/spin/internal/llm/openai/provider.go:414.55,416.3 1 1
github.com/dmytrogajewski/spin/internal/llm/openai/provider.go:419.2,419.25 1 6
github.com/dmytrogajewski/spin/internal/llm/openai/provider.go:420.31,421.63 1 3
github.com/dmytrogajewski/spin/internal/llm/openai/provider.go:422.34,423.73 1 0
github.com/dmytrogajewski/spin/internal/llm/openai/provider.go:424.69,425.63 1 2
github.com/dmytrogajewski/spin/internal/llm/openai/provider.go:426.10,427.75 1 1
github.com/dmytrogajewski/spin/internal/llm/openai/provider.go:432.50,433.17 1 23
github.com/dmytrogajewski/spin/internal/llm/openai/provider.go:433.17,435.3 1 2
github.com/dmytrogajewski/spin/internal/llm/openai/provider.go:436.2,436.16 1 21
